Log file open, 11/01/19 18:31:19
LogWindows: Failed to load 'aqProf.dll' (GetLastError=126)
LogWindows: File 'aqProf.dll' does not exist
LogWindows: Failed to load 'VtuneApi.dll' (GetLastError=126)
LogWindows: File 'VtuneApi.dll' does not exist
LogWindows: Failed to load 'VtuneApi32e.dll' (GetLastError=126)
LogWindows: File 'VtuneApi32e.dll' does not exist
LogInit: Display: Running engine for game: Shooter
LogPlatformFile: Not using cached read wrapper
LogInit: Display: RandInit(-148913919) SRandInit(-148913919).
LogInit: Read version file with build ID '3944462'
LogInit: Overriding engine version to CL 4033788, compatible CL 3944462
LogInit: Registered custom module enumerator with build ID '3944462'
LogTaskGraph: Started task graph with 5 named threads and 23 total threads with 3 sets of task threads.
LogStats: Stats thread started at 0.284059
LogD3D11RHI: Aftermath initialized
LogICUInternationalization: Display: ICU TimeZone Detection - Raw Offset: +8:00, Platform Override: ''
LogPluginManager: Mounting plugin Paper2D
LogPluginManager: Mounting plugin LiveLink
LogPluginManager: Mounting plugin LightPropagationVolume
LogPluginManager: Mounting plugin CLionSourceCodeAccess
LogPluginManager: Mounting plugin CodeLiteSourceCodeAccess
LogPluginManager: Mounting plugin GitSourceControl
LogPluginManager: Mounting plugin KDevelopSourceCodeAccess
LogPluginManager: Mounting plugin NullSourceCodeAccess
LogPluginManager: Mounting plugin PerforceSourceControl
LogPluginManager: Mounting plugin SubversionSourceControl
LogPluginManager: Mounting plugin UObjectPlugin
LogPluginManager: Mounting plugin VisualStudioCodeSourceCodeAccess
LogPluginManager: Mounting plugin VisualStudioSourceCodeAccess
LogPluginManager: Mounting plugin XCodeSourceCodeAccess
LogPluginManager: Mounting plugin AssetManagerEditor
LogPluginManager: Mounting plugin CryptoKeys
LogPluginManager: Mounting plugin DataValidation
LogPluginManager: Mounting plugin FacialAnimation
LogPluginManager: Mounting plugin GameplayTagsEditor
LogPluginManager: Mounting plugin MobileLauncherProfileWizard
LogPluginManager: Mounting plugin PluginBrowser
LogPluginManager: Mounting plugin SpeedTreeImporter
LogPluginManager: Mounting plugin DatasmithContent
LogPluginManager: Mounting plugin AlembicImporter
LogPluginManager: Mounting plugin CharacterAI
LogPluginManager: Mounting plugin HTML5Networking
LogPluginManager: Mounting plugin AndroidMedia
LogPluginManager: Mounting plugin AvfMedia
LogPluginManager: Mounting plugin ImgMedia
LogPluginManager: Mounting plugin LinearTimecode
LogPluginManager: Mounting plugin MediaCompositing
LogPluginManager: Mounting plugin MediaPlayerEditor
LogPluginManager: Mounting plugin WmfMedia
LogPluginManager: Mounting plugin TcpMessaging
LogPluginManager: Mounting plugin UdpMessaging
LogPluginManager: Mounting plugin ActorSequence
LogPluginManager: Mounting plugin LevelSequenceEditor
LogPluginManager: Mounting plugin MatineeToLevelSequence
LogPluginManager: Mounting plugin NetcodeUnitTest
LogPluginManager: Mounting plugin NUTUnrealEngine4
LogPluginManager: Mounting plugin OnlineSubsystemGooglePlay
LogPluginManager: Mounting plugin OnlineSubsystemIOS
LogPluginManager: Mounting plugin OnlineSubsystem
LogPluginManager: Mounting plugin OnlineSubsystemNull
LogPluginManager: Mounting plugin OnlineSubsystemUtils
LogPluginManager: Mounting plugin AndroidDeviceProfileSelector
LogPluginManager: Mounting plugin AndroidMoviePlayer
LogPluginManager: Mounting plugin AndroidPermission
LogPluginManager: Mounting plugin AppleARKit
LogPluginManager: Mounting plugin AppleMoviePlayer
LogPluginManager: Mounting plugin ArchVisCharacter
LogPluginManager: Mounting plugin AudioCapture
LogPluginManager: Mounting plugin CableComponent
LogPluginManager: Mounting plugin CustomMeshComponent
LogPluginManager: Mounting plugin ExampleDeviceProfileSelector
LogPluginManager: Mounting plugin GoogleCloudMessaging
LogPluginManager: Mounting plugin ImmediatePhysics
LogPluginManager: Mounting plugin IOSDeviceProfileSelector
LogPluginManager: Mounting plugin LinuxDeviceProfileSelector
LogPluginManager: Mounting plugin LocationServicesBPLibrary
LogPluginManager: Mounting plugin MobilePatchingUtils
LogPluginManager: Mounting plugin OculusVR
LogPluginManager: Plugin shader directory ../../../Engine/Plugins/Runtime/Oculus/OculusVR/Shaders found
LogPluginManager: Mapping shader source directory ../../../Engine/Plugins/Runtime/Oculus/OculusVR/Shaders to virtual directory /Plugin/OculusVR
LogPluginManager: Mounting plugin PhysXVehicles
LogPluginManager: Mounting plugin ProceduralMeshComponent
LogPluginManager: Mounting plugin RuntimePhysXCooking
LogPluginManager: Mounting plugin SteamVR
LogPluginManager: Mounting plugin WindowsMoviePlayer
LogStreaming: Display: Took  0.114s to configure plugins.
LogModuleManager: Display: Found up-to-date module file E:/UE projects/FPS_OL/UE4_FPS_Game/Shooter/Binaries/Win64/UE4Editor-Shooter-4127.dll (API version 3944462).
LogModuleManager: Display: Found up-to-date module file ../../../Engine/Plugins/2D/Paper2D/Binaries/Win64/UE4Editor-Paper2D.dll (API version 3944462).
LogModuleManager: Display: Found up-to-date module file ../../../Engine/Plugins/2D/Paper2D/Binaries/Win64/UE4Editor-Paper2DEditor.dll (API version 3944462).
LogModuleManager: Display: Found up-to-date module file ../../../Engine/Plugins/2D/Paper2D/Binaries/Win64/UE4Editor-PaperSpriteSheetImporter.dll (API version 3944462).
LogModuleManager: Display: Found up-to-date module file ../../../Engine/Plugins/2D/Paper2D/Binaries/Win64/UE4Editor-PaperTiledImporter.dll (API version 3944462).
LogModuleManager: Display: Found up-to-date module file ../../../Engine/Plugins/2D/Paper2D/Binaries/Win64/UE4Editor-SmartSnapping.dll (API version 3944462).
LogModuleManager: Display: Found up-to-date module file ../../../Engine/Plugins/Animation/LiveLink/Binaries/Win64/UE4Editor-LiveLink.dll (API version 3944462).
LogModuleManager: Display: Found up-to-date module file ../../../Engine/Plugins/Animation/LiveLink/Binaries/Win64/UE4Editor-LiveLinkEditor.dll (API version 3944462).
LogModuleManager: Display: Found up-to-date module file ../../../Engine/Plugins/Blendables/LightPropagationVolume/Binaries/Win64/UE4Editor-LightPropagationVolumeRuntime.dll (API version 3944462).
LogModuleManager: Display: Found up-to-date module file ../../../Engine/Plugins/Blendables/LightPropagationVolume/Binaries/Win64/UE4Editor-LightPropagationVolumeEditor.dll (API version 3944462).
LogModuleManager: Display: Found up-to-date module file ../../../Engine/Plugins/Developer/CLionSourceCodeAccess/Binaries/Win64/UE4Editor-CLionSourceCodeAccess.dll (API version 3944462).
LogModuleManager: Display: Found up-to-date module file ../../../Engine/Plugins/Developer/GitSourceControl/Binaries/Win64/UE4Editor-GitSourceControl.dll (API version 3944462).
LogModuleManager: Display: Found up-to-date module file ../../../Engine/Plugins/Developer/PerforceSourceControl/Binaries/Win64/UE4Editor-PerforceSourceControl.dll (API version 3944462).
LogModuleManager: Display: Found up-to-date module file ../../../Engine/Plugins/Developer/SubversionSourceControl/Binaries/Win64/UE4Editor-SubversionSourceControl.dll (API version 3944462).
LogModuleManager: Display: Found up-to-date module file ../../../Engine/Plugins/Developer/UObjectPlugin/Binaries/Win64/UE4Editor-UObjectPlugin.dll (API version 3944462).
LogModuleManager: Display: Found up-to-date module file ../../../Engine/Plugins/Developer/VisualStudioCodeSourceCodeAccess/Binaries/Win64/UE4Editor-VisualStudioCodeSourceCodeAccess.dll (API version 3944462).
LogModuleManager: Display: Found up-to-date module file ../../../Engine/Plugins/Developer/VisualStudioSourceCodeAccess/Binaries/Win64/UE4Editor-VisualStudioSourceCodeAccess.dll (API version 3944462).
LogModuleManager: Display: Found up-to-date module file ../../../Engine/Plugins/Editor/AssetManagerEditor/Binaries/Win64/UE4Editor-AssetManagerEditor.dll (API version 3944462).
LogModuleManager: Display: Found up-to-date module file ../../../Engine/Plugins/Editor/CryptoKeys/Binaries/Win64/UE4Editor-CryptoKeys.dll (API version 3944462).
LogModuleManager: Display: Found up-to-date module file ../../../Engine/Plugins/Editor/CryptoKeys/Binaries/Win64/UE4Editor-CryptoKeysOpenSSL.dll (API version 3944462).
LogModuleManager: Display: Found up-to-date module file ../../../Engine/Plugins/Editor/DataValidation/Binaries/Win64/UE4Editor-DataValidation.dll (API version 3944462).
LogModuleManager: Display: Found up-to-date module file ../../../Engine/Plugins/Editor/FacialAnimation/Binaries/Win64/UE4Editor-FacialAnimation.dll (API version 3944462).
LogModuleManager: Display: Found up-to-date module file ../../../Engine/Plugins/Editor/FacialAnimation/Binaries/Win64/UE4Editor-FacialAnimationEditor.dll (API version 3944462).
LogModuleManager: Display: Found up-to-date module file ../../../Engine/Plugins/Editor/GameplayTagsEditor/Binaries/Win64/UE4Editor-GameplayTagsEditor.dll (API version 3944462).
LogModuleManager: Display: Found up-to-date module file ../../../Engine/Plugins/Editor/MobileLauncherProfileWizard/Binaries/Win64/UE4Editor-MobileLauncherProfileWizard.dll (API version 3944462).
LogModuleManager: Display: Found up-to-date module file ../../../Engine/Plugins/Editor/PluginBrowser/Binaries/Win64/UE4Editor-PluginBrowser.dll (API version 3944462).
LogModuleManager: Display: Found up-to-date module file ../../../Engine/Plugins/Editor/SpeedTreeImporter/Binaries/Win64/UE4Editor-SpeedTreeImporter.dll (API version 3944462).
LogModuleManager: Display: Found up-to-date module file ../../../Engine/Plugins/Enterprise/DatasmithContent/Binaries/Win64/UE4Editor-DatasmithContent.dll (API version 3944462).
LogModuleManager: Display: Found up-to-date module file ../../../Engine/Plugins/Experimental/AlembicImporter/Binaries/Win64/UE4Editor-AlembicImporter.dll (API version 3944462).
LogModuleManager: Display: Found up-to-date module file ../../../Engine/Plugins/Experimental/AlembicImporter/Binaries/Win64/UE4Editor-AlembicLibrary.dll (API version 3944462).
LogModuleManager: Display: Found up-to-date module file ../../../Engine/Plugins/Experimental/CharacterAI/Binaries/Win64/UE4Editor-CharacterAI.dll (API version 3944462).
LogModuleManager: Display: Found up-to-date module file ../../../Engine/Plugins/Experimental/HTML5Networking/Binaries/Win64/UE4Editor-HTML5Networking.dll (API version 3944462).
LogModuleManager: Display: Found up-to-date module file ../../../Engine/Plugins/Media/AndroidMedia/Binaries/Win64/UE4Editor-AndroidMediaEditor.dll (API version 3944462).
LogModuleManager: Display: Found up-to-date module file ../../../Engine/Plugins/Media/AndroidMedia/Binaries/Win64/UE4Editor-AndroidMediaFactory.dll (API version 3944462).
LogModuleManager: Display: Found up-to-date module file ../../../Engine/Plugins/Media/AvfMedia/Binaries/Win64/UE4Editor-AvfMediaEditor.dll (API version 3944462).
LogModuleManager: Display: Found up-to-date module file ../../../Engine/Plugins/Media/AvfMedia/Binaries/Win64/UE4Editor-AvfMediaFactory.dll (API version 3944462).
LogModuleManager: Display: Found up-to-date module file ../../../Engine/Plugins/Media/AvfMedia/Binaries/Win64/UE4Editor-AvfMediaFactory.dll (API version 3944462).
LogModuleManager: Display: Found up-to-date module file ../../../Engine/Plugins/Media/ImgMedia/Binaries/Win64/UE4Editor-ImgMedia.dll (API version 3944462).
LogModuleManager: Display: Found up-to-date module file ../../../Engine/Plugins/Media/ImgMedia/Binaries/Win64/UE4Editor-ImgMediaEditor.dll (API version 3944462).
LogModuleManager: Display: Found up-to-date module file ../../../Engine/Plugins/Media/ImgMedia/Binaries/Win64/UE4Editor-ImgMediaFactory.dll (API version 3944462).
LogModuleManager: Display: Found up-to-date module file ../../../Engine/Plugins/Media/ImgMedia/Binaries/Win64/UE4Editor-ImgMediaFactory.dll (API version 3944462).
LogModuleManager: Display: Found up-to-date module file ../../../Engine/Plugins/Media/ImgMedia/Binaries/Win64/UE4Editor-OpenExrWrapper.dll (API version 3944462).
LogModuleManager: Display: Found up-to-date module file ../../../Engine/Plugins/Media/LinearTimecode/Binaries/Win64/UE4Editor-LinearTimecode.dll (API version 3944462).
LogModuleManager: Display: Found up-to-date module file ../../../Engine/Plugins/Media/MediaCompositing/Binaries/Win64/UE4Editor-MediaCompositing.dll (API version 3944462).
LogModuleManager: Display: Found up-to-date module file ../../../Engine/Plugins/Media/MediaCompositing/Binaries/Win64/UE4Editor-MediaCompositingEditor.dll (API version 3944462).
LogModuleManager: Display: Found up-to-date module file ../../../Engine/Plugins/Media/MediaPlayerEditor/Binaries/Win64/UE4Editor-MediaPlayerEditor.dll (API version 3944462).
LogModuleManager: Display: Found up-to-date module file ../../../Engine/Plugins/Media/WmfMedia/Binaries/Win64/UE4Editor-WmfMedia.dll (API version 3944462).
LogModuleManager: Display: Found up-to-date module file ../../../Engine/Plugins/Media/WmfMedia/Binaries/Win64/UE4Editor-WmfMediaEditor.dll (API version 3944462).
LogModuleManager: Display: Found up-to-date module file ../../../Engine/Plugins/Media/WmfMedia/Binaries/Win64/UE4Editor-WmfMediaFactory.dll (API version 3944462).
LogModuleManager: Display: Found up-to-date module file ../../../Engine/Plugins/Media/WmfMedia/Binaries/Win64/UE4Editor-WmfMediaFactory.dll (API version 3944462).
LogModuleManager: Display: Found up-to-date module file ../../../Engine/Plugins/Messaging/TcpMessaging/Binaries/Win64/UE4Editor-TcpMessaging.dll (API version 3944462).
LogModuleManager: Display: Found up-to-date module file ../../../Engine/Plugins/Messaging/UdpMessaging/Binaries/Win64/UE4Editor-UdpMessaging.dll (API version 3944462).
LogModuleManager: Display: Found up-to-date module file ../../../Engine/Plugins/MovieScene/ActorSequence/Binaries/Win64/UE4Editor-ActorSequence.dll (API version 3944462).
LogModuleManager: Display: Found up-to-date module file ../../../Engine/Plugins/MovieScene/LevelSequenceEditor/Binaries/Win64/UE4Editor-LevelSequenceEditor.dll (API version 3944462).
LogModuleManager: Display: Found up-to-date module file ../../../Engine/Plugins/MovieScene/MatineeToLevelSequence/Binaries/Win64/UE4Editor-MatineeToLevelSequence.dll (API version 3944462).
LogModuleManager: Display: Found up-to-date module file ../../../Engine/Plugins/NetcodeUnitTest/NetcodeUnitTest/Binaries/Win64/UE4Editor-NetcodeUnitTest.dll (API version 3944462).
LogModuleManager: Display: Found up-to-date module file ../../../Engine/Plugins/NetcodeUnitTest/NUTUnrealEngine4/Binaries/Win64/UE4Editor-NUTUnrealEngine4.dll (API version 3944462).
LogModuleManager: Display: Found up-to-date module file ../../../Engine/Plugins/Online/OnlineSubsystem/Binaries/Win64/UE4Editor-OnlineSubsystem.dll (API version 3944462).
LogModuleManager: Display: Found up-to-date module file ../../../Engine/Plugins/Online/OnlineSubsystemNull/Binaries/Win64/UE4Editor-OnlineSubsystemNull.dll (API version 3944462).
LogModuleManager: Display: Found up-to-date module file ../../../Engine/Plugins/Online/OnlineSubsystemUtils/Binaries/Win64/UE4Editor-OnlineSubsystemUtils.dll (API version 3944462).
LogModuleManager: Display: Found up-to-date module file ../../../Engine/Plugins/Online/OnlineSubsystemUtils/Binaries/Win64/UE4Editor-OnlineBlueprintSupport.dll (API version 3944462).
LogModuleManager: Display: Found up-to-date module file ../../../Engine/Plugins/Runtime/AndroidDeviceProfileSelector/Binaries/Win64/UE4Editor-AndroidDeviceProfileSelector.dll (API version 3944462).
LogModuleManager: Display: Found up-to-date module file ../../../Engine/Plugins/Runtime/AndroidPermission/Binaries/Win64/UE4Editor-AndroidPermission.dll (API version 3944462).
LogModuleManager: Display: Found up-to-date module file ../../../Engine/Plugins/Runtime/AppleARKit/Binaries/Win64/UE4Editor-AppleARKit.dll (API version 3944462).
LogModuleManager: Display: Found up-to-date module file ../../../Engine/Plugins/Runtime/ArchVisCharacter/Binaries/Win64/UE4Editor-ArchVisCharacter.dll (API version 3944462).
LogModuleManager: Display: Found up-to-date module file ../../../Engine/Plugins/Runtime/AudioCapture/Binaries/Win64/UE4Editor-AudioCapture.dll (API version 3944462).
LogModuleManager: Display: Found up-to-date module file ../../../Engine/Plugins/Runtime/AudioCapture/Binaries/Win64/UE4Editor-AudioCaptureEditor.dll (API version 3944462).
LogModuleManager: Display: Found up-to-date module file ../../../Engine/Plugins/Runtime/CableComponent/Binaries/Win64/UE4Editor-CableComponent.dll (API version 3944462).
LogModuleManager: Display: Found up-to-date module file ../../../Engine/Plugins/Runtime/CustomMeshComponent/Binaries/Win64/UE4Editor-CustomMeshComponent.dll (API version 3944462).
LogModuleManager: Display: Found up-to-date module file ../../../Engine/Plugins/Runtime/ExampleDeviceProfileSelector/Binaries/Win64/UE4Editor-ExampleDeviceProfileSelector.dll (API version 3944462).
LogModuleManager: Display: Found up-to-date module file ../../../Engine/Plugins/Runtime/ImmediatePhysics/Binaries/Win64/UE4Editor-ImmediatePhysics.dll (API version 3944462).
LogModuleManager: Display: Found up-to-date module file ../../../Engine/Plugins/Runtime/ImmediatePhysics/Binaries/Win64/UE4Editor-ImmediatePhysicsEditor.dll (API version 3944462).
LogModuleManager: Display: Found up-to-date module file ../../../Engine/Plugins/Runtime/LocationServicesBPLibrary/Binaries/Win64/UE4Editor-LocationServicesBPLibrary.dll (API version 3944462).
LogModuleManager: Display: Found up-to-date module file ../../../Engine/Plugins/Runtime/MobilePatchingUtils/Binaries/Win64/UE4Editor-MobilePatchingUtils.dll (API version 3944462).
LogModuleManager: Display: Found up-to-date module file ../../../Engine/Plugins/Runtime/Oculus/OculusVR/Binaries/Win64/UE4Editor-OculusHMD.dll (API version 3944462).
LogModuleManager: Display: Found up-to-date module file ../../../Engine/Plugins/Runtime/Oculus/OculusVR/Binaries/Win64/UE4Editor-OculusInput.dll (API version 3944462).
LogModuleManager: Display: Found up-to-date module file ../../../Engine/Plugins/Runtime/Oculus/OculusVR/Binaries/Win64/UE4Editor-OculusEditor.dll (API version 3944462).
LogModuleManager: Display: Found up-to-date module file ../../../Engine/Plugins/Runtime/PhysXVehicles/Binaries/Win64/UE4Editor-PhysXVehicles.dll (API version 3944462).
LogModuleManager: Display: Found up-to-date module file ../../../Engine/Plugins/Runtime/PhysXVehicles/Binaries/Win64/UE4Editor-PhysXVehiclesEditor.dll (API version 3944462).
LogModuleManager: Display: Found up-to-date module file ../../../Engine/Plugins/Runtime/ProceduralMeshComponent/Binaries/Win64/UE4Editor-ProceduralMeshComponent.dll (API version 3944462).
LogModuleManager: Display: Found up-to-date module file ../../../Engine/Plugins/Runtime/ProceduralMeshComponent/Binaries/Win64/UE4Editor-ProceduralMeshComponentEditor.dll (API version 3944462).
LogModuleManager: Display: Found up-to-date module file ../../../Engine/Plugins/Runtime/RuntimePhysXCooking/Binaries/Win64/UE4Editor-RuntimePhysXCooking.dll (API version 3944462).
LogModuleManager: Display: Found up-to-date module file ../../../Engine/Plugins/Runtime/Steam/SteamVR/Binaries/Win64/UE4Editor-SteamVR.dll (API version 3944462).
LogModuleManager: Display: Found up-to-date module file ../../../Engine/Plugins/Runtime/Steam/SteamVR/Binaries/Win64/UE4Editor-SteamVRController.dll (API version 3944462).
LogModuleManager: Display: Found up-to-date module file ../../../Engine/Plugins/Runtime/WindowsMoviePlayer/Binaries/Win64/UE4Editor-WindowsMoviePlayer.dll (API version 3944462).
LogInit: Using libcurl 7.47.1
LogInit:  - built for x86_64-pc-win32
LogInit:  - supports SSL with OpenSSL/1.0.2g
LogInit:  - supports HTTP deflate (compression) using libz 1.2.8
LogInit:  - other features:
LogInit:      CURL_VERSION_SSL
LogInit:      CURL_VERSION_LIBZ
LogInit:      CURL_VERSION_IPV6
LogInit:      CURL_VERSION_ASYNCHDNS
LogInit:      CURL_VERSION_LARGEFILE
LogInit:      CURL_VERSION_IDN
LogInit:  CurlRequestOptions (configurable via config and command line):
LogInit:  - bVerifyPeer = false  - Libcurl will NOT verify peer certificate
LogInit:  - bUseHttpProxy = false  - Libcurl will NOT use HTTP proxy
LogInit:  - bDontReuseConnections = false  - Libcurl will reuse connections
LogInit:  - CertBundlePath = nullptr  - Libcurl will use whatever was configured at build time.
LogInit:  - MaxHostConnections = 16  - Libcurl will limit the number of connections to a host
LogInit:  - LocalHostAddr = Default
LogInit: WinSock: version 1.1 (2.2), MaxSocks=32767, MaxUdp=65467
LogInit: WinSock: I am DESKTOP-N37MKPN (192.168.1.101:0)
LogInit: Build: ++UE4+Release-4.19-CL-4033788
LogInit: Engine Version: 4.19.2-4033788+++UE4+Release-4.19
LogInit: Compatible Engine Version: 4.19.0-3944462+++UE4+Release-4.19
LogInit: Net CL: 3944462
LogDevObjectVersion: Number of dev versions registered: 18
LogDevObjectVersion:   Dev-Blueprints (B0D832E4-1F89-4F0D-ACCF-7EB736FD4AA2): 10
LogDevObjectVersion:   Dev-Build (E1C64328-A22C-4D53-A36C-8E866417BD8C): 0
LogDevObjectVersion:   Dev-Core (375EC13C-06E4-48FB-B500-84F0262A717E): 2
LogDevObjectVersion:   Dev-Editor (E4B068ED-F494-42E9-A231-DA0B2E46BB41): 23
LogDevObjectVersion:   Dev-Framework (CFFC743F-43B0-4480-9391-14DF171D2073): 33
LogDevObjectVersion:   Dev-Mobile (B02B49B5-BB20-44E9-A304-32B752E40360): 2
LogDevObjectVersion:   Dev-Networking (A4E4105C-59A1-49B5-A7C5-40C4547EDFEE): 0
LogDevObjectVersion:   Dev-Online (39C831C9-5AE6-47DC-9A44-9C173E1C8E7C): 0
LogDevObjectVersion:   Dev-Physics (78F01B33-EBEA-4F98-B9B4-84EACCB95AA2): 0
LogDevObjectVersion:   Dev-Platform (6631380F-2D4D-43E0-8009-CF276956A95A): 0
LogDevObjectVersion:   Dev-Rendering (12F88B9F-8875-4AFC-A67C-D90C383ABD29): 25
LogDevObjectVersion:   Dev-Sequencer (7B5AE74C-D270-4C10-A958-57980B212A5A): 6
LogDevObjectVersion:   Dev-VR (D7296918-1DD6-4BDD-9DE2-64A83CC13884): 1
LogDevObjectVersion:   Dev-LoadTimes (C2A15278-BFE7-4AFE-6C17-90FF531DF755): 1
LogDevObjectVersion:   Private-Geometry (6EACA3D4-40EC-4CC1-B786-8BED09428FC5): 2
LogDevObjectVersion:   Dev-AnimPhys (29E575DD-E0A3-4627-9D10-D276232CDCEA): 16
LogDevObjectVersion:   Dev-ReflectionCapture (6B266CEC-1EC7-4B8F-A30B-E4D90942FC07): 1
LogDevObjectVersion:   Dev-Automation (0DF73D61-A23F-47EA-B727-89E90C41499A): 1
LogInit: Compiled (64-bit): Apr 27 2018 02:06:57
LogInit: Compiled with Visual C++: 19.00.24215.01
LogInit: Build Configuration: Development
LogInit: Branch Name: ++UE4+Release-4.19
LogInit: Command Line: 
LogInit: Base Directory: C:/Program Files/Epic Games/UE_4.19/Engine/Binaries/Win64/
LogInit: Installed Engine Build: 1
LogStreaming: Display: Took  0.001s to delete old logs.
LogInit: Presizing for max 8388607 objects, including 0 objects not considered by GC, pre-allocating 0 bytes for permanent pool.
LogInit: Object subsystem initialized
[2019.11.01-10.31.20:982][  0]LogInit: Selected Device Profile: [Windows]
[2019.11.01-10.31.20:982][  0]LogInit: Applying CVar settings loaded from the selected device profile: [Windows]
[2019.11.01-10.31.20:990][  0]LogInit: Computer: DESKTOP-N37MKPN
[2019.11.01-10.31.20:990][  0]LogInit: User: ZHENGYANG
[2019.11.01-10.31.20:990][  0]LogInit: CPU Page size=4096, Cores=4
[2019.11.01-10.31.20:990][  0]LogInit: High frequency timer resolution =10.000000 MHz
[2019.11.01-10.31.20:991][  0]LogMemory: Memory total: Physical=15.9GB (16GB approx)
[2019.11.01-10.31.20:991][  0]LogMemory: Platform Memory Stats for Windows
[2019.11.01-10.31.20:991][  0]LogMemory: Process Physical Memory: 275.51 MB used, 275.52 MB peak
[2019.11.01-10.31.20:991][  0]LogMemory: Process Virtual Memory: 264.75 MB used, 264.75 MB peak
[2019.11.01-10.31.20:991][  0]LogMemory: Physical Memory: 6885.25 MB used,  9380.52 MB free, 16265.77 MB total
[2019.11.01-10.31.20:991][  0]LogMemory: Virtual Memory: 4778.85 MB used,  9380.52 MB free, 134217728.00 MB total
[2019.11.01-10.31.21:013][  0]LogInit: Using OS detected language (en-GB).
[2019.11.01-10.31.21:013][  0]LogInit: Using OS detected locale (en-GB).
[2019.11.01-10.31.21:016][  0]LogTextLocalizationManager: No specific localization for 'en-GB' exists, so the 'en' localization will be used.
[2019.11.01-10.31.21:440][  0]LogStreaming: Display: Took  0.427s to EndInitTextLocalization.
[2019.11.01-10.31.21:440][  0]LogInit: Setting process to per monitor DPI aware
[2019.11.01-10.31.21:474][  0]LogSlate: New Slate User Created.  User Index 0, Is Virtual User: 0
[2019.11.01-10.31.21:474][  0]LogSlate: Slate User Registered.  User Index 0, Is Virtual User: 0
[2019.11.01-10.31.21:700][  0]LogD3D11RHI: D3D11 adapters:
[2019.11.01-10.31.21:769][  0]LogD3D11RHI:    0. 'NVIDIA GeForce GTX 1060' (Feature Level 11_0)
[2019.11.01-10.31.21:769][  0]LogD3D11RHI:       2987/0/8132 MB DedicatedVideo/DedicatedSystem/SharedSystem, Outputs:1, VendorId:0x10de
[2019.11.01-10.31.21:785][  0]LogD3D11RHI:    1. 'Intel(R) HD Graphics 630' (Feature Level 11_0)
[2019.11.01-10.31.21:785][  0]LogD3D11RHI:       128/0/8132 MB DedicatedVideo/DedicatedSystem/SharedSystem, Outputs:0, VendorId:0x8086
[2019.11.01-10.31.21:787][  0]LogD3D11RHI:    2. 'Microsoft Basic Render Driver' (Feature Level 11_0)
[2019.11.01-10.31.21:787][  0]LogD3D11RHI:       0/0/8132 MB DedicatedVideo/DedicatedSystem/SharedSystem, Outputs:0, VendorId:0x1414
[2019.11.01-10.31.21:787][  0]LogD3D11RHI: Chosen D3D11 Adapter: 0
[2019.11.01-10.31.21:817][  0]LogD3D11RHI: Creating new Direct3DDevice
[2019.11.01-10.31.21:817][  0]LogD3D11RHI:     GPU DeviceId: 0x1c20 (for the marketing name, search the web for "GPU Device Id")
[2019.11.01-10.31.21:817][  0]LogWindows: EnumDisplayDevices:
[2019.11.01-10.31.21:817][  0]LogWindows:    0. 'Intel(R) HD Graphics 630' (P:1 D:1)
[2019.11.01-10.31.21:818][  0]LogWindows:    1. 'Intel(R) HD Graphics 630' (P:0 D:0)
[2019.11.01-10.31.21:818][  0]LogWindows:    2. 'Intel(R) HD Graphics 630' (P:0 D:0)
[2019.11.01-10.31.21:819][  0]LogWindows:    3. 'NVIDIA GeForce GTX 1060' (P:0 D:0)
[2019.11.01-10.31.21:819][  0]LogWindows:    4. 'NVIDIA GeForce GTX 1060' (P:0 D:0)
[2019.11.01-10.31.21:820][  0]LogWindows:    5. 'NVIDIA GeForce GTX 1060' (P:0 D:0)
[2019.11.01-10.31.21:820][  0]LogWindows:    6. 'NVIDIA GeForce GTX 1060' (P:0 D:0)
[2019.11.01-10.31.21:820][  0]LogWindows: DebugString: GetVideoDriverDetailsInvalid PrimaryIsNotTheChoosenAdapter GetVideoDriverDetailsInvalid PrimaryIsNotTheChoosenAdapter GetVideoDriverDetailsInvalid PrimaryIsNotTheChoosenAdapter GetVideoDriverDetailsInvalid PrimaryIsNotTheChoosenAdapter GetVideoDriverDetailsInvalid PrimaryIsNotTheChoosenAdapter GetVideoDriverDetailsInvalid PrimaryIsNotTheChoosenAdapter GetVideoDriverDetailsInvalid PrimaryIsNotTheChoosenAdapter FoundDriverCount:0 
[2019.11.01-10.31.21:820][  0]LogD3D11RHI:     Adapter Name: NVIDIA GeForce GTX 1060
[2019.11.01-10.31.21:820][  0]LogD3D11RHI:   Driver Version: Unknown (internal:Unknown, unified:Unknown)
[2019.11.01-10.31.21:820][  0]LogD3D11RHI:      Driver Date: Unknown
[2019.11.01-10.31.21:820][  0]LogRHI: Texture pool is 2090 MB (70% of 2987 MB)
[2019.11.01-10.31.21:860][  0]LogD3D11RHI: [Aftermath] Aftermath enabled and primed
[2019.11.01-10.31.21:860][  0]LogD3D11RHI: [Aftermath] Aftermath enabled and primed
[2019.11.01-10.31.21:860][  0]LogD3D11RHI: Async texture creation enabled
[2019.11.01-10.31.21:874][  0]LogD3D11RHI: GPU Timing Frequency: 1000.000000 (Debug: 2 1)
[2019.11.01-10.31.21:876][  0]LogShaderCompilers: Guid format shader working directory is 8 characters bigger than the processId version (E:/UE projects/FPS_OL/UE4_FPS_Game/Shooter/Intermediate/Shaders/WorkingDirectory/33212/).
[2019.11.01-10.31.21:876][  0]LogShaderCompilers: Cleaned the shader compiler working directory 'C:/Users/ZHENG YANG/AppData/Local/Temp/UnrealShaderWorkingDir/2882BC4A4EE2081EDA83E58CE6829759/'.
[2019.11.01-10.31.22:111][  0]LogTemp: Display: Loaded TP AllDesktopTargetPlatform
[2019.11.01-10.31.22:125][  0]LogTemp: Display: Loaded TP MacClientTargetPlatform
[2019.11.01-10.31.22:140][  0]LogTemp: Display: Loaded TP MacNoEditorTargetPlatform
[2019.11.01-10.31.22:154][  0]LogTemp: Display: Loaded TP MacServerTargetPlatform
[2019.11.01-10.31.22:168][  0]LogTemp: Display: Loaded TP MacTargetPlatform
[2019.11.01-10.31.22:183][  0]LogTemp: Display: Loaded TP WindowsClientTargetPlatform
[2019.11.01-10.31.22:198][  0]LogTemp: Display: Loaded TP WindowsNoEditorTargetPlatform
[2019.11.01-10.31.22:213][  0]LogTemp: Display: Loaded TP WindowsServerTargetPlatform
[2019.11.01-10.31.22:220][  0]LogTemp: Display: Loaded TP WindowsTargetPlatform
[2019.11.01-10.31.22:232][  0]LogTemp: Display: Loaded TP Android_ASTCTargetPlatform
[2019.11.01-10.31.22:246][  0]LogTemp: Display: Loaded TP Android_ATCTargetPlatform
[2019.11.01-10.31.22:258][  0]LogTemp: Display: Loaded TP Android_DXTTargetPlatform
[2019.11.01-10.31.22:271][  0]LogTemp: Display: Loaded TP Android_ETC1aTargetPlatform
[2019.11.01-10.31.22:284][  0]LogTemp: Display: Loaded TP Android_ETC1TargetPlatform
[2019.11.01-10.31.22:297][  0]LogTemp: Display: Loaded TP Android_ETC2TargetPlatform
[2019.11.01-10.31.22:324][  0]LogTemp: Display: Loaded TP Android_MultiTargetPlatform
[2019.11.01-10.31.22:324][  0]LogTemp: Display: Loaded TP Android_PVRTCTargetPlatform
[2019.11.01-10.31.22:337][  0]LogTemp: Display: Loaded TP AndroidTargetPlatform
[2019.11.01-10.31.22:338][  0]LogTemp: Display: Loaded TP HTML5TargetPlatform
[2019.11.01-10.31.22:377][  0]LogTemp: Display: Loaded TP IOSTargetPlatform
[2019.11.01-10.31.22:390][  0]LogTemp: Display: Loaded TP TVOSTargetPlatform
[2019.11.01-10.31.22:403][  0]LogTemp: Display: Loaded TP LinuxClientTargetPlatform
[2019.11.01-10.31.22:415][  0]LogTemp: Display: Loaded TP LinuxNoEditorTargetPlatform
[2019.11.01-10.31.22:428][  0]LogTemp: Display: Loaded TP LinuxServerTargetPlatform
[2019.11.01-10.31.22:440][  0]LogTemp: Display: Loaded TP LinuxTargetPlatform
[2019.11.01-10.31.22:440][  0]LogTargetPlatformManager: Display: Building Assets For Windows
[2019.11.01-10.31.22:554][  0]LogXGEController: Cannot use XGE Controller as Incredibuild is not installed on this machine.
[2019.11.01-10.31.22:554][  0]LogShaderCompilers: Cannot use XGE Shader Compiler as Incredibuild is not installed on this machine.
[2019.11.01-10.31.22:554][  0]LogShaderCompilers: Display: Using Local Shader Compiler.
[2019.11.01-10.31.23:423][  0]LogDerivedDataCache: Display: Max Cache Size: 512 MB
[2019.11.01-10.31.23:489][  0]LogDerivedDataCache: Loaded boot cache 0.07s 76MB C:/Users/ZHENG YANG/AppData/Local/UnrealEngine/4.19/DerivedDataCache/Boot.ddc.
[2019.11.01-10.31.23:489][  0]LogDerivedDataCache: Display: Loaded Boot cache: C:/Users/ZHENG YANG/AppData/Local/UnrealEngine/4.19/DerivedDataCache/Boot.ddc
[2019.11.01-10.31.23:489][  0]LogDerivedDataCache: FDerivedDataBackendGraph:  Pak pak cache file E:/UE projects/FPS_OL/UE4_FPS_Game/Shooter/DerivedDataCache/DDC.ddp not found, will not use a pak cache.
[2019.11.01-10.31.23:489][  0]LogDerivedDataCache: Unable to find inner node Pak for hierarchical cache Hierarchy.
[2019.11.01-10.31.23:489][  0]LogDerivedDataCache: FDerivedDataBackendGraph:  CompressedPak pak cache file E:/UE projects/FPS_OL/UE4_FPS_Game/Shooter/DerivedDataCache/Compressed.ddp not found, will not use a pak cache.
[2019.11.01-10.31.23:489][  0]LogDerivedDataCache: Unable to find inner node CompressedPak for hierarchical cache Hierarchy.
[2019.11.01-10.31.23:506][  0]LogDerivedDataCache: Display: Pak cache opened for reading ../../../Engine/DerivedDataCache/Compressed.ddp.
[2019.11.01-10.31.23:520][  0]LogDerivedDataCache: Using Local data cache path C:/Users/ZHENG YANG/AppData/Local/UnrealEngine/Common/DerivedDataCache: Writable
[2019.11.01-10.31.23:520][  0]LogDerivedDataCache: Shared data cache path not found in *engine.ini, will not use an Shared cache.
[2019.11.01-10.31.23:520][  0]LogDerivedDataCache: Unable to find inner node Shared for hierarchical cache Hierarchy.
[2019.11.01-10.31.23:532][  0]LogMaterial: Verifying Global Shaders for PCD3D_SM5
[2019.11.01-10.31.23:532][  0]LogSlate: Using Freetype 2.6.0
[2019.11.01-10.31.23:532][  0]LogSlate: SlateFontCache - WITH_FREETYPE: 1, WITH_HARFBUZZ: 1
[2019.11.01-10.31.23:532][  0]LogSlate: SlateFontCache - WITH_FREETYPE: 1, WITH_HARFBUZZ: 1
[2019.11.01-10.31.23:659][  0]LogAssetRegistry: FAssetRegistry took 0.0266 seconds to start up
[2019.11.01-10.31.24:018][  0]LogInit: Selected Device Profile: [Windows]
[2019.11.01-10.31.24:186][  0]LogSimplygon: Simplygon DLL not present - disabling.
[2019.11.01-10.31.24:189][  0]LogMeshReduction: Using SimplygonSwarm for distributed automatic mesh merging
[2019.11.01-10.31.24:189][  0]LogMeshReduction: Using QuadricMeshReduction for automatic static mesh reduction
[2019.11.01-10.31.24:189][  0]LogMeshReduction: No automatic skeletal mesh reduction module available
[2019.11.01-10.31.24:189][  0]LogMeshReduction: No automatic mesh merging module available
[2019.11.01-10.31.24:190][  0]LogMeshMerging: No automatic mesh merging module available
[2019.11.01-10.31.24:222][  0]LogNetVersion: Shooter , NetCL: 3944462, EngineNetVer: 2, GameNetVer: 0 (Checksum: 979305562)
[2019.11.01-10.31.24:714][  0]LogPackageLocalizationCache: Processed 9 localized package path(s) for 2 prioritized culture(s) in 0.076793 seconds
[2019.11.01-10.31.24:720][  0]LogUObjectArray: 36729 objects as part of root set at end of initial load.
[2019.11.01-10.31.24:720][  0]LogUObjectAllocator: 7314536 out of 0 bytes used by permanent object pool.
[2019.11.01-10.31.24:720][  0]LogUObjectArray: CloseDisregardForGC: 0/0 objects in disregard for GC pool
[2019.11.01-10.31.26:414][  0]LogTcpMessaging: Initializing TcpMessaging bridge
[2019.11.01-10.31.26:443][  0]LogUdpMessaging: Initializing bridge on interface 0.0.0.0:0 to multicast group 230.0.0.1:6666.
[2019.11.01-10.31.26:995][  0]SourceControl: Source control is disabled
[2019.11.01-10.31.26:995][  0]SourceControl: Source control is disabled
[2019.11.01-10.31.27:012][  0]SourceControl: Source control is disabled
[2019.11.01-10.31.27:029][  0]SourceControl: Source control is disabled
[2019.11.01-10.31.27:516][  0]LogAndroidPermission: UAndroidPermissionCallbackProxy::GetInstance
[2019.11.01-10.31.27:687][  0]LogOcInput: OculusInput pre-init called
[2019.11.01-10.31.27:793][  0]LogEngine: Initializing Engine...
[2019.11.01-10.31.27:854][  0]LogHMD: Failed to initialize OpenVR with code 108
[2019.11.01-10.31.27:856][  0]LogStats: UGameplayTagsManager::ConstructGameplayTagTree: Construct from data asset -  0.000 s
[2019.11.01-10.31.27:856][  0]LogStats: UGameplayTagsManager::ConstructGameplayTagTree: GameplayTagTreeChangedEvent.Broadcast -  0.000 s
[2019.11.01-10.31.28:082][  0]LogAIModule: Creating AISystem for world Untitled
[2019.11.01-10.31.28:158][  0]LogInit: XAudio2 using 'Speakers (Realtek High Definition Audio)' : 2 channels at 48 kHz using 32 bits per sample (channel mask 0x3)
[2019.11.01-10.31.28:417][  0]LogInit: FAudioDevice initialized.
[2019.11.01-10.31.28:497][  0]LogDerivedDataCache: Saved boot cache 0.08s 76MB C:/Users/ZHENG YANG/AppData/Local/UnrealEngine/4.19/DerivedDataCache/Boot.ddc.
[2019.11.01-10.31.28:505][  0]LogInit: Texture streaming: Enabled
[2019.11.01-10.31.28:525][  0]LogEngineSessionManager: EngineSessionManager initialized
[2019.11.01-10.31.28:541][  0]LogInit: Transaction tracking system initialized
[2019.11.01-10.31.28:571][  0]BlueprintLog: New page: Editor Load
[2019.11.01-10.31.28:649][  0]LocalizationService: Localization service is disabled
[2019.11.01-10.31.28:750][  0]LogConsoleResponse: Display: 
[2019.11.01-10.31.28:916][  0]LogCook: Display: Max memory allowance for cook 16384mb min free memory 0mb
[2019.11.01-10.31.28:916][  0]LogCook: Display: Mobile HDR setting 1
[2019.11.01-10.31.28:916][  0]LogGameplayTags: Display: UGameplayTagsManager::DoneAddingNativeTags. DelegateIsBound: 0
[2019.11.01-10.31.28:916][  0]LogStats: UGameplayTagsManager::ConstructGameplayTagTree: Construct from data asset -  0.000 s
[2019.11.01-10.31.28:916][  0]LogStats: UGameplayTagsManager::ConstructGameplayTagTree: GameplayTagTreeChangedEvent.Broadcast -  0.000 s
[2019.11.01-10.31.29:282][  0]LogFileCache: Scanning file cache for directory 'E:/UE projects/FPS_OL/UE4_FPS_Game/Shooter/Content/' took 0.01s
[2019.11.01-10.31.29:282][  0]SourceControl: Source control is disabled
[2019.11.01-10.31.29:394][  0]LogSlate: Took 0.000189 seconds to synchronously load lazily loaded font '../../../Engine/Content/Slate/Fonts/Roboto-Regular.ttf' (155K)
[2019.11.01-10.31.35:779][  0]LogSlate: Window 'Restore Packages' being destroyed
[2019.11.01-10.31.35:780][  0]LogWindowsTextInputMethodSystem: Display: IME system now activated using TSF (Microsoft Pinyin).
[2019.11.01-10.31.35:785][  0]LogWindowsTextInputMethodSystem: Display: IME system now activated using TSF (Microsoft Pinyin).
[2019.11.01-10.31.41:020][  0]LogSlate: Window 'Unable to Check Out From Source Control!' being destroyed
[2019.11.01-10.31.41:021][  0]LogWindowsTextInputMethodSystem: Display: IME system now activated using TSF (Microsoft Pinyin).
[2019.11.01-10.31.41:026][  0]LogWindowsTextInputMethodSystem: Display: IME system now activated using TSF (Microsoft Pinyin).
[2019.11.01-10.31.41:036][  0]Cmd: MAP LOAD FILE="E:/UE projects/FPS_OL/UE4_FPS_Game/Shooter/Content/Maps/MainMap.umap" TEMPLATE=0 SHOWPROGRESS=1 FEATURELEVEL=3
[2019.11.01-10.31.41:036][  0]LightingResults: New page: Lighting Build
[2019.11.01-10.31.41:041][  0]MapCheck: New page: Map Check
[2019.11.01-10.31.41:041][  0]LightingResults: New page: Lighting Build
[2019.11.01-10.31.41:172][  0]LogUObjectGlobals: Created PersistentFrame Addr=0x000001be6830d840, Size=32, Default__BP_PowerUpHealth_C Function /Game/Blueprints/BP_PowerUpHealth.BP_PowerUpHealth_C:ExecuteUbergraph_BP_PowerUpHealth
[2019.11.01-10.31.41:174][  0]LogUObjectGlobals: Destroyed PersistentFrame Addr=0x000001be6830d840, Size=32
[2019.11.01-10.31.41:174][  0]LogUObjectGlobals: Created PersistentFrame Addr=0x000001be6830d840, Size=32, Default__BP_PowerUpHealth_C Function /Engine/Transient.REINST_BP_PowerUpHealth_C_5:ExecuteUbergraph_BP_PowerUpHealth
[2019.11.01-10.31.41:178][  0]LogUObjectGlobals: Created PersistentFrame Addr=0x000001be6830d000, Size=32, Default__BP_PowerUpHealth_C Function /Game/Blueprints/BP_PowerUpHealth.BP_PowerUpHealth_C:ExecuteUbergraph_BP_PowerUpHealth
[2019.11.01-10.31.41:216][  0]LogUObjectGlobals: Created PersistentFrame Addr=0x000001be682ce500, Size=248, Default__BP_Target_C Function /Game/Blueprints/BP_Target.BP_Target_C:ExecuteUbergraph_BP_Target
[2019.11.01-10.31.41:217][  0]LogLinker: Warning: Unable to load USHealth_GEN_VARIABLE with outer BlueprintGeneratedClass /Game/Blueprints/BP_Target.BP_Target_C because its class does not exist
[2019.11.01-10.31.41:218][  0]LogBlueprint: Warning: [Compiler BP_Target] Component class is not set for 'USHealth' - this component will not be instanced, and additional warnings or errors may occur when compiling Blueprint 'BP_Target'.
[2019.11.01-10.31.41:219][  0]LogUObjectGlobals: Destroyed PersistentFrame Addr=0x000001be682ce500, Size=248
[2019.11.01-10.31.41:219][  0]LogUObjectGlobals: Created PersistentFrame Addr=0x000001be682ce500, Size=248, Default__BP_Target_C Function /Engine/Transient.REINST_BP_Target_C_7:ExecuteUbergraph_BP_Target
[2019.11.01-10.31.41:220][  0]LogUObjectGlobals: Created PersistentFrame Addr=0x000001be682da400, Size=248, Default__BP_Target_C Function /Game/Blueprints/BP_Target.BP_Target_C:ExecuteUbergraph_BP_Target
[2019.11.01-10.31.41:221][  0]LogBlueprint: Warning: [Compiler BP_Target] [0023.16] Compile of BP_Target successful, but with 1 Warning(s) [in 3 ms] (/Game/Blueprints/BP_Target.BP_Target)
[2019.11.01-10.31.41:309][  0]LogSkeletalMesh: Skeletal Mesh found in DDC [3.479700ms] /Game/AnimStarterPack/UE4_Mannequin/Mesh/SK_Mannequin.SK_Mannequin
[2019.11.01-10.31.41:399][  0]LogAIModule: Creating AISystem for world MainMap
[2019.11.01-10.31.41:409][  0]LogEditorServer: Finished looking for orphan Actors (0.000 secs)
[2019.11.01-10.31.41:421][  0]LogUObjectGlobals: Destroyed PersistentFrame Addr=0x000001be6830d840, Size=32
[2019.11.01-10.31.41:421][  0]LogUObjectGlobals: Destroyed PersistentFrame Addr=0x000001be682ce500, Size=248
[2019.11.01-10.31.41:422][  0]Cmd: MAP CHECKDEP NOCLEARLOG
[2019.11.01-10.31.41:486][  0]MapCheck: Map check complete: 0 Error(s), 0 Warning(s), took 63.549ms to complete.
[2019.11.01-10.31.41:486][  0]LogFileHelpers: Loading map 'MainMap' took 0.450
[2019.11.01-10.31.41:562][  0]LogStats: Warning: MetaData mismatch. Did you assign a stat to two groups? New //STATGROUP_Threads//SplashScreenThread///Thread_97ec_0///####STATCAT_Advanced#### old //STATGROUP_Threads//SplashScreenThread///Thread_8fcc_0///####STATCAT_Advanced####
[2019.11.01-10.31.41:562][  0]LogCollectionManager: Loaded 0 collections in 0.001661 seconds
[2019.11.01-10.31.41:602][  0]LogFileCache: Scanning file cache for directory 'E:/UE projects/FPS_OL/UE4_FPS_Game/Shooter/Saved/Collections/' took 0.01s
[2019.11.01-10.31.41:603][  0]LogFileCache: Scanning file cache for directory 'E:/UE projects/FPS_OL/UE4_FPS_Game/Shooter/Content/Developers/ZHENGYANG/Collections/' took 0.01s
[2019.11.01-10.31.41:603][  0]LogFileCache: Scanning file cache for directory 'E:/UE projects/FPS_OL/UE4_FPS_Game/Shooter/Content/Collections/' took 0.01s
[2019.11.01-10.31.41:603][  0]LogCollectionManager: Rebuilt the GUID cache for 0 collections in 0.000000 seconds
[2019.11.01-10.31.41:613][  0]LogContentBrowser: Native class hierarchy populated in 0.0100 seconds. Added 2460 classes and 563 folders.
[2019.11.01-10.31.41:621][  0]LogContentBrowser: Native class hierarchy updated for 'WidgetCarousel' in 0.0012 seconds. Added 0 classes and 0 folders.
[2019.11.01-10.31.41:664][  0]LogContentBrowser: Native class hierarchy updated for 'AddContentDialog' in 0.0010 seconds. Added 0 classes and 0 folders.
[2019.11.01-10.31.41:673][  0]LogContentBrowser: Native class hierarchy updated for 'SceneOutliner' in 0.0010 seconds. Added 1 classes and 2 folders.
[2019.11.01-10.31.41:696][  0]LogSlate: Took 0.000188 seconds to synchronously load lazily loaded font '../../../Engine/Content/Slate/Fonts/Roboto-Bold.ttf' (160K)
[2019.11.01-10.31.41:703][  0]LogSlate: Took 0.000175 seconds to synchronously load lazily loaded font '../../../Engine/Content/Editor/Slate/Fonts/FontAwesome.ttf' (139K)
[2019.11.01-10.31.41:814][  0]LogRenderer: Reallocating scene render targets to support 860x436 Format 10 NumSamples 1 (Frame:1).
[2019.11.01-10.31.41:960][  0]LogContentBrowser: Native class hierarchy updated for 'HierarchicalLODOutliner' in 0.0011 seconds. Added 0 classes and 0 folders.
[2019.11.01-10.31.41:960][  0]LogLoad: (Engine Initialization) Total time: 23.89 seconds
[2019.11.01-10.31.41:960][  0]LogLoad: (Engine Initialization) Total Blueprint compile time: 0.00 seconds
[2019.11.01-10.31.41:997][  0]LogContentStreaming: Texture pool size now 1000 MB
[2019.11.01-10.31.42:023][  0]LogSlate: Took 0.000271 seconds to synchronously load lazily loaded font '../../../Engine/Content/Slate/Fonts/Roboto-Light.ttf' (167K)
[2019.11.01-10.31.42:064][  1]LogAssetRegistry: Asset discovery search completed in 18.4267 seconds
[2019.11.01-10.31.42:066][  1]LogCollectionManager: Rebuilt the object cache for 0 collections in 0.000000 seconds (found 0 objects)
[2019.11.01-10.31.42:066][  1]LogCollectionManager: Fixed up redirectors for 0 collections in 0.000108 seconds (updated 0 objects)
[2019.11.01-10.31.42:263][  3]LogEditorViewport: Clicking on Actor (LMB): StaticMeshActor (Floor)
[2019.11.01-10.31.49:514][433]LogSlate: FSceneViewport::OnFocusLost() reason 0
[2019.11.01-10.31.49:597][438]LogTemp: Repeating last play command: Selected Viewport
[2019.11.01-10.31.49:613][438]LogPlayLevel: PlayLevel: No blueprints needed recompiling
[2019.11.01-10.31.49:614][438]PIE: New page: PIE session: MainMap (2 Nov 2019 02:31:49)
[2019.11.01-10.31.49:614][438]LogPlayLevel: Creating play world package: /Game/Maps/UEDPIE_0_MainMap
[2019.11.01-10.31.49:618][438]LogPlayLevel: PIE: StaticDuplicateObject took: (0.004476s)
[2019.11.01-10.31.49:619][438]LogAIModule: Creating AISystem for world MainMap
[2019.11.01-10.31.49:619][438]LogPlayLevel: PIE: World Init took: (0.000920s)
[2019.11.01-10.31.49:619][438]LogPlayLevel: PIE: Created PIE world by copying editor world from /Game/Maps/MainMap.MainMap to /Game/Maps/UEDPIE_0_MainMap.MainMap (0.005623s)
[2019.11.01-10.31.49:644][438]LogInit: XAudio2 using 'Speakers (Realtek High Definition Audio)' : 2 channels at 48 kHz using 32 bits per sample (channel mask 0x3)
[2019.11.01-10.31.49:743][438]LogInit: FAudioDevice initialized.
[2019.11.01-10.31.49:813][438]LogUObjectGlobals: Created PersistentFrame Addr=0x000001be174ed440, Size=104, Default__UE4ASP_HeroTPP_AnimBlueprint_C Function /Game/AnimStarterPack/UE4ASP_HeroTPP_AnimBlueprint.UE4ASP_HeroTPP_AnimBlueprint_C:ExecuteUbergraph_UE4ASP_HeroTPP_AnimBlueprint
[2019.11.01-10.31.49:826][438]LogUObjectGlobals: Destroyed PersistentFrame Addr=0x000001be174ed440, Size=104
[2019.11.01-10.31.49:827][438]LogUObjectGlobals: Created PersistentFrame Addr=0x000001be16da3040, Size=104, Default__UE4ASP_HeroTPP_AnimBlueprint_C Function /Engine/Transient.REINST_UE4ASP_HeroTPP_AnimBlueprint_C_0:ExecuteUbergraph_UE4ASP_HeroTPP_AnimBlueprint
[2019.11.01-10.31.49:840][438]LogUObjectGlobals: Created PersistentFrame Addr=0x000001be16cbdd00, Size=104, Default__UE4ASP_HeroTPP_AnimBlueprint_C Function /Game/AnimStarterPack/UE4ASP_HeroTPP_AnimBlueprint.UE4ASP_HeroTPP_AnimBlueprint_C:ExecuteUbergraph_UE4ASP_HeroTPP_AnimBlueprint
[2019.11.01-10.31.49:868][438]LogUObjectGlobals: Created PersistentFrame Addr=0x000001be16d23110, Size=16, Default__BP_SCharacter_C Function /Game/Blueprints/BP_SCharacter.BP_SCharacter_C:ExecuteUbergraph_BP_SCharacter
[2019.11.01-10.31.49:870][438]LogUObjectGlobals: Destroyed PersistentFrame Addr=0x000001be16d23110, Size=16
[2019.11.01-10.31.49:871][438]LogUObjectGlobals: Created PersistentFrame Addr=0x000001be16d23110, Size=16, Default__BP_SCharacter_C Function /Engine/Transient.REINST_BP_SCharacter_C_11:ExecuteUbergraph_BP_SCharacter
[2019.11.01-10.31.49:872][438]LogUObjectGlobals: Created PersistentFrame Addr=0x000001be16d23140, Size=16, Default__BP_SCharacter_C Function /Game/Blueprints/BP_SCharacter.BP_SCharacter_C:ExecuteUbergraph_BP_SCharacter
[2019.11.01-10.31.49:912][438]LogSkeletalMesh: Skeletal Mesh found in DDC [1.982900ms] /Game/Weapons/SK_Rifle.SK_Rifle
[2019.11.01-10.31.49:936][438]LogLoad: Game class is 'BP_TestGameMode_C'
[2019.11.01-10.31.49:939][438]LogWorld: Bringing World /Game/Maps/UEDPIE_0_MainMap.MainMap up for play (max tick rate 60) at 2019.11.01-18.31.49
[2019.11.01-10.31.49:939][438]LogWorld: Bringing up level for play took: 0.001828
[2019.11.01-10.31.49:943][438]LogContentBrowser: Native class hierarchy updated for 'MovieSceneCapture' in 0.0010 seconds. Added 11 classes and 0 folders.
[2019.11.01-10.31.49:947][438]PIE: Play in editor start time for /Game/Maps/UEDPIE_0_MainMap 0.709
[2019.11.01-10.31.52:610][593]LogSlate: FSceneViewport::OnFocusLost() reason 2
[2019.11.01-10.31.53:479][645]LogSlate: Took 0.000140 seconds to synchronously load lazily loaded font '../../../Engine/Content/Slate/Fonts/DroidSansMono.ttf' (77K)
[2019.11.01-10.31.55:304][752]LogSlate: FSceneViewport::OnFocusLost() reason 2
[2019.11.01-10.31.58:464][941]LogTemp: Health Changed:100.0(+20.0)
[2019.11.01-10.31.58:962][971]LogTemp: Health Changed:100.0(+20.0)
[2019.11.01-10.31.59:461][  1]LogTemp: Health Changed:100.0(+20.0)
[2019.11.01-10.31.59:962][ 31]LogTemp: Health Changed:100.0(+20.0)
[2019.11.01-10.32.01:128][101]LogTemp: Warning: Health Changed:80.0
[2019.11.01-10.32.03:162][223]LogTemp: Warning: Health Changed:60.0
[2019.11.01-10.32.04:078][278]LogTemp: Warning: Health Changed:40.0
[2019.11.01-10.32.04:163][283]LogTemp: Warning: Health Changed:20.0
[2019.11.01-10.32.04:495][303]LogTemp: Warning: Health Changed:0.0
[2019.11.01-10.32.05:577][365]LogUObjectGlobals: Destroyed PersistentFrame Addr=0x000001be16da3040, Size=104
[2019.11.01-10.32.05:578][365]LogUObjectGlobals: Destroyed PersistentFrame Addr=0x000001be16d23110, Size=16
[2019.11.01-10.32.06:132][397]LogSlate: FSceneViewport::OnFocusLost() reason 0
[2019.11.01-10.32.06:548][422]LogTemp: Repeating last play command: Selected Viewport
[2019.11.01-10.32.06:564][422]LogPlayLevel: PlayLevel: No blueprints needed recompiling
[2019.11.01-10.32.06:564][422]PIE: New page: PIE session: MainMap (2 Nov 2019 02:32:06)
[2019.11.01-10.32.06:565][422]LogPlayLevel: Creating play world package: /Game/Maps/UEDPIE_0_MainMap
[2019.11.01-10.32.06:568][422]LogPlayLevel: PIE: StaticDuplicateObject took: (0.002658s)
[2019.11.01-10.32.06:568][422]LogAIModule: Creating AISystem for world MainMap
[2019.11.01-10.32.06:569][422]LogPlayLevel: PIE: World Init took: (0.001115s)
[2019.11.01-10.32.06:569][422]LogPlayLevel: PIE: Created PIE world by copying editor world from /Game/Maps/MainMap.MainMap to /Game/Maps/UEDPIE_0_MainMap.MainMap (0.004380s)
[2019.11.01-10.32.06:594][422]LogInit: XAudio2 using 'Speakers (Realtek High Definition Audio)' : 2 channels at 48 kHz using 32 bits per sample (channel mask 0x3)
[2019.11.01-10.32.06:690][422]LogInit: FAudioDevice initialized.
[2019.11.01-10.32.06:723][422]LogLoad: Game class is 'BP_TestGameMode_C'
[2019.11.01-10.32.06:725][422]LogWorld: Bringing World /Game/Maps/UEDPIE_0_MainMap.MainMap up for play (max tick rate 60) at 2019.11.01-18.32.06
[2019.11.01-10.32.06:726][422]LogWorld: Bringing up level for play took: 0.001517
[2019.11.01-10.32.06:728][422]PIE: Play in editor start time for /Game/Maps/UEDPIE_0_MainMap -0.51
[2019.11.01-10.32.08:597][532]LogTemp: Warning: Health Changed:80.0
[2019.11.01-10.32.09:664][596]LogTemp: Warning: Health Changed:60.0
[2019.11.01-10.32.10:614][653]LogTemp: Warning: Health Changed:40.0
[2019.11.01-10.32.12:881][789]LogTemp: Warning: Health Changed:20.0
[2019.11.01-10.32.14:933][912]LogTemp: Health Changed:20.0(+20.0)
[2019.11.01-10.32.15:431][942]LogTemp: Health Changed:20.0(+20.0)
[2019.11.01-10.32.15:932][972]LogTemp: Health Changed:20.0(+20.0)
[2019.11.01-10.32.16:433][  2]LogTemp: Health Changed:20.0(+20.0)
[2019.11.01-10.32.22:088][338]LogSlate: FSceneViewport::OnFocusLost() reason 0
[2019.11.01-10.32.22:176][342]Candidate modules for hot reload:
[2019.11.01-10.32.22:176][342]  Shooter
[2019.11.01-10.32.22:176][342]Launching UnrealBuildTool... [C:/Program Files/Epic Games/UE_4.19/Engine/Binaries/DotNET/UnrealBuildTool.exe Shooter -ModuleWithSuffix=Shooter,842 Win64 Development -editorrecompile -canskiplink "E:/UE projects/FPS_OL/UE4_FPS_Game/Shooter/Shooter.uproject" ]
[2019.11.01-10.32.22:184][342]Warning: Starting HotReload took  0.0s.
[2019.11.01-10.32.25:984][571]CompilerResultsLog: New page: Compilation - 2 Nov 2019 02:32:25
[2019.11.01-10.32.25:984][571]CompilerResultsLog: Using 'git status' to determine working set for adaptive non-unity build.
[2019.11.01-10.32.25:984][571]CompilerResultsLog: Compiling game modules for hot reload
[2019.11.01-10.32.25:984][571]CompilerResultsLog: Performing 3 actions (4 in parallel)
[2019.11.01-10.32.25:985][571]CompilerResultsLog: USHealthComponent.cpp
[2019.11.01-10.32.25:985][571]CompilerResultsLog: [2/3] Link UE4Editor-Shooter-842.dll
[2019.11.01-10.32.25:985][571]CompilerResultsLog: [3/3] Link UE4Editor-Shooter-842.lib
[2019.11.01-10.32.25:985][571]CompilerResultsLog:    Creating library E:\UE projects\FPS_OL\UE4_FPS_Game\Shooter\Intermediate\Build\Win64\UE4Editor\Development\UE4Editor-Shooter-842.lib and object E:\UE projects\FPS_OL\UE4_FPS_Game\Shooter\Intermediate\Build\Win64\UE4Editor\Development\UE4Editor-Shooter-842.exp
[2019.11.01-10.32.25:986][571]CompilerResultsLog:    Creating library E:\UE projects\FPS_OL\UE4_FPS_Game\Shooter\Intermediate\Build\Win64\UE4Editor\Development\UE4Editor-Shooter-842.suppressed.lib and object E:\UE projects\FPS_OL\UE4_FPS_Game\Shooter\Intermediate\Build\Win64\UE4Editor\Development\UE4Editor-Shooter-842.suppressed.exp
[2019.11.01-10.32.25:986][571]CompilerResultsLog: Total build time: 3.53 seconds (Local executor: 2.22 seconds)
[2019.11.01-10.32.25:987][571]LogMainFrame: MainFrame: Module compiling took 3.817 seconds
[2019.11.01-10.32.26:012][571]LogClass: HitScanTrace HotReload.
[2019.11.01-10.32.26:015][571]LogHotReload: Re-instancing SPickUpActor after hot-reload.
[2019.11.01-10.32.26:167][571]LogHotReload: Re-instancing STracker after hot-reload.
[2019.11.01-10.32.26:214][571]LogContentBrowser: Native class hierarchy updated for 'Shooter' in 0.0010 seconds. Added 8 classes and 5 folders.
[2019.11.01-10.32.26:216][571]Display: HotReload successful (11 functions remapped  1 scriptstructs remapped)
[2019.11.01-10.32.26:322][571]LogContentBrowser: Native class hierarchy populated in 0.0100 seconds. Added 2461 classes and 565 folders.
[2019.11.01-10.32.26:322][571]Display: HotReload took  4.2s.
[2019.11.01-10.32.27:589][647]LogTemp: Repeating last play command: Selected Viewport
[2019.11.01-10.32.27:604][647]LogPlayLevel: PlayLevel: No blueprints needed recompiling
[2019.11.01-10.32.27:605][647]PIE: New page: PIE session: MainMap (2 Nov 2019 02:32:27)
[2019.11.01-10.32.27:605][647]LogPlayLevel: Creating play world package: /Game/Maps/UEDPIE_0_MainMap
[2019.11.01-10.32.27:609][647]LogPlayLevel: PIE: StaticDuplicateObject took: (0.003638s)
[2019.11.01-10.32.27:610][647]LogAIModule: Creating AISystem for world MainMap
[2019.11.01-10.32.27:610][647]LogPlayLevel: PIE: World Init took: (0.001190s)
[2019.11.01-10.32.27:610][647]LogPlayLevel: PIE: Created PIE world by copying editor world from /Game/Maps/MainMap.MainMap to /Game/Maps/UEDPIE_0_MainMap.MainMap (0.005459s)
[2019.11.01-10.32.27:631][647]LogInit: XAudio2 using 'Speakers (Realtek High Definition Audio)' : 2 channels at 48 kHz using 32 bits per sample (channel mask 0x3)
[2019.11.01-10.32.27:725][647]LogInit: FAudioDevice initialized.
[2019.11.01-10.32.27:759][647]LogLoad: Game class is 'BP_TestGameMode_C'
[2019.11.01-10.32.27:761][647]LogWorld: Bringing World /Game/Maps/UEDPIE_0_MainMap.MainMap up for play (max tick rate 60) at 2019.11.01-18.32.27
[2019.11.01-10.32.27:762][647]LogWorld: Bringing up level for play took: 0.001563
[2019.11.01-10.32.27:764][647]PIE: Play in editor start time for /Game/Maps/UEDPIE_0_MainMap 0.526
[2019.11.01-10.32.29:450][746]LogTemp: Warning: Health Changed:80.0
[2019.11.01-10.32.30:150][788]LogTemp: Warning: Health Changed:60.0
[2019.11.01-10.32.30:450][806]LogTemp: Warning: Health Changed:40.0
[2019.11.01-10.32.30:917][834]LogTemp: Warning: Health Changed:20.0
[2019.11.01-10.32.32:667][939]LogTemp: Health Changed:40.0(+20.0)
[2019.11.01-10.32.33:167][969]LogTemp: Health Changed:60.0(+20.0)
[2019.11.01-10.32.33:667][999]LogTemp: Health Changed:80.0(+20.0)
[2019.11.01-10.32.34:168][ 29]LogTemp: Health Changed:100.0(+20.0)
[2019.11.01-10.32.37:111][202]LogSlate: FSceneViewport::OnFocusLost() reason 0
[2019.11.01-10.32.37:170][205]LogSlate: Took 0.000183 seconds to synchronously load lazily loaded font '../../../Engine/Content/Slate/Fonts/Roboto-Light.ttf' (167K)
[2019.11.01-10.32.37:192][205]Cmd: OBJ SAVEPACKAGE PACKAGE="/Game/Maps/MainMap" FILE="E:/UE projects/FPS_OL/UE4_FPS_Game/Shooter/Content/Maps/MainMap.umap" SILENT=true AUTOSAVING=false KEEPDIRTY=false
[2019.11.01-10.32.37:242][205]LogSavePackage: Save=35.58ms
[2019.11.01-10.32.37:242][205]LogSavePackage: Moving 'E:/UE projects/FPS_OL/UE4_FPS_Game/Shooter/Saved/MainMapE4BB13514632B3F2000AC3AA31007C2F.tmp' to 'E:/UE projects/FPS_OL/UE4_FPS_Game/Shooter/Content/Maps/MainMap.umap'
[2019.11.01-10.32.37:244][205]LogSavePackage: Display: Finished SavePackage E:/UE projects/FPS_OL/UE4_FPS_Game/Shooter/Content/Maps/MainMap.umap
[2019.11.01-10.32.37:272][205]Cmd: OBJ SAVEPACKAGE PACKAGE="/Game/Maps/MainMap_BuiltData" FILE="E:/UE projects/FPS_OL/UE4_FPS_Game/Shooter/Content/Maps/MainMap_BuiltData.uasset" SILENT=true
[2019.11.01-10.32.37:291][205]LogSavePackage: Save=12.56ms
[2019.11.01-10.32.37:292][205]LogSavePackage: Moving 'E:/UE projects/FPS_OL/UE4_FPS_Game/Shooter/Saved/MainMap_BuiltData768328114C17A6611BD5F4A908E027B1.tmp' to 'E:/UE projects/FPS_OL/UE4_FPS_Game/Shooter/Content/Maps/MainMap_BuiltData.uasset'
[2019.11.01-10.32.37:293][205]LogSavePackage: Display: Finished SavePackage E:/UE projects/FPS_OL/UE4_FPS_Game/Shooter/Content/Maps/MainMap_BuiltData.uasset
[2019.11.01-10.33.08:010][447]LogSlate: Window 'Shooter - Unreal Editor' being destroyed
[2019.11.01-10.33.08:011][447]LogWindowsTextInputMethodSystem: Display: IME system now activated using TSF (Microsoft Pinyin).
[2019.11.01-10.33.08:206][448]Cmd: QUIT_EDITOR
[2019.11.01-10.33.08:869][448]LogSlate: Slate User Destroyed.  User Index 0, Is Virtual User: 0
[2019.11.01-10.33.08:869][448]LogExit: Preparing to exit.
[2019.11.01-10.33.09:519][448]LogExit: Editor shut down
[2019.11.01-10.33.09:520][448]LogExit: Transaction tracking system shut down
[2019.11.01-10.33.09:521][448]LogUObjectGlobals: Destroyed PersistentFrame Addr=0x000001be16cbdd00, Size=104
[2019.11.01-10.33.09:522][448]LogUObjectGlobals: Destroyed PersistentFrame Addr=0x000001be6830d000, Size=32
[2019.11.01-10.33.09:522][448]LogUObjectGlobals: Destroyed PersistentFrame Addr=0x000001be682da400, Size=248
[2019.11.01-10.33.09:522][448]LogUObjectGlobals: Destroyed PersistentFrame Addr=0x000001be16d23140, Size=16
[2019.11.01-10.33.09:742][448]LogDirectoryWatcher: A directory notification for '../../../Engine/Content/' was aborted.
[2019.11.01-10.33.09:742][448]LogDirectoryWatcher: A directory notification for 'E:/UE projects/FPS_OL/UE4_FPS_Game/Shooter/Content/' was aborted.
[2019.11.01-10.33.09:742][448]LogDirectoryWatcher: A directory notification for '../../Plugins/2D/Paper2D/Content/' was aborted.
[2019.11.01-10.33.09:742][448]LogDirectoryWatcher: A directory notification for '../../Plugins/Enterprise/DatasmithContent/Content/' was aborted.
[2019.11.01-10.33.09:742][448]LogDirectoryWatcher: A directory notification for '../../Plugins/Media/MediaCompositing/Content/' was aborted.
[2019.11.01-10.33.09:742][448]LogDirectoryWatcher: A directory notification for '../../Plugins/Runtime/AppleARKit/Content/' was aborted.
[2019.11.01-10.33.09:742][448]LogDirectoryWatcher: A directory notification for '../../Plugins/Runtime/Oculus/OculusVR/Content/' was aborted.
[2019.11.01-10.33.09:742][448]LogDirectoryWatcher: A directory notification for '../../Plugins/Runtime/Steam/SteamVR/Content/' was aborted.
[2019.11.01-10.33.09:788][448]LogExit: Object subsystem successfully closed.
[2019.11.01-10.33.09:813][448]LogShaderCompilers: Display: Shaders left to compile 0
[2019.11.01-10.33.09:816][448]LogD3D11RHI: Shutdown
[2019.11.01-10.33.09:816][448]LogD3D11RHI: CleanupD3DDevice
[2019.11.01-10.33.09:819][448]LogD3D11RHI: ~FD3D11DynamicRHI
[2019.11.01-10.33.09:842][448]LogModuleManager: Shutting down and abandoning module Shooter (579)
[2019.11.01-10.33.09:842][448]LogModuleManager: Shutting down and abandoning module MovieSceneCapture (578)
[2019.11.01-10.33.09:842][448]LogModuleManager: Shutting down and abandoning module HierarchicalLODOutliner (576)
[2019.11.01-10.33.09:842][448]LogModuleManager: Shutting down and abandoning module DesktopPlatform (574)
[2019.11.01-10.33.09:842][448]LogModuleManager: Shutting down and abandoning module SceneOutliner (572)
[2019.11.01-10.33.09:842][448]LogModuleManager: Shutting down and abandoning module AddContentDialog (570)
[2019.11.01-10.33.09:843][448]LogDirectoryWatcher: A directory notification for 'C:/Program Files/Epic Games/UE_4.19/FeaturePacks/' was aborted.
[2019.11.01-10.33.09:843][448]LogModuleManager: Shutting down and abandoning module WidgetCarousel (569)
[2019.11.01-10.33.09:843][448]LogModuleManager: Shutting down and abandoning module EditorWidgets (566)
[2019.11.01-10.33.09:843][448]LogModuleManager: Shutting down and abandoning module CollectionManager (564)
[2019.11.01-10.33.09:843][448]LogDirectoryWatcher: A directory notification for 'E:/UE projects/FPS_OL/UE4_FPS_Game/Shooter/Content/Collections/' was aborted.
[2019.11.01-10.33.09:843][448]LogDirectoryWatcher: A directory notification for 'E:/UE projects/FPS_OL/UE4_FPS_Game/Shooter/Content/Developers/ZHENGYANG/Collections/' was aborted.
[2019.11.01-10.33.09:843][448]LogDirectoryWatcher: A directory notification for 'E:/UE projects/FPS_OL/UE4_FPS_Game/Shooter/Saved/Collections/' was aborted.
[2019.11.01-10.33.09:843][448]LogModuleManager: Shutting down and abandoning module StatsViewer (562)
[2019.11.01-10.33.09:843][448]LogModuleManager: Shutting down and abandoning module FoliageEdit (560)
[2019.11.01-10.33.09:843][448]LogModuleManager: Shutting down and abandoning module LandscapeEditor (558)
[2019.11.01-10.33.09:844][448]LogModuleManager: Shutting down and abandoning module MeshPaintMode (556)
[2019.11.01-10.33.09:844][448]LogModuleManager: Shutting down and abandoning module SceneDepthPickerMode (554)
[2019.11.01-10.33.09:844][448]LogModuleManager: Shutting down and abandoning module ActorPickerMode (552)
[2019.11.01-10.33.09:844][448]LogModuleManager: Shutting down and abandoning module GeometryMode (550)
[2019.11.01-10.33.09:844][448]LogModuleManager: Shutting down and abandoning module TextureAlignMode (548)
[2019.11.01-10.33.09:844][448]LogModuleManager: Shutting down and abandoning module BspMode (546)
[2019.11.01-10.33.09:844][448]LogModuleManager: Shutting down and abandoning module PIEPreviewDeviceProfileSelector (544)
[2019.11.01-10.33.09:844][448]LogModuleManager: Shutting down and abandoning module HardwareSurvey (542)
[2019.11.01-10.33.09:844][448]LogModuleManager: Shutting down and abandoning module SequenceRecorderSections (540)
[2019.11.01-10.33.09:844][448]LogModuleManager: Shutting down and abandoning module AutomationWorker (538)
[2019.11.01-10.33.09:844][448]LogModuleManager: Shutting down and abandoning module AudioCaptureEditor (536)
[2019.11.01-10.33.09:844][448]LogModuleManager: Shutting down and abandoning module SequenceRecorder (535)
[2019.11.01-10.33.09:844][448]LogModuleManager: Shutting down and abandoning module MatineeToLevelSequence (532)
[2019.11.01-10.33.09:844][448]LogModuleManager: Shutting down and abandoning module LevelSequenceEditor (530)
[2019.11.01-10.33.09:844][448]LogModuleManager: Shutting down and abandoning module PlacementMode (529)
[2019.11.01-10.33.09:844][448]LogModuleManager: Shutting down and abandoning module MaterialEditor (528)
[2019.11.01-10.33.09:844][448]LogModuleManager: Shutting down and abandoning module WmfMediaFactory (524)
[2019.11.01-10.33.09:844][448]LogModuleManager: Shutting down and abandoning module WmfMediaEditor (522)
[2019.11.01-10.33.09:844][448]LogModuleManager: Shutting down and abandoning module MediaPlayerEditor (520)
[2019.11.01-10.33.09:844][448]LogModuleManager: Shutting down and abandoning module OpenExrWrapper (518)
[2019.11.01-10.33.09:844][448]LogModuleManager: Shutting down and abandoning module ImgMediaFactory (516)
[2019.11.01-10.33.09:844][448]LogModuleManager: Shutting down and abandoning module ImgMediaEditor (514)
[2019.11.01-10.33.09:844][448]LogModuleManager: Shutting down and abandoning module AvfMediaFactory (512)
[2019.11.01-10.33.09:844][448]LogModuleManager: Shutting down and abandoning module AvfMediaEditor (510)
[2019.11.01-10.33.09:844][448]LogModuleManager: Shutting down and abandoning module AndroidMediaFactory (508)
[2019.11.01-10.33.09:844][448]LogModuleManager: Shutting down and abandoning module AndroidMediaEditor (506)
[2019.11.01-10.33.09:844][448]LogModuleManager: Shutting down and abandoning module CharacterAI (504)
[2019.11.01-10.33.09:844][448]LogModuleManager: Shutting down and abandoning module SmartSnapping (502)
[2019.11.01-10.33.09:844][448]LogModuleManager: Shutting down and abandoning module SessionServices (500)
[2019.11.01-10.33.09:844][448]LogModuleManager: Shutting down and abandoning module ViewportSnapping (498)
[2019.11.01-10.33.09:844][448]LogModuleManager: Shutting down and abandoning module ViewportInteraction (496)
[2019.11.01-10.33.09:844][448]LogModuleManager: Shutting down and abandoning module ClothPainter (494)
[2019.11.01-10.33.09:844][448]LogModuleManager: Shutting down and abandoning module SkeletalMeshEditor (493)
[2019.11.01-10.33.09:844][448]LogModuleManager: Shutting down and abandoning module LogVisualizer (490)
[2019.11.01-10.33.09:844][448]LogModuleManager: Shutting down and abandoning module IntroTutorials (488)
[2019.11.01-10.33.09:844][448]LogModuleManager: Shutting down and abandoning module GameProjectGeneration (487)
[2019.11.01-10.33.09:845][448]LogModuleManager: Shutting down and abandoning module IOSPlatformEditor (484)
[2019.11.01-10.33.09:845][448]LogModuleManager: Shutting down and abandoning module HTML5PlatformEditor (482)
[2019.11.01-10.33.09:845][448]LogModuleManager: Shutting down and abandoning module AndroidPlatformEditor (480)
[2019.11.01-10.33.09:845][448]LogModuleManager: Shutting down and abandoning module AndroidDeviceDetection (479)
[2019.11.01-10.33.10:758][448]LogModuleManager: Shutting down and abandoning module WindowsPlatformEditor (476)
[2019.11.01-10.33.10:758][448]LogModuleManager: Shutting down and abandoning module IOSRuntimeSettings (474)
[2019.11.01-10.33.10:759][448]LogModuleManager: Shutting down and abandoning module AndroidRuntimeSettings (472)
[2019.11.01-10.33.10:759][448]LogModuleManager: Shutting down and abandoning module InputBindingEditor (470)
[2019.11.01-10.33.10:759][448]LogModuleManager: Shutting down and abandoning module MergeActors (468)
[2019.11.01-10.33.10:759][448]LogModuleManager: Shutting down and abandoning module LocalizationDashboard (466)
[2019.11.01-10.33.10:759][448]LogModuleManager: Shutting down and abandoning module LocalizationService (465)
[2019.11.01-10.33.10:759][448]LogModuleManager: Shutting down and abandoning module HardwareTargeting (462)
[2019.11.01-10.33.10:759][448]LogModuleManager: Shutting down and abandoning module DeviceProfileEditor (460)
[2019.11.01-10.33.10:759][448]LogModuleManager: Shutting down and abandoning module UndoHistory (458)
[2019.11.01-10.33.10:759][448]LogModuleManager: Shutting down and abandoning module XmlParser (456)
[2019.11.01-10.33.10:759][448]LogModuleManager: Shutting down and abandoning module Blutility (454)
[2019.11.01-10.33.10:759][448]LogModuleManager: Shutting down and abandoning module ProjectSettingsViewer (452)
[2019.11.01-10.33.10:759][448]LogModuleManager: Shutting down and abandoning module ProjectTargetPlatformEditor (451)
[2019.11.01-10.33.10:759][448]LogModuleManager: Shutting down and abandoning module EditorSettingsViewer (448)
[2019.11.01-10.33.10:759][448]LogModuleManager: Shutting down and abandoning module SettingsEditor (446)
[2019.11.01-10.33.10:759][448]LogModuleManager: Shutting down and abandoning module ProjectLauncher (444)
[2019.11.01-10.33.10:759][448]LogModuleManager: Shutting down and abandoning module SessionFrontend (442)
[2019.11.01-10.33.10:759][448]LogModuleManager: Shutting down and abandoning module ProfilerClient (440)
[2019.11.01-10.33.10:759][448]LogModuleManager: Shutting down and abandoning module DeviceManager (438)
[2019.11.01-10.33.10:759][448]LogModuleManager: Shutting down and abandoning module TargetDeviceServices (437)
[2019.11.01-10.33.10:814][448]LogModuleManager: Shutting down and abandoning module AutomationController (434)
[2019.11.01-10.33.10:814][448]LogModuleManager: Shutting down and abandoning module AutomationWindow (432)
[2019.11.01-10.33.10:814][448]LogModuleManager: Shutting down and abandoning module Layers (430)
[2019.11.01-10.33.10:814][448]LogModuleManager: Shutting down and abandoning module ComponentVisualizers (428)
[2019.11.01-10.33.10:814][448]LogModuleManager: Shutting down and abandoning module DetailCustomizations (426)
[2019.11.01-10.33.10:814][448]LogModuleManager: Shutting down and abandoning module PackagesDialog (424)
[2019.11.01-10.33.10:814][448]LogModuleManager: Shutting down and abandoning module Persona (422)
[2019.11.01-10.33.10:814][448]LogModuleManager: Shutting down and abandoning module AdvancedPreviewScene (421)
[2019.11.01-10.33.10:814][448]LogModuleManager: Shutting down and abandoning module AnimGraph (419)
[2019.11.01-10.33.10:814][448]LogModuleManager: Shutting down and abandoning module Kismet (416)
[2019.11.01-10.33.10:814][448]LogModuleManager: Shutting down and abandoning module GraphEditor (414)
[2019.11.01-10.33.10:814][448]LogModuleManager: Shutting down and abandoning module ClassViewer (412)
[2019.11.01-10.33.10:814][448]LogModuleManager: Shutting down and abandoning module Toolbox (410)
[2019.11.01-10.33.10:814][448]LogModuleManager: Shutting down and abandoning module ModuleUI (408)
[2019.11.01-10.33.10:814][448]LogModuleManager: Shutting down and abandoning module MovieSceneTools (406)
[2019.11.01-10.33.10:814][448]LogModuleManager: Shutting down and abandoning module OutputLog (404)
[2019.11.01-10.33.10:815][448]LogModuleManager: Shutting down and abandoning module GammaUI (402)
[2019.11.01-10.33.10:815][448]LogModuleManager: Shutting down and abandoning module Documentation (400)
[2019.11.01-10.33.10:815][448]LogModuleManager: Shutting down and abandoning module MovieSceneTracks (398)
[2019.11.01-10.33.10:815][448]LogModuleManager: Shutting down and abandoning module MovieScene (396)
[2019.11.01-10.33.10:815][448]LogModuleManager: Shutting down and abandoning module StreamingPauseRendering (394)
[2019.11.01-10.33.10:815][448]LogModuleManager: Shutting down and abandoning module LauncherPlatform (392)
[2019.11.01-10.33.10:815][448]LogModuleManager: Shutting down and abandoning module AnalyticsET (390)
[2019.11.01-10.33.10:815][448]LogModuleManager: Shutting down and abandoning module PortalServices (388)
[2019.11.01-10.33.10:815][448]LogModuleManager: Shutting down and abandoning module PortalRpc (386)
[2019.11.01-10.33.10:815][448]LogModuleManager: Shutting down and abandoning module MessagingRpc (384)
[2019.11.01-10.33.10:815][448]LogModuleManager: Shutting down and abandoning module AIModule (382)
[2019.11.01-10.33.10:815][448]LogModuleManager: Shutting down and abandoning module GameplayDebugger (381)
[2019.11.01-10.33.10:815][448]LogModuleManager: Shutting down and abandoning module AITestSuite (379)
[2019.11.01-10.33.10:815][448]LogModuleManager: Shutting down and abandoning module ProfilerService (376)
[2019.11.01-10.33.10:908][448]LogModuleManager: Shutting down and abandoning module TaskGraph (374)
[2019.11.01-10.33.10:908][448]LogModuleManager: Shutting down and abandoning module SteamVRController (372)
[2019.11.01-10.33.10:908][448]LogModuleManager: Shutting down and abandoning module ProceduralMeshComponentEditor (370)
[2019.11.01-10.33.10:908][448]LogModuleManager: Shutting down and abandoning module ProceduralMeshComponent (368)
[2019.11.01-10.33.10:908][448]LogModuleManager: Shutting down and abandoning module OculusInput (366)
[2019.11.01-10.33.10:908][448]LogModuleManager: Shutting down and abandoning module MobilePatchingUtils (364)
[2019.11.01-10.33.10:908][448]LogModuleManager: Shutting down and abandoning module CustomMeshComponent (362)
[2019.11.01-10.33.10:908][448]LogModuleManager: Shutting down and abandoning module CableComponent (360)
[2019.11.01-10.33.10:908][448]LogModuleManager: Shutting down and abandoning module AudioCapture (358)
[2019.11.01-10.33.10:908][448]LogModuleManager: Shutting down and abandoning module ArchVisCharacter (356)
[2019.11.01-10.33.10:908][448]LogModuleManager: Shutting down and abandoning module AndroidPermission (354)
[2019.11.01-10.33.10:908][448]LogModuleManager: Shutting down and abandoning module NUTUnrealEngine4 (350)
[2019.11.01-10.33.10:908][448]LogModuleManager: Shutting down and abandoning module NetcodeUnitTest (348)
[2019.11.01-10.33.10:908][448]LogModuleManager: Shutting down and abandoning module MediaCompositingEditor (346)
[2019.11.01-10.33.10:908][448]LogModuleManager: Shutting down and abandoning module MediaCompositing (344)
[2019.11.01-10.33.10:909][448]LogModuleManager: Shutting down and abandoning module LinearTimecode (342)
[2019.11.01-10.33.10:909][448]LogModuleManager: Shutting down and abandoning module ImgMedia (340)
[2019.11.01-10.33.10:912][448]LogModuleManager: Shutting down and abandoning module HTML5Networking (338)
[2019.11.01-10.33.10:912][448]LogModuleManager: Shutting down and abandoning module AlembicImporter (336)
[2019.11.01-10.33.10:912][448]LogModuleManager: Shutting down and abandoning module AlembicLibrary (335)
[2019.11.01-10.33.10:912][448]LogModuleManager: Shutting down and abandoning module GeometryCache (334)
[2019.11.01-10.33.10:912][448]LogModuleManager: Shutting down and abandoning module GeometryCacheEd (333)
[2019.11.01-10.33.10:912][448]LogModuleManager: Shutting down and abandoning module DatasmithContent (328)
[2019.11.01-10.33.10:912][448]LogModuleManager: Shutting down and abandoning module SpeedTreeImporter (326)
[2019.11.01-10.33.10:912][448]LogModuleManager: Shutting down and abandoning module PluginBrowser (324)
[2019.11.01-10.33.10:912][448]LogModuleManager: Shutting down and abandoning module MobileLauncherProfileWizard (322)
[2019.11.01-10.33.10:912][448]LogModuleManager: Shutting down and abandoning module CryptoKeysOpenSSL (320)
[2019.11.01-10.33.10:912][448]LogModuleManager: Shutting down and abandoning module CryptoKeys (318)
[2019.11.01-10.33.10:912][448]LogModuleManager: Shutting down and abandoning module VisualStudioSourceCodeAccess (316)
[2019.11.01-10.33.10:912][448]LogModuleManager: Shutting down and abandoning module VisualStudioCodeSourceCodeAccess (314)
[2019.11.01-10.33.10:912][448]LogModuleManager: Shutting down and abandoning module UObjectPlugin (312)
[2019.11.01-10.33.10:912][448]LogModuleManager: Shutting down and abandoning module SubversionSourceControl (310)
[2019.11.01-10.33.10:912][448]LogModuleManager: Shutting down and abandoning module PerforceSourceControl (308)
[2019.11.01-10.33.10:912][448]LogModuleManager: Shutting down and abandoning module GitSourceControl (306)
[2019.11.01-10.33.10:912][448]LogModuleManager: Shutting down and abandoning module SourceControl (305)
[2019.11.01-10.33.10:912][448]LogModuleManager: Shutting down and abandoning module CLionSourceCodeAccess (302)
[2019.11.01-10.33.10:912][448]LogModuleManager: Shutting down and abandoning module LightPropagationVolumeEditor (300)
[2019.11.01-10.33.10:912][448]LogModuleManager: Shutting down and abandoning module PaperTiledImporter (298)
[2019.11.01-10.33.10:912][448]LogModuleManager: Shutting down and abandoning module PaperSpriteSheetImporter (296)
[2019.11.01-10.33.10:912][448]LogModuleManager: Shutting down and abandoning module Paper2DEditor (294)
[2019.11.01-10.33.10:913][448]LogModuleManager: Shutting down and abandoning module MeshPaint (293)
[2019.11.01-10.33.10:913][448]LogModuleManager: Shutting down and abandoning module RuntimePhysXCooking (288)
[2019.11.01-10.33.10:913][448]LogModuleManager: Shutting down and abandoning module PhysXVehiclesEditor (286)
[2019.11.01-10.33.10:913][448]LogModuleManager: Shutting down and abandoning module PhysXVehicles (284)
[2019.11.01-10.33.10:913][448]LogModuleManager: Shutting down and abandoning module OculusEditor (282)
[2019.11.01-10.33.10:913][448]LogModuleManager: Shutting down and abandoning module LocationServicesBPLibrary (280)
[2019.11.01-10.33.10:913][448]LogModuleManager: Shutting down and abandoning module ImmediatePhysicsEditor (278)
[2019.11.01-10.33.10:913][448]LogModuleManager: Shutting down and abandoning module ImmediatePhysics (276)
[2019.11.01-10.33.10:913][448]LogModuleManager: Shutting down and abandoning module ActorSequence (274)
[2019.11.01-10.33.10:913][448]LogModuleManager: Shutting down and abandoning module UdpMessaging (272)
[2019.11.01-10.33.11:013][448]LogModuleManager: Shutting down and abandoning module TcpMessaging (270)
[2019.11.01-10.33.11:114][448]LogModuleManager: Shutting down and abandoning module GameplayTagsEditor (268)
[2019.11.01-10.33.11:114][448]LogModuleManager: Shutting down and abandoning module FacialAnimationEditor (266)
[2019.11.01-10.33.11:114][448]LogModuleManager: Shutting down and abandoning module FacialAnimation (264)
[2019.11.01-10.33.11:114][448]LogModuleManager: Shutting down and abandoning module DataValidation (262)
[2019.11.01-10.33.11:114][448]LogModuleManager: Shutting down and abandoning module AssetManagerEditor (260)
[2019.11.01-10.33.11:114][448]LogModuleManager: Shutting down and abandoning module LevelEditor (259)
[2019.11.01-10.33.11:114][448]LogModuleManager: Shutting down and abandoning module PixelInspectorModule (258)
[2019.11.01-10.33.11:114][448]LogModuleManager: Shutting down and abandoning module CommonMenuExtensions (256)
[2019.11.01-10.33.11:115][448]LogModuleManager: Shutting down and abandoning module MainFrame (254)
[2019.11.01-10.33.11:115][448]LogModuleManager: Shutting down and abandoning module HotReload (253)
[2019.11.01-10.33.11:115][448]LogDirectoryWatcher: A directory notification for 'E:/UE projects/FPS_OL/UE4_FPS_Game/Shooter/Binaries/Win64' was aborted.
[2019.11.01-10.33.11:115][448]LogModuleManager: Shutting down and abandoning module ContentBrowser (249)
[2019.11.01-10.33.11:116][448]LogModuleManager: Shutting down and abandoning module TreeMap (247)
[2019.11.01-10.33.11:116][448]LogModuleManager: Shutting down and abandoning module LightPropagationVolumeRuntime (244)
[2019.11.01-10.33.11:116][448]LogModuleManager: Shutting down and abandoning module LiveLinkEditor (242)
[2019.11.01-10.33.11:116][448]LogModuleManager: Shutting down and abandoning module LiveLink (240)
[2019.11.01-10.33.11:136][448]LogModuleManager: Shutting down and abandoning module Paper2D (238)
[2019.11.01-10.33.11:136][448]LogModuleManager: Shutting down and abandoning module WindowsMoviePlayer (236)
[2019.11.01-10.33.11:136][448]LogModuleManager: Shutting down and abandoning module WmfMedia (234)
[2019.11.01-10.33.11:137][448]LogModuleManager: Shutting down and abandoning module Media (233)
[2019.11.01-10.33.11:143][448]LogModuleManager: Shutting down and abandoning module PacketHandler (230)
[2019.11.01-10.33.11:143][448]LogModuleManager: Shutting down and abandoning module ClothingSystemEditor (228)
[2019.11.01-10.33.11:143][448]LogModuleManager: Shutting down and abandoning module ClothingSystemRuntime (226)
[2019.11.01-10.33.11:143][448]LogModuleManager: Shutting down and abandoning module MediaAssets (224)
[2019.11.01-10.33.11:143][448]LogModuleManager: Shutting down and abandoning module Overlay (222)
[2019.11.01-10.33.11:143][448]LogModuleManager: Shutting down and abandoning module OverlayEditor (221)
[2019.11.01-10.33.11:143][448]LogModuleManager: Shutting down and abandoning module VREditor (218)
[2019.11.01-10.33.11:143][448]LogModuleManager: Shutting down and abandoning module StringTableEditor (216)
[2019.11.01-10.33.11:143][448]LogModuleManager: Shutting down and abandoning module GameplayTasksEditor (214)
[2019.11.01-10.33.11:143][448]LogModuleManager: Shutting down and abandoning module BehaviorTreeEditor (212)
[2019.11.01-10.33.11:143][448]LogModuleManager: Shutting down and abandoning module FunctionalTesting (210)
[2019.11.01-10.33.11:143][448]LogModuleManager: Shutting down and abandoning module CollisionAnalyzer (208)
[2019.11.01-10.33.11:143][448]LogModuleManager: Shutting down and abandoning module WorkspaceMenuStructure (207)
[2019.11.01-10.33.11:143][448]LogModuleManager: Shutting down and abandoning module UMG (204)
[2019.11.01-10.33.11:143][448]LogModuleManager: Shutting down and abandoning module UMGEditor (203)
[2019.11.01-10.33.11:144][448]LogModuleManager: Shutting down and abandoning module Sequencer (202)
[2019.11.01-10.33.11:144][448]LogModuleManager: Shutting down and abandoning module MessageLog (199)
[2019.11.01-10.33.11:144][448]LogModuleManager: Shutting down and abandoning module SlateReflector (194)
[2019.11.01-10.33.11:144][448]LogModuleManager: Shutting down and abandoning module Slate (192)
[2019.11.01-10.33.11:144][448]LogModuleManager: Shutting down and abandoning module EditorStyle (190)
[2019.11.01-10.33.11:145][448]LogModuleManager: Shutting down and abandoning module MRMesh (188)
[2019.11.01-10.33.11:145][448]LogModuleManager: Shutting down and abandoning module SourceCodeAccess (186)
[2019.11.01-10.33.11:145][448]LogModuleManager: Shutting down and abandoning module HeadMountedDisplay (184)
[2019.11.01-10.33.11:145][448]LogModuleManager: Shutting down and abandoning module XAudio2 (182)
[2019.11.01-10.33.11:145][448]LogModuleManager: Shutting down and abandoning module Networking (180)
[2019.11.01-10.33.11:145][448]LogModuleManager: Shutting down and abandoning module Core (178)
[2019.11.01-10.33.11:145][448]LogModuleManager: Shutting down and abandoning module LevelSequence (176)
[2019.11.01-10.33.11:145][448]LogModuleManager: Shutting down and abandoning module KismetCompiler (174)
[2019.11.01-10.33.11:145][448]LogModuleManager: Shutting down and abandoning module MeshUtilities (172)
[2019.11.01-10.33.11:145][448]LogModuleManager: Shutting down and abandoning module MeshMergeUtilities (171)
[2019.11.01-10.33.11:145][448]LogModuleManager: Shutting down and abandoning module MeshReductionInterface (170)
[2019.11.01-10.33.11:145][448]LogModuleManager: Shutting down and abandoning module SimplygonSwarm (169)
[2019.11.01-10.33.11:145][448]LogModuleManager: Shutting down and abandoning module SimplygonMeshReduction (167)
[2019.11.01-10.33.11:145][448]LogModuleManager: Shutting down and abandoning module QuadricMeshReduction (165)
[2019.11.01-10.33.11:145][448]LogModuleManager: Shutting down and abandoning module MaterialBaking (161)
[2019.11.01-10.33.11:146][448]LogModuleManager: Shutting down and abandoning module DirectoryWatcher (157)
[2019.11.01-10.33.11:146][448]LogModuleManager: Shutting down and abandoning module DerivedDataCache (154)
[2019.11.01-10.33.11:638][448]LogDerivedDataCache: Shutdown
[2019.11.01-10.33.11:638][448]LogModuleManager: Shutting down and abandoning module XGEController (152)
[2019.11.01-10.33.11:638][448]LogModuleManager: Shutting down and abandoning module TargetPlatform (150)
[2019.11.01-10.33.11:638][448]LogModuleManager: Shutting down and abandoning module VulkanShaderFormat (149)
[2019.11.01-10.33.11:638][448]LogModuleManager: Shutting down and abandoning module ShaderFormatVectorVM (147)
[2019.11.01-10.33.11:638][448]LogModuleManager: Shutting down and abandoning module ShaderFormatOpenGL (145)
[2019.11.01-10.33.11:639][448]LogModuleManager: Shutting down and abandoning module ShaderFormatD3D (143)
[2019.11.01-10.33.11:639][448]LogModuleManager: Shutting down and abandoning module MetalShaderFormat (141)
[2019.11.01-10.33.11:639][448]LogModuleManager: Shutting down and abandoning module TextureFormatUncompressed (139)
[2019.11.01-10.33.11:639][448]LogModuleManager: Shutting down and abandoning module TextureFormatPVR (137)
[2019.11.01-10.33.11:639][448]LogModuleManager: Shutting down and abandoning module TextureFormatDXT (135)
[2019.11.01-10.33.11:639][448]LogModuleManager: Shutting down and abandoning module TextureFormatIntelISPCTexComp (133)
[2019.11.01-10.33.11:639][448]LogModuleManager: Shutting down and abandoning module TextureFormatASTC (131)
[2019.11.01-10.33.11:639][448]LogModuleManager: Shutting down and abandoning module ImageWrapper (130)
[2019.11.01-10.33.11:639][448]LogModuleManager: Shutting down and abandoning module TextureFormatAndroid (127)
[2019.11.01-10.33.11:639][448]LogModuleManager: Shutting down and abandoning module AudioFormatOpus (125)
[2019.11.01-10.33.11:639][448]LogModuleManager: Shutting down and abandoning module AudioFormatOgg (123)
[2019.11.01-10.33.11:639][448]LogModuleManager: Shutting down and abandoning module AudioFormatADPCM (121)
[2019.11.01-10.33.11:639][448]LogModuleManager: Shutting down and abandoning module LinuxTargetPlatform (119)
[2019.11.01-10.33.11:639][448]LogModuleManager: Shutting down and abandoning module LinuxServerTargetPlatform (117)
[2019.11.01-10.33.11:639][448]LogModuleManager: Shutting down and abandoning module LinuxNoEditorTargetPlatform (115)
[2019.11.01-10.33.11:639][448]LogModuleManager: Shutting down and abandoning module LinuxClientTargetPlatform (113)
[2019.11.01-10.33.11:639][448]LogModuleManager: Shutting down and abandoning module TVOSTargetPlatform (111)
[2019.11.01-10.33.11:639][448]LogModuleManager: Shutting down and abandoning module Messaging (109)
[2019.11.01-10.33.11:639][448]LogModuleManager: Shutting down and abandoning module IOSTargetPlatform (107)
[2019.11.01-10.33.11:639][448]LogModuleManager: Shutting down and abandoning module HTML5TargetPlatform (105)
[2019.11.01-10.33.11:639][448]LogModuleManager: Shutting down and abandoning module AndroidTargetPlatform (103)
[2019.11.01-10.33.11:639][448]LogModuleManager: Shutting down and abandoning module Android_PVRTCTargetPlatform (101)
[2019.11.01-10.33.11:639][448]LogModuleManager: Shutting down and abandoning module Android_MultiTargetPlatform (99)
[2019.11.01-10.33.11:639][448]LogModuleManager: Shutting down and abandoning module Android_ETC2TargetPlatform (97)
[2019.11.01-10.33.11:639][448]LogModuleManager: Shutting down and abandoning module Android_ETC1TargetPlatform (95)
[2019.11.01-10.33.11:639][448]LogModuleManager: Shutting down and abandoning module Android_ETC1aTargetPlatform (93)
[2019.11.01-10.33.11:639][448]LogModuleManager: Shutting down and abandoning module Android_DXTTargetPlatform (91)
[2019.11.01-10.33.11:639][448]LogModuleManager: Shutting down and abandoning module Android_ATCTargetPlatform (89)
[2019.11.01-10.33.11:639][448]LogModuleManager: Shutting down and abandoning module Android_ASTCTargetPlatform (87)
[2019.11.01-10.33.11:639][448]LogModuleManager: Shutting down and abandoning module WindowsTargetPlatform (85)
[2019.11.01-10.33.11:639][448]LogModuleManager: Shutting down and abandoning module WindowsServerTargetPlatform (83)
[2019.11.01-10.33.11:639][448]LogModuleManager: Shutting down and abandoning module WindowsNoEditorTargetPlatform (81)
[2019.11.01-10.33.11:639][448]LogModuleManager: Shutting down and abandoning module WindowsClientTargetPlatform (79)
[2019.11.01-10.33.11:639][448]LogModuleManager: Shutting down and abandoning module MacTargetPlatform (77)
[2019.11.01-10.33.11:639][448]LogModuleManager: Shutting down and abandoning module MacServerTargetPlatform (75)
[2019.11.01-10.33.11:639][448]LogModuleManager: Shutting down and abandoning module MacNoEditorTargetPlatform (73)
[2019.11.01-10.33.11:639][448]LogModuleManager: Shutting down and abandoning module MacClientTargetPlatform (71)
[2019.11.01-10.33.11:640][448]LogModuleManager: Shutting down and abandoning module AllDesktopTargetPlatform (69)
[2019.11.01-10.33.11:640][448]LogModuleManager: Shutting down and abandoning module InputCore (66)
[2019.11.01-10.33.11:640][448]LogModuleManager: Shutting down and abandoning module Settings (64)
[2019.11.01-10.33.11:640][448]LogModuleManager: Shutting down and abandoning module PhysXCooking (62)
[2019.11.01-10.33.11:640][448]LogModuleManager: Shutting down and abandoning module SteamVR (60)
[2019.11.01-10.33.11:640][448]LogModuleManager: Shutting down and abandoning module OculusHMD (58)
[2019.11.01-10.33.11:640][448]LogModuleManager: Shutting down and abandoning module ExampleDeviceProfileSelector (56)
[2019.11.01-10.33.11:640][448]LogModuleManager: Shutting down and abandoning module AppleARKit (54)
[2019.11.01-10.33.11:640][448]LogModuleManager: Shutting down and abandoning module AugmentedReality (51)
[2019.11.01-10.33.11:640][448]LogModuleManager: Shutting down and abandoning module OnlineBlueprintSupport (48)
[2019.11.01-10.33.11:640][448]LogModuleManager: Shutting down and abandoning module OnlineSubsystem (44)
[2019.11.01-10.33.11:640][448]LogModuleManager: Shutting down and abandoning module XMPP (43)
[2019.11.01-10.33.11:640][448]LogModuleManager: Shutting down and abandoning module HTTP (41)
[2019.11.01-10.33.11:640][448]LogHttp: Display: Http module shutting down, but needs to wait on 1 outstanding Http requests:
[2019.11.01-10.33.11:640][448]LogHttp: Display: 	verb=[POST] url=[https://datarouter.ol.epicgames.com/datarouter/api/v1/public/data?SessionID=%7BD12D5CF7-4576-A49C-B95A-D690AD5FB930%7D&AppID=UEEditor.Rocket.Release&AppVersion=4.19.2-4033788%2B%2B%2BUE4%2BRelease-4.19&UserID=840ec4ba49d82b299709968a72d3d05c%7C5426ef3006d448d49826dbb8a56cf3d6%7Cec21321b-db10-403e-bb0e-d8e99cc05b4b&AppEnvironment=datacollector-binary&UploadType=eteventstream] status=Processing
[2019.11.01-10.33.11:663][448]LogModuleManager: Shutting down and abandoning module SSL (40)
[2019.11.01-10.33.11:664][448]LogModuleManager: Shutting down and abandoning module AnimationModifiers (36)
[2019.11.01-10.33.11:664][448]LogModuleManager: Shutting down and abandoning module PropertyEditor (35)
[2019.11.01-10.33.11:665][448]LogModuleManager: Shutting down and abandoning module AudioEditor (32)
[2019.11.01-10.33.11:665][448]LogModuleManager: Shutting down and abandoning module TextureCompressor (30)
[2019.11.01-10.33.11:665][448]LogModuleManager: Shutting down and abandoning module ShaderCore (28)
[2019.11.01-10.33.11:665][448]LogModuleManager: Shutting down and abandoning module Landscape (26)
[2019.11.01-10.33.11:665][448]LogModuleManager: Shutting down and abandoning module SlateRHIRenderer (24)
[2019.11.01-10.33.11:665][448]LogModuleManager: Shutting down and abandoning module OpenGLDrv (22)
[2019.11.01-10.33.11:665][448]LogModuleManager: Shutting down and abandoning module D3D11RHI (20)
[2019.11.01-10.33.11:665][448]LogModuleManager: Shutting down and abandoning module AnimGraphRuntime (18)
[2019.11.01-10.33.11:665][448]LogModuleManager: Shutting down and abandoning module Renderer (16)
[2019.11.01-10.33.11:665][448]LogModuleManager: Shutting down and abandoning module Engine (14)
[2019.11.01-10.33.11:665][448]LogModuleManager: Shutting down and abandoning module CoreUObject (12)
[2019.11.01-10.33.11:665][448]LogModuleManager: Shutting down and abandoning module NetworkFile (10)
[2019.11.01-10.33.11:665][448]LogModuleManager: Shutting down and abandoning module CookedIterativeFile (8)
[2019.11.01-10.33.11:665][448]LogModuleManager: Shutting down and abandoning module StreamingFile (6)
[2019.11.01-10.33.11:665][448]LogModuleManager: Shutting down and abandoning module SandboxFile (4)
[2019.11.01-10.33.11:665][448]LogModuleManager: Shutting down and abandoning module PakFile (2)
[2019.11.01-10.33.11:672][448]LogExit: Exiting.
[2019.11.01-10.33.11:684][448]Log file closed, 11/01/19 18:33:11
