Log file open, 06/07/19 14:31:43
LogWindows: Failed to load 'aqProf.dll' (GetLastError=126)
LogWindows: File 'aqProf.dll' does not exist
LogWindows: Failed to load 'VtuneApi.dll' (GetLastError=126)
LogWindows: File 'VtuneApi.dll' does not exist
LogWindows: Failed to load 'VtuneApi32e.dll' (GetLastError=126)
LogWindows: File 'VtuneApi32e.dll' does not exist
LogInit: Display: Running engine for game: Shooter
LogPlatformFile: Not using cached read wrapper
LogInit: Display: RandInit(-1784344885) SRandInit(-1784344885).
LogInit: Read version file with build ID '3944462'
LogInit: Overriding engine version to CL 4033788, compatible CL 3944462
LogInit: Registered custom module enumerator with build ID '3944462'
LogTaskGraph: Started task graph with 5 named threads and 23 total threads with 3 sets of task threads.
LogStats: Stats thread started at 0.275563
LogD3D11RHI: Aftermath initialized
LogICUInternationalization: Display: ICU TimeZone Detection - Raw Offset: +0:00, Platform Override: ''
LogPluginManager: Mounting plugin Paper2D
LogPluginManager: Mounting plugin LiveLink
LogPluginManager: Mounting plugin LightPropagationVolume
LogPluginManager: Mounting plugin CLionSourceCodeAccess
LogPluginManager: Mounting plugin CodeLiteSourceCodeAccess
LogPluginManager: Mounting plugin GitSourceControl
LogPluginManager: Mounting plugin KDevelopSourceCodeAccess
LogPluginManager: Mounting plugin NullSourceCodeAccess
LogPluginManager: Mounting plugin PerforceSourceControl
LogPluginManager: Mounting plugin SubversionSourceControl
LogPluginManager: Mounting plugin UObjectPlugin
LogPluginManager: Mounting plugin VisualStudioCodeSourceCodeAccess
LogPluginManager: Mounting plugin VisualStudioSourceCodeAccess
LogPluginManager: Mounting plugin XCodeSourceCodeAccess
LogPluginManager: Mounting plugin AssetManagerEditor
LogPluginManager: Mounting plugin CryptoKeys
LogPluginManager: Mounting plugin DataValidation
LogPluginManager: Mounting plugin FacialAnimation
LogPluginManager: Mounting plugin GameplayTagsEditor
LogPluginManager: Mounting plugin MobileLauncherProfileWizard
LogPluginManager: Mounting plugin PluginBrowser
LogPluginManager: Mounting plugin SpeedTreeImporter
LogPluginManager: Mounting plugin DatasmithContent
LogPluginManager: Mounting plugin AlembicImporter
LogPluginManager: Mounting plugin CharacterAI
LogPluginManager: Mounting plugin HTML5Networking
LogPluginManager: Mounting plugin AndroidMedia
LogPluginManager: Mounting plugin AvfMedia
LogPluginManager: Mounting plugin ImgMedia
LogPluginManager: Mounting plugin LinearTimecode
LogPluginManager: Mounting plugin MediaCompositing
LogPluginManager: Mounting plugin MediaPlayerEditor
LogPluginManager: Mounting plugin WmfMedia
LogPluginManager: Mounting plugin TcpMessaging
LogPluginManager: Mounting plugin UdpMessaging
LogPluginManager: Mounting plugin ActorSequence
LogPluginManager: Mounting plugin LevelSequenceEditor
LogPluginManager: Mounting plugin MatineeToLevelSequence
LogPluginManager: Mounting plugin NetcodeUnitTest
LogPluginManager: Mounting plugin NUTUnrealEngine4
LogPluginManager: Mounting plugin OnlineSubsystemGooglePlay
LogPluginManager: Mounting plugin OnlineSubsystemIOS
LogPluginManager: Mounting plugin OnlineSubsystem
LogPluginManager: Mounting plugin OnlineSubsystemNull
LogPluginManager: Mounting plugin OnlineSubsystemUtils
LogPluginManager: Mounting plugin AndroidDeviceProfileSelector
LogPluginManager: Mounting plugin AndroidMoviePlayer
LogPluginManager: Mounting plugin AndroidPermission
LogPluginManager: Mounting plugin AppleARKit
LogPluginManager: Mounting plugin AppleMoviePlayer
LogPluginManager: Mounting plugin ArchVisCharacter
LogPluginManager: Mounting plugin AudioCapture
LogPluginManager: Mounting plugin CableComponent
LogPluginManager: Mounting plugin CustomMeshComponent
LogPluginManager: Mounting plugin ExampleDeviceProfileSelector
LogPluginManager: Mounting plugin GoogleCloudMessaging
LogPluginManager: Mounting plugin ImmediatePhysics
LogPluginManager: Mounting plugin IOSDeviceProfileSelector
LogPluginManager: Mounting plugin LinuxDeviceProfileSelector
LogPluginManager: Mounting plugin LocationServicesBPLibrary
LogPluginManager: Mounting plugin MobilePatchingUtils
LogPluginManager: Mounting plugin OculusVR
LogPluginManager: Plugin shader directory ../../../Engine/Plugins/Runtime/Oculus/OculusVR/Shaders found
LogPluginManager: Mapping shader source directory ../../../Engine/Plugins/Runtime/Oculus/OculusVR/Shaders to virtual directory /Plugin/OculusVR
LogPluginManager: Mounting plugin PhysXVehicles
LogPluginManager: Mounting plugin ProceduralMeshComponent
LogPluginManager: Mounting plugin RuntimePhysXCooking
LogPluginManager: Mounting plugin SteamVR
LogPluginManager: Mounting plugin WindowsMoviePlayer
LogStreaming: Display: Took  0.261s to configure plugins.
LogModuleManager: Display: Found up-to-date module file E:/UE projects/FPS_OL/UE4_FPS_Game/Shooter/Binaries/Win64/UE4Editor-Shooter-6032.dll (API version 3944462).
LogModuleManager: Display: Found up-to-date module file ../../../Engine/Plugins/2D/Paper2D/Binaries/Win64/UE4Editor-Paper2D.dll (API version 3944462).
LogModuleManager: Display: Found up-to-date module file ../../../Engine/Plugins/2D/Paper2D/Binaries/Win64/UE4Editor-Paper2DEditor.dll (API version 3944462).
LogModuleManager: Display: Found up-to-date module file ../../../Engine/Plugins/2D/Paper2D/Binaries/Win64/UE4Editor-PaperSpriteSheetImporter.dll (API version 3944462).
LogModuleManager: Display: Found up-to-date module file ../../../Engine/Plugins/2D/Paper2D/Binaries/Win64/UE4Editor-PaperTiledImporter.dll (API version 3944462).
LogModuleManager: Display: Found up-to-date module file ../../../Engine/Plugins/2D/Paper2D/Binaries/Win64/UE4Editor-SmartSnapping.dll (API version 3944462).
LogModuleManager: Display: Found up-to-date module file ../../../Engine/Plugins/Animation/LiveLink/Binaries/Win64/UE4Editor-LiveLink.dll (API version 3944462).
LogModuleManager: Display: Found up-to-date module file ../../../Engine/Plugins/Animation/LiveLink/Binaries/Win64/UE4Editor-LiveLinkEditor.dll (API version 3944462).
LogModuleManager: Display: Found up-to-date module file ../../../Engine/Plugins/Blendables/LightPropagationVolume/Binaries/Win64/UE4Editor-LightPropagationVolumeRuntime.dll (API version 3944462).
LogModuleManager: Display: Found up-to-date module file ../../../Engine/Plugins/Blendables/LightPropagationVolume/Binaries/Win64/UE4Editor-LightPropagationVolumeEditor.dll (API version 3944462).
LogModuleManager: Display: Found up-to-date module file ../../../Engine/Plugins/Developer/CLionSourceCodeAccess/Binaries/Win64/UE4Editor-CLionSourceCodeAccess.dll (API version 3944462).
LogModuleManager: Display: Found up-to-date module file ../../../Engine/Plugins/Developer/GitSourceControl/Binaries/Win64/UE4Editor-GitSourceControl.dll (API version 3944462).
LogModuleManager: Display: Found up-to-date module file ../../../Engine/Plugins/Developer/PerforceSourceControl/Binaries/Win64/UE4Editor-PerforceSourceControl.dll (API version 3944462).
LogModuleManager: Display: Found up-to-date module file ../../../Engine/Plugins/Developer/SubversionSourceControl/Binaries/Win64/UE4Editor-SubversionSourceControl.dll (API version 3944462).
LogModuleManager: Display: Found up-to-date module file ../../../Engine/Plugins/Developer/UObjectPlugin/Binaries/Win64/UE4Editor-UObjectPlugin.dll (API version 3944462).
LogModuleManager: Display: Found up-to-date module file ../../../Engine/Plugins/Developer/VisualStudioCodeSourceCodeAccess/Binaries/Win64/UE4Editor-VisualStudioCodeSourceCodeAccess.dll (API version 3944462).
LogModuleManager: Display: Found up-to-date module file ../../../Engine/Plugins/Developer/VisualStudioSourceCodeAccess/Binaries/Win64/UE4Editor-VisualStudioSourceCodeAccess.dll (API version 3944462).
LogModuleManager: Display: Found up-to-date module file ../../../Engine/Plugins/Editor/AssetManagerEditor/Binaries/Win64/UE4Editor-AssetManagerEditor.dll (API version 3944462).
LogModuleManager: Display: Found up-to-date module file ../../../Engine/Plugins/Editor/CryptoKeys/Binaries/Win64/UE4Editor-CryptoKeys.dll (API version 3944462).
LogModuleManager: Display: Found up-to-date module file ../../../Engine/Plugins/Editor/CryptoKeys/Binaries/Win64/UE4Editor-CryptoKeysOpenSSL.dll (API version 3944462).
LogModuleManager: Display: Found up-to-date module file ../../../Engine/Plugins/Editor/DataValidation/Binaries/Win64/UE4Editor-DataValidation.dll (API version 3944462).
LogModuleManager: Display: Found up-to-date module file ../../../Engine/Plugins/Editor/FacialAnimation/Binaries/Win64/UE4Editor-FacialAnimation.dll (API version 3944462).
LogModuleManager: Display: Found up-to-date module file ../../../Engine/Plugins/Editor/FacialAnimation/Binaries/Win64/UE4Editor-FacialAnimationEditor.dll (API version 3944462).
LogModuleManager: Display: Found up-to-date module file ../../../Engine/Plugins/Editor/GameplayTagsEditor/Binaries/Win64/UE4Editor-GameplayTagsEditor.dll (API version 3944462).
LogModuleManager: Display: Found up-to-date module file ../../../Engine/Plugins/Editor/MobileLauncherProfileWizard/Binaries/Win64/UE4Editor-MobileLauncherProfileWizard.dll (API version 3944462).
LogModuleManager: Display: Found up-to-date module file ../../../Engine/Plugins/Editor/PluginBrowser/Binaries/Win64/UE4Editor-PluginBrowser.dll (API version 3944462).
LogModuleManager: Display: Found up-to-date module file ../../../Engine/Plugins/Editor/SpeedTreeImporter/Binaries/Win64/UE4Editor-SpeedTreeImporter.dll (API version 3944462).
LogModuleManager: Display: Found up-to-date module file ../../../Engine/Plugins/Enterprise/DatasmithContent/Binaries/Win64/UE4Editor-DatasmithContent.dll (API version 3944462).
LogModuleManager: Display: Found up-to-date module file ../../../Engine/Plugins/Experimental/AlembicImporter/Binaries/Win64/UE4Editor-AlembicImporter.dll (API version 3944462).
LogModuleManager: Display: Found up-to-date module file ../../../Engine/Plugins/Experimental/AlembicImporter/Binaries/Win64/UE4Editor-AlembicLibrary.dll (API version 3944462).
LogModuleManager: Display: Found up-to-date module file ../../../Engine/Plugins/Experimental/CharacterAI/Binaries/Win64/UE4Editor-CharacterAI.dll (API version 3944462).
LogModuleManager: Display: Found up-to-date module file ../../../Engine/Plugins/Experimental/HTML5Networking/Binaries/Win64/UE4Editor-HTML5Networking.dll (API version 3944462).
LogModuleManager: Display: Found up-to-date module file ../../../Engine/Plugins/Media/AndroidMedia/Binaries/Win64/UE4Editor-AndroidMediaEditor.dll (API version 3944462).
LogModuleManager: Display: Found up-to-date module file ../../../Engine/Plugins/Media/AndroidMedia/Binaries/Win64/UE4Editor-AndroidMediaFactory.dll (API version 3944462).
LogModuleManager: Display: Found up-to-date module file ../../../Engine/Plugins/Media/AvfMedia/Binaries/Win64/UE4Editor-AvfMediaEditor.dll (API version 3944462).
LogModuleManager: Display: Found up-to-date module file ../../../Engine/Plugins/Media/AvfMedia/Binaries/Win64/UE4Editor-AvfMediaFactory.dll (API version 3944462).
LogModuleManager: Display: Found up-to-date module file ../../../Engine/Plugins/Media/AvfMedia/Binaries/Win64/UE4Editor-AvfMediaFactory.dll (API version 3944462).
LogModuleManager: Display: Found up-to-date module file ../../../Engine/Plugins/Media/ImgMedia/Binaries/Win64/UE4Editor-ImgMedia.dll (API version 3944462).
LogModuleManager: Display: Found up-to-date module file ../../../Engine/Plugins/Media/ImgMedia/Binaries/Win64/UE4Editor-ImgMediaEditor.dll (API version 3944462).
LogModuleManager: Display: Found up-to-date module file ../../../Engine/Plugins/Media/ImgMedia/Binaries/Win64/UE4Editor-ImgMediaFactory.dll (API version 3944462).
LogModuleManager: Display: Found up-to-date module file ../../../Engine/Plugins/Media/ImgMedia/Binaries/Win64/UE4Editor-ImgMediaFactory.dll (API version 3944462).
LogModuleManager: Display: Found up-to-date module file ../../../Engine/Plugins/Media/ImgMedia/Binaries/Win64/UE4Editor-OpenExrWrapper.dll (API version 3944462).
LogModuleManager: Display: Found up-to-date module file ../../../Engine/Plugins/Media/LinearTimecode/Binaries/Win64/UE4Editor-LinearTimecode.dll (API version 3944462).
LogModuleManager: Display: Found up-to-date module file ../../../Engine/Plugins/Media/MediaCompositing/Binaries/Win64/UE4Editor-MediaCompositing.dll (API version 3944462).
LogModuleManager: Display: Found up-to-date module file ../../../Engine/Plugins/Media/MediaCompositing/Binaries/Win64/UE4Editor-MediaCompositingEditor.dll (API version 3944462).
LogModuleManager: Display: Found up-to-date module file ../../../Engine/Plugins/Media/MediaPlayerEditor/Binaries/Win64/UE4Editor-MediaPlayerEditor.dll (API version 3944462).
LogModuleManager: Display: Found up-to-date module file ../../../Engine/Plugins/Media/WmfMedia/Binaries/Win64/UE4Editor-WmfMedia.dll (API version 3944462).
LogModuleManager: Display: Found up-to-date module file ../../../Engine/Plugins/Media/WmfMedia/Binaries/Win64/UE4Editor-WmfMediaEditor.dll (API version 3944462).
LogModuleManager: Display: Found up-to-date module file ../../../Engine/Plugins/Media/WmfMedia/Binaries/Win64/UE4Editor-WmfMediaFactory.dll (API version 3944462).
LogModuleManager: Display: Found up-to-date module file ../../../Engine/Plugins/Media/WmfMedia/Binaries/Win64/UE4Editor-WmfMediaFactory.dll (API version 3944462).
LogModuleManager: Display: Found up-to-date module file ../../../Engine/Plugins/Messaging/TcpMessaging/Binaries/Win64/UE4Editor-TcpMessaging.dll (API version 3944462).
LogModuleManager: Display: Found up-to-date module file ../../../Engine/Plugins/Messaging/UdpMessaging/Binaries/Win64/UE4Editor-UdpMessaging.dll (API version 3944462).
LogModuleManager: Display: Found up-to-date module file ../../../Engine/Plugins/MovieScene/ActorSequence/Binaries/Win64/UE4Editor-ActorSequence.dll (API version 3944462).
LogModuleManager: Display: Found up-to-date module file ../../../Engine/Plugins/MovieScene/LevelSequenceEditor/Binaries/Win64/UE4Editor-LevelSequenceEditor.dll (API version 3944462).
LogModuleManager: Display: Found up-to-date module file ../../../Engine/Plugins/MovieScene/MatineeToLevelSequence/Binaries/Win64/UE4Editor-MatineeToLevelSequence.dll (API version 3944462).
LogModuleManager: Display: Found up-to-date module file ../../../Engine/Plugins/NetcodeUnitTest/NetcodeUnitTest/Binaries/Win64/UE4Editor-NetcodeUnitTest.dll (API version 3944462).
LogModuleManager: Display: Found up-to-date module file ../../../Engine/Plugins/NetcodeUnitTest/NUTUnrealEngine4/Binaries/Win64/UE4Editor-NUTUnrealEngine4.dll (API version 3944462).
LogModuleManager: Display: Found up-to-date module file ../../../Engine/Plugins/Online/OnlineSubsystem/Binaries/Win64/UE4Editor-OnlineSubsystem.dll (API version 3944462).
LogModuleManager: Display: Found up-to-date module file ../../../Engine/Plugins/Online/OnlineSubsystemNull/Binaries/Win64/UE4Editor-OnlineSubsystemNull.dll (API version 3944462).
LogModuleManager: Display: Found up-to-date module file ../../../Engine/Plugins/Online/OnlineSubsystemUtils/Binaries/Win64/UE4Editor-OnlineSubsystemUtils.dll (API version 3944462).
LogModuleManager: Display: Found up-to-date module file ../../../Engine/Plugins/Online/OnlineSubsystemUtils/Binaries/Win64/UE4Editor-OnlineBlueprintSupport.dll (API version 3944462).
LogModuleManager: Display: Found up-to-date module file ../../../Engine/Plugins/Runtime/AndroidDeviceProfileSelector/Binaries/Win64/UE4Editor-AndroidDeviceProfileSelector.dll (API version 3944462).
LogModuleManager: Display: Found up-to-date module file ../../../Engine/Plugins/Runtime/AndroidPermission/Binaries/Win64/UE4Editor-AndroidPermission.dll (API version 3944462).
LogModuleManager: Display: Found up-to-date module file ../../../Engine/Plugins/Runtime/AppleARKit/Binaries/Win64/UE4Editor-AppleARKit.dll (API version 3944462).
LogModuleManager: Display: Found up-to-date module file ../../../Engine/Plugins/Runtime/ArchVisCharacter/Binaries/Win64/UE4Editor-ArchVisCharacter.dll (API version 3944462).
LogModuleManager: Display: Found up-to-date module file ../../../Engine/Plugins/Runtime/AudioCapture/Binaries/Win64/UE4Editor-AudioCapture.dll (API version 3944462).
LogModuleManager: Display: Found up-to-date module file ../../../Engine/Plugins/Runtime/AudioCapture/Binaries/Win64/UE4Editor-AudioCaptureEditor.dll (API version 3944462).
LogModuleManager: Display: Found up-to-date module file ../../../Engine/Plugins/Runtime/CableComponent/Binaries/Win64/UE4Editor-CableComponent.dll (API version 3944462).
LogModuleManager: Display: Found up-to-date module file ../../../Engine/Plugins/Runtime/CustomMeshComponent/Binaries/Win64/UE4Editor-CustomMeshComponent.dll (API version 3944462).
LogModuleManager: Display: Found up-to-date module file ../../../Engine/Plugins/Runtime/ExampleDeviceProfileSelector/Binaries/Win64/UE4Editor-ExampleDeviceProfileSelector.dll (API version 3944462).
LogModuleManager: Display: Found up-to-date module file ../../../Engine/Plugins/Runtime/ImmediatePhysics/Binaries/Win64/UE4Editor-ImmediatePhysics.dll (API version 3944462).
LogModuleManager: Display: Found up-to-date module file ../../../Engine/Plugins/Runtime/ImmediatePhysics/Binaries/Win64/UE4Editor-ImmediatePhysicsEditor.dll (API version 3944462).
LogModuleManager: Display: Found up-to-date module file ../../../Engine/Plugins/Runtime/LocationServicesBPLibrary/Binaries/Win64/UE4Editor-LocationServicesBPLibrary.dll (API version 3944462).
LogModuleManager: Display: Found up-to-date module file ../../../Engine/Plugins/Runtime/MobilePatchingUtils/Binaries/Win64/UE4Editor-MobilePatchingUtils.dll (API version 3944462).
LogModuleManager: Display: Found up-to-date module file ../../../Engine/Plugins/Runtime/Oculus/OculusVR/Binaries/Win64/UE4Editor-OculusHMD.dll (API version 3944462).
LogModuleManager: Display: Found up-to-date module file ../../../Engine/Plugins/Runtime/Oculus/OculusVR/Binaries/Win64/UE4Editor-OculusInput.dll (API version 3944462).
LogModuleManager: Display: Found up-to-date module file ../../../Engine/Plugins/Runtime/Oculus/OculusVR/Binaries/Win64/UE4Editor-OculusEditor.dll (API version 3944462).
LogModuleManager: Display: Found up-to-date module file ../../../Engine/Plugins/Runtime/PhysXVehicles/Binaries/Win64/UE4Editor-PhysXVehicles.dll (API version 3944462).
LogModuleManager: Display: Found up-to-date module file ../../../Engine/Plugins/Runtime/PhysXVehicles/Binaries/Win64/UE4Editor-PhysXVehiclesEditor.dll (API version 3944462).
LogModuleManager: Display: Found up-to-date module file ../../../Engine/Plugins/Runtime/ProceduralMeshComponent/Binaries/Win64/UE4Editor-ProceduralMeshComponent.dll (API version 3944462).
LogModuleManager: Display: Found up-to-date module file ../../../Engine/Plugins/Runtime/ProceduralMeshComponent/Binaries/Win64/UE4Editor-ProceduralMeshComponentEditor.dll (API version 3944462).
LogModuleManager: Display: Found up-to-date module file ../../../Engine/Plugins/Runtime/RuntimePhysXCooking/Binaries/Win64/UE4Editor-RuntimePhysXCooking.dll (API version 3944462).
LogModuleManager: Display: Found up-to-date module file ../../../Engine/Plugins/Runtime/Steam/SteamVR/Binaries/Win64/UE4Editor-SteamVR.dll (API version 3944462).
LogModuleManager: Display: Found up-to-date module file ../../../Engine/Plugins/Runtime/Steam/SteamVR/Binaries/Win64/UE4Editor-SteamVRController.dll (API version 3944462).
LogModuleManager: Display: Found up-to-date module file ../../../Engine/Plugins/Runtime/WindowsMoviePlayer/Binaries/Win64/UE4Editor-WindowsMoviePlayer.dll (API version 3944462).
LogInit: Using libcurl 7.47.1
LogInit:  - built for x86_64-pc-win32
LogInit:  - supports SSL with OpenSSL/1.0.2g
LogInit:  - supports HTTP deflate (compression) using libz 1.2.8
LogInit:  - other features:
LogInit:      CURL_VERSION_SSL
LogInit:      CURL_VERSION_LIBZ
LogInit:      CURL_VERSION_IPV6
LogInit:      CURL_VERSION_ASYNCHDNS
LogInit:      CURL_VERSION_LARGEFILE
LogInit:      CURL_VERSION_IDN
LogInit:  CurlRequestOptions (configurable via config and command line):
LogInit:  - bVerifyPeer = false  - Libcurl will NOT verify peer certificate
LogInit:  - bUseHttpProxy = false  - Libcurl will NOT use HTTP proxy
LogInit:  - bDontReuseConnections = false  - Libcurl will reuse connections
LogInit:  - CertBundlePath = nullptr  - Libcurl will use whatever was configured at build time.
LogInit:  - MaxHostConnections = 16  - Libcurl will limit the number of connections to a host
LogInit:  - LocalHostAddr = Default
LogInit: WinSock: version 1.1 (2.2), MaxSocks=32767, MaxUdp=65467
LogInit: WinSock: I am DESKTOP-N37MKPN (127.0.0.1:0)
LogInit: Build: ++UE4+Release-4.19-CL-4033788
LogInit: Engine Version: 4.19.2-4033788+++UE4+Release-4.19
LogInit: Compatible Engine Version: 4.19.0-3944462+++UE4+Release-4.19
LogInit: Net CL: 3944462
LogDevObjectVersion: Number of dev versions registered: 18
LogDevObjectVersion:   Dev-Blueprints (B0D832E4-1F89-4F0D-ACCF-7EB736FD4AA2): 10
LogDevObjectVersion:   Dev-Build (E1C64328-A22C-4D53-A36C-8E866417BD8C): 0
LogDevObjectVersion:   Dev-Core (375EC13C-06E4-48FB-B500-84F0262A717E): 2
LogDevObjectVersion:   Dev-Editor (E4B068ED-F494-42E9-A231-DA0B2E46BB41): 23
LogDevObjectVersion:   Dev-Framework (CFFC743F-43B0-4480-9391-14DF171D2073): 33
LogDevObjectVersion:   Dev-Mobile (B02B49B5-BB20-44E9-A304-32B752E40360): 2
LogDevObjectVersion:   Dev-Networking (A4E4105C-59A1-49B5-A7C5-40C4547EDFEE): 0
LogDevObjectVersion:   Dev-Online (39C831C9-5AE6-47DC-9A44-9C173E1C8E7C): 0
LogDevObjectVersion:   Dev-Physics (78F01B33-EBEA-4F98-B9B4-84EACCB95AA2): 0
LogDevObjectVersion:   Dev-Platform (6631380F-2D4D-43E0-8009-CF276956A95A): 0
LogDevObjectVersion:   Dev-Rendering (12F88B9F-8875-4AFC-A67C-D90C383ABD29): 25
LogDevObjectVersion:   Dev-Sequencer (7B5AE74C-D270-4C10-A958-57980B212A5A): 6
LogDevObjectVersion:   Dev-VR (D7296918-1DD6-4BDD-9DE2-64A83CC13884): 1
LogDevObjectVersion:   Dev-LoadTimes (C2A15278-BFE7-4AFE-6C17-90FF531DF755): 1
LogDevObjectVersion:   Private-Geometry (6EACA3D4-40EC-4CC1-B786-8BED09428FC5): 2
LogDevObjectVersion:   Dev-AnimPhys (29E575DD-E0A3-4627-9D10-D276232CDCEA): 16
LogDevObjectVersion:   Dev-ReflectionCapture (6B266CEC-1EC7-4B8F-A30B-E4D90942FC07): 1
LogDevObjectVersion:   Dev-Automation (0DF73D61-A23F-47EA-B727-89E90C41499A): 1
LogInit: Compiled (64-bit): Apr 27 2018 02:06:57
LogInit: Compiled with Visual C++: 19.00.24215.01
LogInit: Build Configuration: Development
LogInit: Branch Name: ++UE4+Release-4.19
LogInit: Command Line: 
LogInit: Base Directory: C:/Program Files/Epic Games/UE_4.19/Engine/Binaries/Win64/
LogInit: Installed Engine Build: 1
LogStreaming: Display: Took  0.001s to delete old logs.
LogInit: Presizing for max 8388607 objects, including 0 objects not considered by GC, pre-allocating 0 bytes for permanent pool.
LogInit: Object subsystem initialized
[2019.06.07-13.31.45:021][  0]LogInit: Selected Device Profile: [Windows]
[2019.06.07-13.31.45:022][  0]LogInit: Applying CVar settings loaded from the selected device profile: [Windows]
[2019.06.07-13.31.45:106][  0]LogInit: Computer: DESKTOP-N37MKPN
[2019.06.07-13.31.45:106][  0]LogInit: User: ZHENGYANG
[2019.06.07-13.31.45:106][  0]LogInit: CPU Page size=4096, Cores=4
[2019.06.07-13.31.45:106][  0]LogInit: High frequency timer resolution =10.000000 MHz
[2019.06.07-13.31.45:107][  0]LogMemory: Memory total: Physical=15.9GB (16GB approx)
[2019.06.07-13.31.45:107][  0]LogMemory: Platform Memory Stats for Windows
[2019.06.07-13.31.45:107][  0]LogMemory: Process Physical Memory: 275.23 MB used, 275.24 MB peak
[2019.06.07-13.31.45:107][  0]LogMemory: Process Virtual Memory: 264.52 MB used, 264.52 MB peak
[2019.06.07-13.31.45:107][  0]LogMemory: Physical Memory: 4013.93 MB used,  12251.84 MB free, 16265.77 MB total
[2019.06.07-13.31.45:107][  0]LogMemory: Virtual Memory: 4779.10 MB used,  12251.84 MB free, 134217728.00 MB total
[2019.06.07-13.31.45:127][  0]LogInit: Using OS detected language (en-GB).
[2019.06.07-13.31.45:127][  0]LogInit: Using OS detected locale (en-GB).
[2019.06.07-13.31.45:129][  0]LogTextLocalizationManager: No specific localization for 'en-GB' exists, so the 'en' localization will be used.
[2019.06.07-13.31.45:526][  0]LogStreaming: Display: Took  0.399s to EndInitTextLocalization.
[2019.06.07-13.31.45:526][  0]LogInit: Setting process to per monitor DPI aware
[2019.06.07-13.31.45:558][  0]LogSlate: New Slate User Created.  User Index 0, Is Virtual User: 0
[2019.06.07-13.31.45:558][  0]LogSlate: Slate User Registered.  User Index 0, Is Virtual User: 0
[2019.06.07-13.31.45:766][  0]LogD3D11RHI: D3D11 adapters:
[2019.06.07-13.31.45:865][  0]LogD3D11RHI:    0. 'NVIDIA GeForce GTX 1060' (Feature Level 11_0)
[2019.06.07-13.31.45:865][  0]LogD3D11RHI:       2987/0/8132 MB DedicatedVideo/DedicatedSystem/SharedSystem, Outputs:1, VendorId:0x10de
[2019.06.07-13.31.45:883][  0]LogD3D11RHI:    1. 'Intel(R) HD Graphics 630' (Feature Level 11_0)
[2019.06.07-13.31.45:883][  0]LogD3D11RHI:       128/0/8132 MB DedicatedVideo/DedicatedSystem/SharedSystem, Outputs:0, VendorId:0x8086
[2019.06.07-13.31.45:885][  0]LogD3D11RHI:    2. 'Microsoft Basic Render Driver' (Feature Level 11_0)
[2019.06.07-13.31.45:885][  0]LogD3D11RHI:       0/0/8132 MB DedicatedVideo/DedicatedSystem/SharedSystem, Outputs:0, VendorId:0x1414
[2019.06.07-13.31.45:885][  0]LogD3D11RHI: Chosen D3D11 Adapter: 0
[2019.06.07-13.31.45:909][  0]LogD3D11RHI: Creating new Direct3DDevice
[2019.06.07-13.31.45:909][  0]LogD3D11RHI:     GPU DeviceId: 0x1c20 (for the marketing name, search the web for "GPU Device Id")
[2019.06.07-13.31.45:909][  0]LogWindows: EnumDisplayDevices:
[2019.06.07-13.31.45:910][  0]LogWindows:    0. 'Intel(R) HD Graphics 630' (P:1 D:1)
[2019.06.07-13.31.45:910][  0]LogWindows:    1. 'Intel(R) HD Graphics 630' (P:0 D:0)
[2019.06.07-13.31.45:910][  0]LogWindows:    2. 'Intel(R) HD Graphics 630' (P:0 D:0)
[2019.06.07-13.31.45:910][  0]LogWindows:    3. 'NVIDIA GeForce GTX 1060' (P:0 D:0)
[2019.06.07-13.31.45:911][  0]LogWindows:    4. 'NVIDIA GeForce GTX 1060' (P:0 D:0)
[2019.06.07-13.31.45:911][  0]LogWindows:    5. 'NVIDIA GeForce GTX 1060' (P:0 D:0)
[2019.06.07-13.31.45:911][  0]LogWindows:    6. 'NVIDIA GeForce GTX 1060' (P:0 D:0)
[2019.06.07-13.31.45:911][  0]LogWindows: DebugString: GetVideoDriverDetailsInvalid PrimaryIsNotTheChoosenAdapter GetVideoDriverDetailsInvalid PrimaryIsNotTheChoosenAdapter GetVideoDriverDetailsInvalid PrimaryIsNotTheChoosenAdapter GetVideoDriverDetailsInvalid PrimaryIsNotTheChoosenAdapter GetVideoDriverDetailsInvalid PrimaryIsNotTheChoosenAdapter GetVideoDriverDetailsInvalid PrimaryIsNotTheChoosenAdapter GetVideoDriverDetailsInvalid PrimaryIsNotTheChoosenAdapter FoundDriverCount:0 
[2019.06.07-13.31.45:911][  0]LogD3D11RHI:     Adapter Name: NVIDIA GeForce GTX 1060
[2019.06.07-13.31.45:911][  0]LogD3D11RHI:   Driver Version: Unknown (internal:Unknown, unified:Unknown)
[2019.06.07-13.31.45:911][  0]LogD3D11RHI:      Driver Date: Unknown
[2019.06.07-13.31.45:911][  0]LogRHI: Texture pool is 2090 MB (70% of 2987 MB)
[2019.06.07-13.31.45:952][  0]LogD3D11RHI: [Aftermath] Aftermath enabled and primed
[2019.06.07-13.31.45:952][  0]LogD3D11RHI: [Aftermath] Aftermath enabled and primed
[2019.06.07-13.31.45:952][  0]LogD3D11RHI: Async texture creation enabled
[2019.06.07-13.31.45:965][  0]LogD3D11RHI: GPU Timing Frequency: 1000.000000 (Debug: 2 1)
[2019.06.07-13.31.45:967][  0]LogShaderCompilers: Guid format shader working directory is 9 characters bigger than the processId version (E:/UE projects/FPS_OL/UE4_FPS_Game/Shooter/Intermediate/Shaders/WorkingDirectory/7276/).
[2019.06.07-13.31.45:967][  0]LogShaderCompilers: Cleaned the shader compiler working directory 'C:/Users/ZHENG YANG/AppData/Local/Temp/UnrealShaderWorkingDir/85C5738B4A527E7A33AED58F90D59A54/'.
[2019.06.07-13.31.46:186][  0]LogTemp: Display: Loaded TP AllDesktopTargetPlatform
[2019.06.07-13.31.46:199][  0]LogTemp: Display: Loaded TP MacClientTargetPlatform
[2019.06.07-13.31.46:213][  0]LogTemp: Display: Loaded TP MacNoEditorTargetPlatform
[2019.06.07-13.31.46:225][  0]LogTemp: Display: Loaded TP MacServerTargetPlatform
[2019.06.07-13.31.46:239][  0]LogTemp: Display: Loaded TP MacTargetPlatform
[2019.06.07-13.31.46:253][  0]LogTemp: Display: Loaded TP WindowsClientTargetPlatform
[2019.06.07-13.31.46:266][  0]LogTemp: Display: Loaded TP WindowsNoEditorTargetPlatform
[2019.06.07-13.31.46:279][  0]LogTemp: Display: Loaded TP WindowsServerTargetPlatform
[2019.06.07-13.31.46:286][  0]LogTemp: Display: Loaded TP WindowsTargetPlatform
[2019.06.07-13.31.46:298][  0]LogTemp: Display: Loaded TP Android_ASTCTargetPlatform
[2019.06.07-13.31.46:310][  0]LogTemp: Display: Loaded TP Android_ATCTargetPlatform
[2019.06.07-13.31.46:323][  0]LogTemp: Display: Loaded TP Android_DXTTargetPlatform
[2019.06.07-13.31.46:334][  0]LogTemp: Display: Loaded TP Android_ETC1aTargetPlatform
[2019.06.07-13.31.46:346][  0]LogTemp: Display: Loaded TP Android_ETC1TargetPlatform
[2019.06.07-13.31.46:357][  0]LogTemp: Display: Loaded TP Android_ETC2TargetPlatform
[2019.06.07-13.31.46:381][  0]LogTemp: Display: Loaded TP Android_MultiTargetPlatform
[2019.06.07-13.31.46:381][  0]LogTemp: Display: Loaded TP Android_PVRTCTargetPlatform
[2019.06.07-13.31.46:392][  0]LogTemp: Display: Loaded TP AndroidTargetPlatform
[2019.06.07-13.31.46:394][  0]LogTemp: Display: Loaded TP HTML5TargetPlatform
[2019.06.07-13.31.46:431][  0]LogTemp: Display: Loaded TP IOSTargetPlatform
[2019.06.07-13.31.46:442][  0]LogTemp: Display: Loaded TP TVOSTargetPlatform
[2019.06.07-13.31.46:454][  0]LogTemp: Display: Loaded TP LinuxClientTargetPlatform
[2019.06.07-13.31.46:465][  0]LogTemp: Display: Loaded TP LinuxNoEditorTargetPlatform
[2019.06.07-13.31.46:476][  0]LogTemp: Display: Loaded TP LinuxServerTargetPlatform
[2019.06.07-13.31.46:488][  0]LogTemp: Display: Loaded TP LinuxTargetPlatform
[2019.06.07-13.31.46:488][  0]LogTargetPlatformManager: Display: Building Assets For Windows
[2019.06.07-13.31.46:589][  0]LogXGEController: Cannot use XGE Controller as Incredibuild is not installed on this machine.
[2019.06.07-13.31.46:589][  0]LogShaderCompilers: Cannot use XGE Shader Compiler as Incredibuild is not installed on this machine.
[2019.06.07-13.31.46:590][  0]LogShaderCompilers: Display: Using Local Shader Compiler.
[2019.06.07-13.31.47:307][  0]LogDerivedDataCache: Display: Max Cache Size: 512 MB
[2019.06.07-13.31.47:368][  0]LogDerivedDataCache: Loaded boot cache 0.06s 76MB C:/Users/ZHENG YANG/AppData/Local/UnrealEngine/4.19/DerivedDataCache/Boot.ddc.
[2019.06.07-13.31.47:368][  0]LogDerivedDataCache: Display: Loaded Boot cache: C:/Users/ZHENG YANG/AppData/Local/UnrealEngine/4.19/DerivedDataCache/Boot.ddc
[2019.06.07-13.31.47:368][  0]LogDerivedDataCache: FDerivedDataBackendGraph:  Pak pak cache file E:/UE projects/FPS_OL/UE4_FPS_Game/Shooter/DerivedDataCache/DDC.ddp not found, will not use a pak cache.
[2019.06.07-13.31.47:368][  0]LogDerivedDataCache: Unable to find inner node Pak for hierarchical cache Hierarchy.
[2019.06.07-13.31.47:368][  0]LogDerivedDataCache: FDerivedDataBackendGraph:  CompressedPak pak cache file E:/UE projects/FPS_OL/UE4_FPS_Game/Shooter/DerivedDataCache/Compressed.ddp not found, will not use a pak cache.
[2019.06.07-13.31.47:368][  0]LogDerivedDataCache: Unable to find inner node CompressedPak for hierarchical cache Hierarchy.
[2019.06.07-13.31.47:383][  0]LogDerivedDataCache: Display: Pak cache opened for reading ../../../Engine/DerivedDataCache/Compressed.ddp.
[2019.06.07-13.31.47:395][  0]LogDerivedDataCache: Using Local data cache path C:/Users/ZHENG YANG/AppData/Local/UnrealEngine/Common/DerivedDataCache: Writable
[2019.06.07-13.31.47:395][  0]LogDerivedDataCache: Shared data cache path not found in *engine.ini, will not use an Shared cache.
[2019.06.07-13.31.47:395][  0]LogDerivedDataCache: Unable to find inner node Shared for hierarchical cache Hierarchy.
[2019.06.07-13.31.47:406][  0]LogMaterial: Verifying Global Shaders for PCD3D_SM5
[2019.06.07-13.31.47:406][  0]LogSlate: Using Freetype 2.6.0
[2019.06.07-13.31.47:407][  0]LogSlate: SlateFontCache - WITH_FREETYPE: 1, WITH_HARFBUZZ: 1
[2019.06.07-13.31.47:407][  0]LogSlate: SlateFontCache - WITH_FREETYPE: 1, WITH_HARFBUZZ: 1
[2019.06.07-13.31.47:523][  0]LogAssetRegistry: FAssetRegistry took 0.0257 seconds to start up
[2019.06.07-13.31.47:817][  0]LogInit: Selected Device Profile: [Windows]
[2019.06.07-13.31.47:964][  0]LogSimplygon: Simplygon DLL not present - disabling.
[2019.06.07-13.31.47:967][  0]LogMeshReduction: Using SimplygonSwarm for distributed automatic mesh merging
[2019.06.07-13.31.47:967][  0]LogMeshReduction: Using QuadricMeshReduction for automatic static mesh reduction
[2019.06.07-13.31.47:967][  0]LogMeshReduction: No automatic skeletal mesh reduction module available
[2019.06.07-13.31.47:967][  0]LogMeshReduction: No automatic mesh merging module available
[2019.06.07-13.31.47:967][  0]LogMeshMerging: No automatic mesh merging module available
[2019.06.07-13.31.47:996][  0]LogNetVersion: Shooter , NetCL: 3944462, EngineNetVer: 2, GameNetVer: 0 (Checksum: 979305562)
[2019.06.07-13.31.48:454][  0]LogPackageLocalizationCache: Processed 9 localized package path(s) for 2 prioritized culture(s) in 0.096222 seconds
[2019.06.07-13.31.48:460][  0]LogUObjectArray: 36728 objects as part of root set at end of initial load.
[2019.06.07-13.31.48:460][  0]LogUObjectAllocator: 7314304 out of 0 bytes used by permanent object pool.
[2019.06.07-13.31.48:460][  0]LogUObjectArray: CloseDisregardForGC: 0/0 objects in disregard for GC pool
[2019.06.07-13.31.50:096][  0]LogTcpMessaging: Initializing TcpMessaging bridge
[2019.06.07-13.31.50:124][  0]LogUdpMessaging: Initializing bridge on interface 0.0.0.0:0 to multicast group 230.0.0.1:6666.
[2019.06.07-13.31.50:124][  0]FUdpSocketBuilder: Failed to subscribe UdpMessageMulticastSocket to multicast group 230.0.0.1
[2019.06.07-13.31.50:124][  0]FUdpSocketBuilder: Failed to create and initialize socket UdpMessageMulticastSocket (last error: 0)
[2019.06.07-13.31.50:124][  0]LogUdpMessaging: Warning: StartTransport failed to create multicast socket on 0.0.0.0:0, joined to 230.0.0.1:6666 with TTL 1
[2019.06.07-13.31.51:110][  0]SourceControl: Source control is disabled
[2019.06.07-13.31.51:110][  0]SourceControl: Source control is disabled
[2019.06.07-13.31.51:125][  0]SourceControl: Source control is disabled
[2019.06.07-13.31.51:141][  0]SourceControl: Source control is disabled
[2019.06.07-13.31.51:576][  0]LogAndroidPermission: UAndroidPermissionCallbackProxy::GetInstance
[2019.06.07-13.31.51:720][  0]LogOcInput: OculusInput pre-init called
[2019.06.07-13.31.51:818][  0]LogEngine: Initializing Engine...
[2019.06.07-13.31.51:852][  0]LogHMD: Failed to initialize OpenVR with code 108
[2019.06.07-13.31.51:854][  0]LogStats: UGameplayTagsManager::ConstructGameplayTagTree: Construct from data asset -  0.000 s
[2019.06.07-13.31.51:854][  0]LogStats: UGameplayTagsManager::ConstructGameplayTagTree: GameplayTagTreeChangedEvent.Broadcast -  0.000 s
[2019.06.07-13.31.52:065][  0]LogAIModule: Creating AISystem for world Untitled
[2019.06.07-13.31.52:077][  0]LogInit: XAudio2 using 'Speakers (Realtek High Definition Audio)' : 2 channels at 48 kHz using 32 bits per sample (channel mask 0x3)
[2019.06.07-13.31.52:314][  0]LogInit: FAudioDevice initialized.
[2019.06.07-13.31.52:432][  0]LogDerivedDataCache: Saved boot cache 0.12s 76MB C:/Users/ZHENG YANG/AppData/Local/UnrealEngine/4.19/DerivedDataCache/Boot.ddc.
[2019.06.07-13.31.52:440][  0]LogInit: Texture streaming: Enabled
[2019.06.07-13.31.52:456][  0]LogEngineSessionManager: EngineSessionManager initialized
[2019.06.07-13.31.52:469][  0]LogInit: Transaction tracking system initialized
[2019.06.07-13.31.52:492][  0]BlueprintLog: New page: Editor Load
[2019.06.07-13.31.52:563][  0]LocalizationService: Localization service is disabled
[2019.06.07-13.31.52:659][  0]LogConsoleResponse: Display: 
[2019.06.07-13.31.52:847][  0]LogCook: Display: Max memory allowance for cook 16384mb min free memory 0mb
[2019.06.07-13.31.52:847][  0]LogCook: Display: Mobile HDR setting 1
[2019.06.07-13.31.52:847][  0]LogGameplayTags: Display: UGameplayTagsManager::DoneAddingNativeTags. DelegateIsBound: 0
[2019.06.07-13.31.52:847][  0]LogStats: UGameplayTagsManager::ConstructGameplayTagTree: Construct from data asset -  0.000 s
[2019.06.07-13.31.52:847][  0]LogStats: UGameplayTagsManager::ConstructGameplayTagTree: GameplayTagTreeChangedEvent.Broadcast -  0.000 s
[2019.06.07-13.31.53:180][  0]LogFileCache: Scanning file cache for directory 'E:/UE projects/FPS_OL/UE4_FPS_Game/Shooter/Content/' took 0.10s
[2019.06.07-13.31.53:180][  0]SourceControl: Source control is disabled
[2019.06.07-13.31.53:180][  0]Cmd: MAP LOAD FILE="E:/UE projects/FPS_OL/UE4_FPS_Game/Shooter/Content/Maps/MainMap.umap" TEMPLATE=0 SHOWPROGRESS=1 FEATURELEVEL=3
[2019.06.07-13.31.53:180][  0]LightingResults: New page: Lighting Build
[2019.06.07-13.31.53:183][  0]MapCheck: New page: Map Check
[2019.06.07-13.31.53:183][  0]LightingResults: New page: Lighting Build
[2019.06.07-13.31.53:702][  0]LogUObjectGlobals: Created PersistentFrame Addr=0x0000022748c921a0, Size=88, Default__UE4ASP_HeroTPP_AnimBlueprint_C Function /Game/AnimStarterPack/UE4ASP_HeroTPP_AnimBlueprint.UE4ASP_HeroTPP_AnimBlueprint_C:ExecuteUbergraph_UE4ASP_HeroTPP_AnimBlueprint
[2019.06.07-13.31.53:726][  0]LogUObjectGlobals: Destroyed PersistentFrame Addr=0x0000022748c921a0, Size=88
[2019.06.07-13.31.53:726][  0]LogUObjectGlobals: Created PersistentFrame Addr=0x0000022748c921a0, Size=88, Default__UE4ASP_HeroTPP_AnimBlueprint_C Function /Engine/Transient.REINST_UE4ASP_HeroTPP_AnimBlueprint_C_0:ExecuteUbergraph_UE4ASP_HeroTPP_AnimBlueprint
[2019.06.07-13.31.53:743][  0]LogUObjectGlobals: Created PersistentFrame Addr=0x0000022734800940, Size=88, Default__UE4ASP_HeroTPP_AnimBlueprint_C Function /Game/AnimStarterPack/UE4ASP_HeroTPP_AnimBlueprint.UE4ASP_HeroTPP_AnimBlueprint_C:ExecuteUbergraph_UE4ASP_HeroTPP_AnimBlueprint
[2019.06.07-13.31.54:548][  0]LogUObjectGlobals: Created PersistentFrame Addr=0x000002274846de40, Size=80, Default__BP_SCharacter_C Function /Game/Blueprints/BP_SCharacter.BP_SCharacter_C:ExecuteUbergraph_BP_SCharacter
[2019.06.07-13.31.54:551][  0]LogUObjectGlobals: Destroyed PersistentFrame Addr=0x000002274846de40, Size=80
[2019.06.07-13.31.54:551][  0]LogUObjectGlobals: Created PersistentFrame Addr=0x000002274846db20, Size=80, Default__BP_SCharacter_C Function /Engine/Transient.REINST_BP_SCharacter_C_3:ExecuteUbergraph_BP_SCharacter
[2019.06.07-13.31.54:553][  0]LogUObjectGlobals: Created PersistentFrame Addr=0x0000022734896250, Size=80, Default__BP_SCharacter_C Function /Game/Blueprints/BP_SCharacter.BP_SCharacter_C:ExecuteUbergraph_BP_SCharacter
[2019.06.07-13.31.54:780][  0]LogUObjectGlobals: Created PersistentFrame Addr=0x0000022729e07700, Size=248, Default__BP_Target_C Function /Game/Blueprints/BP_Target.BP_Target_C:ExecuteUbergraph_BP_Target
[2019.06.07-13.31.54:780][  0]LogLinker: Warning: Unable to load USHealth_GEN_VARIABLE with outer BlueprintGeneratedClass /Game/Blueprints/BP_Target.BP_Target_C because its class does not exist
[2019.06.07-13.31.54:780][  0]LogBlueprint: Warning: [Compiler BP_Target] Component class is not set for 'USHealth' - this component will not be instanced, and additional warnings or errors may occur when compiling Blueprint 'BP_Target'.
[2019.06.07-13.31.54:781][  0]LogUObjectGlobals: Destroyed PersistentFrame Addr=0x0000022729e07700, Size=248
[2019.06.07-13.31.54:781][  0]LogUObjectGlobals: Created PersistentFrame Addr=0x0000022729e07700, Size=248, Default__BP_Target_C Function /Engine/Transient.REINST_BP_Target_C_9:ExecuteUbergraph_BP_Target
[2019.06.07-13.31.54:783][  0]LogUObjectGlobals: Created PersistentFrame Addr=0x0000022729e04400, Size=248, Default__BP_Target_C Function /Game/Blueprints/BP_Target.BP_Target_C:ExecuteUbergraph_BP_Target
[2019.06.07-13.31.54:783][  0]LogBlueprint: Warning: [Compiler BP_Target] [0012.97] Compile of BP_Target successful, but with 1 Warning(s) [in 3 ms] (/Game/Blueprints/BP_Target.BP_Target)
[2019.06.07-13.31.55:216][  0]LogSkeletalMesh: Skeletal Mesh found in DDC [11.279200ms] /Game/AnimStarterPack/UE4_Mannequin/Mesh/SK_Mannequin.SK_Mannequin
[2019.06.07-13.31.55:237][  0]LogSkeletalMesh: Skeletal Mesh found in DDC [6.585700ms] /Game/Weapons/SK_Rifle.SK_Rifle
[2019.06.07-13.31.55:253][  0]LogAIModule: Creating AISystem for world MainMap
[2019.06.07-13.31.55:275][  0]LogEditorServer: Finished looking for orphan Actors (0.000 secs)
[2019.06.07-13.31.55:285][  0]LogUObjectGlobals: Destroyed PersistentFrame Addr=0x0000022748c921a0, Size=88
[2019.06.07-13.31.55:285][  0]LogUObjectGlobals: Destroyed PersistentFrame Addr=0x000002274846db20, Size=80
[2019.06.07-13.31.55:285][  0]LogUObjectGlobals: Destroyed PersistentFrame Addr=0x0000022729e07700, Size=248
[2019.06.07-13.31.55:286][  0]Cmd: MAP CHECKDEP NOCLEARLOG
[2019.06.07-13.31.55:343][  0]MapCheck: Map check complete: 0 Error(s), 0 Warning(s), took 56.035ms to complete.
[2019.06.07-13.31.55:343][  0]LogFileHelpers: Loading map 'MainMap' took 2.162
[2019.06.07-13.31.55:521][  0]LogCollectionManager: Loaded 0 collections in 0.001704 seconds
[2019.06.07-13.31.55:584][  0]LogFileCache: Scanning file cache for directory 'E:/UE projects/FPS_OL/UE4_FPS_Game/Shooter/Saved/Collections/' took 0.01s
[2019.06.07-13.31.55:584][  0]LogFileCache: Scanning file cache for directory 'E:/UE projects/FPS_OL/UE4_FPS_Game/Shooter/Content/Developers/ZHENGYANG/Collections/' took 0.01s
[2019.06.07-13.31.55:584][  0]LogFileCache: Scanning file cache for directory 'E:/UE projects/FPS_OL/UE4_FPS_Game/Shooter/Content/Collections/' took 0.01s
[2019.06.07-13.31.55:584][  0]LogCollectionManager: Rebuilt the GUID cache for 0 collections in 0.000001 seconds
[2019.06.07-13.31.55:596][  0]LogContentBrowser: Native class hierarchy populated in 0.0104 seconds. Added 2456 classes and 562 folders.
[2019.06.07-13.31.55:610][  0]LogContentBrowser: Native class hierarchy updated for 'WidgetCarousel' in 0.0009 seconds. Added 0 classes and 0 folders.
[2019.06.07-13.31.55:774][  0]LogContentBrowser: Native class hierarchy updated for 'AddContentDialog' in 0.0009 seconds. Added 0 classes and 0 folders.
[2019.06.07-13.31.55:794][  0]LogContentBrowser: Native class hierarchy updated for 'SceneOutliner' in 0.0009 seconds. Added 1 classes and 2 folders.
[2019.06.07-13.31.55:871][  0]LogSlate: Took 0.000203 seconds to synchronously load lazily loaded font '../../../Engine/Content/Slate/Fonts/Roboto-Regular.ttf' (155K)
[2019.06.07-13.31.55:877][  0]LogSlate: Took 0.000331 seconds to synchronously load lazily loaded font '../../../Engine/Content/Slate/Fonts/Roboto-Bold.ttf' (160K)
[2019.06.07-13.31.55:888][  0]LogSlate: Took 0.001221 seconds to synchronously load lazily loaded font '../../../Engine/Content/Editor/Slate/Fonts/FontAwesome.ttf' (139K)
[2019.06.07-13.31.56:002][  0]LogRenderer: Reallocating scene render targets to support 964x436 Format 10 NumSamples 1 (Frame:1).
[2019.06.07-13.31.56:185][  0]LogContentBrowser: Native class hierarchy updated for 'HierarchicalLODOutliner' in 0.0009 seconds. Added 0 classes and 0 folders.
[2019.06.07-13.31.56:185][  0]LogLoad: (Engine Initialization) Total time: 14.37 seconds
[2019.06.07-13.31.56:185][  0]LogLoad: (Engine Initialization) Total Blueprint compile time: 0.00 seconds
[2019.06.07-13.31.56:230][  0]LogContentStreaming: Texture pool size now 1000 MB
[2019.06.07-13.31.56:262][  0]LogSlate: Took 0.001597 seconds to synchronously load lazily loaded font '../../../Engine/Content/Slate/Fonts/Roboto-Light.ttf' (167K)
[2019.06.07-13.31.56:393][  1]LogAssetRegistry: Asset discovery search completed in 8.8928 seconds
[2019.06.07-13.31.56:411][  1]LogCollectionManager: Rebuilt the object cache for 0 collections in 0.000000 seconds (found 0 objects)
[2019.06.07-13.31.56:411][  1]LogCollectionManager: Fixed up redirectors for 0 collections in 0.000094 seconds (updated 0 objects)
[2019.06.07-13.31.57:218][ 48]LogSlate: Took 0.000160 seconds to synchronously load lazily loaded font '../../../Engine/Content/Slate/Fonts/Roboto-Light.ttf' (167K)
[2019.06.07-13.32.00:925][270]LogSlate: FSceneViewport::OnFocusLost() reason 0
[2019.06.07-13.32.05:413][539]LogSlate: FSceneViewport::OnFocusLost() reason 0
[2019.06.07-13.32.08:655][710]LogContentBrowser: Native class hierarchy updated for 'BlueprintGraph' in 0.0011 seconds. Added 116 classes and 0 folders.
[2019.06.07-13.32.08:951][710]LogUObjectGlobals: Created PersistentFrame Addr=0x00000227768f92d0, Size=4, Default__SKEL_PROTO_BP_AnimBlueprint_0_C Function /Engine/Transient.SKEL_PROTO_BP_AnimBlueprint_0_C:ExecuteUbergraph_PROTO_BP_AnimBlueprint_0
[2019.06.07-13.32.08:951][710]LogUObjectGlobals: Created PersistentFrame Addr=0x00000227768f92c8, Size=4, Default__PROTO_BP_AnimBlueprint_0_C Function /Engine/Transient.PROTO_BP_AnimBlueprint_0_C:ExecuteUbergraph_PROTO_BP_AnimBlueprint_0
[2019.06.07-13.32.09:406][710]LogSlate: Took 0.001655 seconds to synchronously load lazily loaded font '../../../Engine/Content/Slate/Fonts/Roboto-BoldCondensed.ttf' (158K)
[2019.06.07-13.32.09:552][711]LogSlate: Took 0.001608 seconds to synchronously load lazily loaded font '../../../Engine/Content/Slate/Fonts/Roboto-Italic.ttf' (157K)
[2019.06.07-13.32.21:710][428]LogRenderer: Reallocating scene render targets to support 964x540 Format 10 NumSamples 1 (Frame:1).
[2019.06.07-13.32.24:337][576]LogSlate: Window 'BP_SCharacter' being destroyed
[2019.06.07-13.32.56:235][417]LogHttp: Warning: 0000022739EEC280: request failed, libcurl error: 6 (Couldn't resolve host name)
[2019.06.07-13.32.56:235][417]LogHttp: Warning: 0000022739EEC280: libcurl info message cache 0 (Could not resolve host: datarouter.ol.epicgames.com)
[2019.06.07-13.32.56:235][417]LogHttp: Warning: 0000022739EEC280: libcurl info message cache 1 (Closing connection 0)
[2019.06.07-13.33.11:478][322]LogContentBrowser: Native class hierarchy updated for 'SkeletonEditor' in 0.0009 seconds. Added 1 classes and 2 folders.
[2019.06.07-13.33.11:767][322]LogActorComponent: RegisterComponentWithWorld: (/Engine/Transient.World_9:PersistentLevel.Actor_0.DebugSkelMeshComponent_0) Already registered. Aborting.
[2019.06.07-13.33.11:774][322]LogContentBrowser: Native class hierarchy updated for 'PinnedCommandList' in 0.0009 seconds. Added 1 classes and 0 folders.
[2019.06.07-13.33.11:827][322]LogSkeletalMesh: USkeletalMeshComponent::InitArticulated : Bodies already created (/Engine/Transient.World_9:PersistentLevel.Actor_0.DebugSkelMeshComponent_0) - call TermArticulated first.
[2019.06.07-13.33.12:145][322]LogContentBrowser: Native class hierarchy updated for 'ClothingSystemEditorInterface' in 0.0010 seconds. Added 1 classes and 0 folders.
[2019.06.07-13.33.12:156][323]LogRenderer: Reallocating scene render targets to support 964x672 Format 10 NumSamples 1 (Frame:1).
[2019.06.07-13.33.18:827][716]LogSlate: FSceneViewport::OnFocusLost() reason 0
[2019.06.07-13.33.26:802][184]LogContentBrowser: Native class hierarchy updated for 'PhysicsAssetEditor' in 0.0010 seconds. Added 7 classes and 3 folders.
[2019.06.07-13.33.26:817][184]LogActorComponent: RegisterComponentWithWorld: (/Engine/Transient.World_13:PersistentLevel.Actor_1.PhysicsAssetEditorSkeletalMeshComponent_0) Already registered. Aborting.
[2019.06.07-13.33.42:005][ 13]LogActorComponent: RegisterComponentWithWorld: (/Engine/Transient.World_16:PersistentLevel.Actor_2.DebugSkelMeshComponent_1) Already registered. Aborting.
[2019.06.07-13.33.42:273][ 13]LogSkeletalMesh: USkeletalMeshComponent::InitArticulated : Bodies already created (/Engine/Transient.World_16:PersistentLevel.Actor_2.DebugSkelMeshComponent_1) - call TermArticulated first.
[2019.06.07-13.34.05:408][376]LogTemp: Repeating last play command: Selected Viewport
[2019.06.07-13.34.05:419][376]LogPlayLevel: PlayLevel: No blueprints needed recompiling
[2019.06.07-13.34.05:444][376]PIE: New page: PIE session: MainMap (7 Jun 2019 15:34:05)
[2019.06.07-13.34.05:444][376]LogPlayLevel: Creating play world package: /Game/Maps/UEDPIE_0_MainMap
[2019.06.07-13.34.05:449][376]LogPlayLevel: PIE: StaticDuplicateObject took: (0.004064s)
[2019.06.07-13.34.05:450][376]LogAIModule: Creating AISystem for world MainMap
[2019.06.07-13.34.05:450][376]LogPlayLevel: PIE: World Init took: (0.001202s)
[2019.06.07-13.34.05:450][376]LogPlayLevel: PIE: Created PIE world by copying editor world from /Game/Maps/MainMap.MainMap to /Game/Maps/UEDPIE_0_MainMap.MainMap (0.005593s)
[2019.06.07-13.34.05:481][376]LogInit: XAudio2 using 'Speakers (Realtek High Definition Audio)' : 2 channels at 48 kHz using 32 bits per sample (channel mask 0x3)
[2019.06.07-13.34.05:551][376]LogInit: FAudioDevice initialized.
[2019.06.07-13.34.05:615][376]LogLoad: Game class is 'GameModeBase'
[2019.06.07-13.34.05:618][376]LogWorld: Bringing World /Game/Maps/UEDPIE_0_MainMap.MainMap up for play (max tick rate 60) at 2019.06.07-14.34.05
[2019.06.07-13.34.05:622][376]LogWorld: Bringing up level for play took: 0.006084
[2019.06.07-13.34.05:629][376]LogContentBrowser: Native class hierarchy updated for 'MovieSceneCapture' in 0.0010 seconds. Added 11 classes and 0 folders.
[2019.06.07-13.34.05:635][376]PIE: Play in editor start time for /Game/Maps/UEDPIE_0_MainMap -0.64
[2019.06.07-13.34.36:672][227]LogSlate: FSceneViewport::OnFocusLost() reason 0
[2019.06.07-13.34.56:265][403]LogHttp: Warning: 00000227C9BA3A00: request failed, libcurl error: 6 (Couldn't resolve host name)
[2019.06.07-13.34.56:265][403]LogHttp: Warning: 00000227C9BA3A00: libcurl info message cache 0 (Could not resolve host: datarouter.ol.epicgames.com)
[2019.06.07-13.34.56:265][403]LogHttp: Warning: 00000227C9BA3A00: libcurl info message cache 1 (Closing connection 1)
[2019.06.07-13.35.57:822][ 93]LogTemp: Repeating last play command: Selected Viewport
[2019.06.07-13.35.57:833][ 93]LogPlayLevel: PlayLevel: No blueprints needed recompiling
[2019.06.07-13.35.57:833][ 93]PIE: New page: PIE session: MainMap (7 Jun 2019 15:35:57)
[2019.06.07-13.35.57:833][ 93]LogPlayLevel: Creating play world package: /Game/Maps/UEDPIE_0_MainMap
[2019.06.07-13.35.57:836][ 93]LogPlayLevel: PIE: StaticDuplicateObject took: (0.002326s)
[2019.06.07-13.35.57:837][ 93]LogAIModule: Creating AISystem for world MainMap
[2019.06.07-13.35.57:837][ 93]LogPlayLevel: PIE: World Init took: (0.000928s)
[2019.06.07-13.35.57:837][ 93]LogPlayLevel: PIE: Created PIE world by copying editor world from /Game/Maps/MainMap.MainMap to /Game/Maps/UEDPIE_0_MainMap.MainMap (0.003604s)
[2019.06.07-13.35.57:865][ 93]LogInit: XAudio2 using 'Speakers (Realtek High Definition Audio)' : 2 channels at 48 kHz using 32 bits per sample (channel mask 0x3)
[2019.06.07-13.35.57:935][ 93]LogInit: FAudioDevice initialized.
[2019.06.07-13.35.57:966][ 93]LogLoad: Game class is 'GameModeBase'
[2019.06.07-13.35.57:969][ 93]LogWorld: Bringing World /Game/Maps/UEDPIE_0_MainMap.MainMap up for play (max tick rate 60) at 2019.06.07-14.35.57
[2019.06.07-13.35.57:970][ 93]LogWorld: Bringing up level for play took: 0.002401
[2019.06.07-13.35.57:971][ 93]PIE: Play in editor start time for /Game/Maps/UEDPIE_0_MainMap -0.305
[2019.06.07-13.36.56:844][871]LogHttp: Warning: 0000022739EEDA80: request failed, libcurl error: 6 (Couldn't resolve host name)
[2019.06.07-13.36.56:844][871]LogHttp: Warning: 0000022739EEDA80: libcurl info message cache 0 (Could not resolve host: datarouter.ol.epicgames.com)
[2019.06.07-13.36.56:844][871]LogHttp: Warning: 0000022739EEDA80: libcurl info message cache 1 (Closing connection 2)
[2019.06.07-13.37.34:669][251]LogSlate: FSceneViewport::OnFocusLost() reason 0
[2019.06.07-13.37.34:756][256]LogTemp: Repeating last play command: Selected Viewport
[2019.06.07-13.37.34:768][256]LogPlayLevel: PlayLevel: No blueprints needed recompiling
[2019.06.07-13.37.34:768][256]PIE: New page: PIE session: MainMap (7 Jun 2019 15:37:34)
[2019.06.07-13.37.34:769][256]LogPlayLevel: Creating play world package: /Game/Maps/UEDPIE_0_MainMap
[2019.06.07-13.37.34:772][256]LogPlayLevel: PIE: StaticDuplicateObject took: (0.003196s)
[2019.06.07-13.37.34:773][256]LogAIModule: Creating AISystem for world MainMap
[2019.06.07-13.37.34:773][256]LogPlayLevel: PIE: World Init took: (0.000934s)
[2019.06.07-13.37.34:773][256]LogPlayLevel: PIE: Created PIE world by copying editor world from /Game/Maps/MainMap.MainMap to /Game/Maps/UEDPIE_0_MainMap.MainMap (0.004342s)
[2019.06.07-13.37.34:803][256]LogInit: XAudio2 using 'Speakers (Realtek High Definition Audio)' : 2 channels at 48 kHz using 32 bits per sample (channel mask 0x3)
[2019.06.07-13.37.34:881][256]LogInit: FAudioDevice initialized.
[2019.06.07-13.37.34:913][256]LogLoad: Game class is 'GameModeBase'
[2019.06.07-13.37.34:916][256]LogWorld: Bringing World /Game/Maps/UEDPIE_0_MainMap.MainMap up for play (max tick rate 60) at 2019.06.07-14.37.34
[2019.06.07-13.37.34:916][256]LogWorld: Bringing up level for play took: 0.002418
[2019.06.07-13.37.34:918][256]PIE: Play in editor start time for /Game/Maps/UEDPIE_0_MainMap 0.643
[2019.06.07-13.37.42:676][684]LogTemp: Warning: Health Changed:80.0
[2019.06.07-13.37.42:676][684]LogTemp: Warning: Health Changed:80.0
[2019.06.07-13.37.42:775][689]LogTemp: Warning: Health Changed:60.0
[2019.06.07-13.37.42:775][689]LogTemp: Warning: Health Changed:60.0
[2019.06.07-13.37.42:875][695]LogTemp: Warning: Health Changed:40.0
[2019.06.07-13.37.42:875][695]LogTemp: Warning: Health Changed:40.0
[2019.06.07-13.37.42:961][700]LogTemp: Warning: Health Changed:20.0
[2019.06.07-13.37.42:961][700]LogTemp: Warning: Health Changed:20.0
[2019.06.07-13.37.43:064][706]LogTemp: Warning: Health Changed:0.0
[2019.06.07-13.37.43:064][706]LogTemp: Warning: Health Changed:0.0
[2019.06.07-13.37.43:172][712]LogTemp: Warning: Health Changed:0.0
[2019.06.07-13.37.43:173][712]LogTemp: Warning: Health Changed:0.0
[2019.06.07-13.37.43:263][717]LogTemp: Warning: Health Changed:0.0
[2019.06.07-13.37.43:263][717]LogTemp: Warning: Health Changed:0.0
[2019.06.07-13.37.43:360][722]LogTemp: Warning: Health Changed:0.0
[2019.06.07-13.37.43:360][722]LogTemp: Warning: Health Changed:0.0
[2019.06.07-13.37.43:940][754]LogTemp: Warning: Health Changed:0.0
[2019.06.07-13.37.43:940][754]LogTemp: Warning: Health Changed:0.0
[2019.06.07-13.37.44:025][759]LogTemp: Warning: Health Changed:0.0
[2019.06.07-13.37.44:025][759]LogTemp: Warning: Health Changed:0.0
[2019.06.07-13.37.44:126][765]LogTemp: Warning: Health Changed:0.0
[2019.06.07-13.37.44:126][765]LogTemp: Warning: Health Changed:0.0
[2019.06.07-13.37.44:225][770]LogTemp: Warning: Health Changed:0.0
[2019.06.07-13.37.44:226][770]LogTemp: Warning: Health Changed:0.0
[2019.06.07-13.37.44:333][776]LogTemp: Warning: Health Changed:0.0
[2019.06.07-13.37.44:333][776]LogTemp: Warning: Health Changed:0.0
[2019.06.07-13.37.44:433][782]LogTemp: Warning: Health Changed:0.0
[2019.06.07-13.37.44:434][782]LogTemp: Warning: Health Changed:0.0
[2019.06.07-13.37.44:524][787]LogTemp: Warning: Health Changed:0.0
[2019.06.07-13.37.44:524][787]LogTemp: Warning: Health Changed:0.0
[2019.06.07-13.37.44:625][792]LogTemp: Warning: Health Changed:0.0
[2019.06.07-13.37.44:625][792]LogTemp: Warning: Health Changed:0.0
[2019.06.07-13.37.44:728][797]LogTemp: Warning: Health Changed:0.0
[2019.06.07-13.37.44:728][797]LogTemp: Warning: Health Changed:0.0
[2019.06.07-13.37.44:831][802]LogTemp: Warning: Health Changed:0.0
[2019.06.07-13.37.44:832][802]LogTemp: Warning: Health Changed:0.0
[2019.06.07-13.37.44:919][807]LogTemp: Warning: Health Changed:0.0
[2019.06.07-13.37.44:919][807]LogTemp: Warning: Health Changed:0.0
[2019.06.07-13.37.45:019][813]LogTemp: Warning: Health Changed:0.0
[2019.06.07-13.37.45:019][813]LogTemp: Warning: Health Changed:0.0
[2019.06.07-13.37.45:124][819]LogTemp: Warning: Health Changed:0.0
[2019.06.07-13.37.45:124][819]LogTemp: Warning: Health Changed:0.0
[2019.06.07-13.37.51:942][188]LogSlate: FSceneViewport::OnFocusLost() reason 2
[2019.06.07-13.38.56:876][776]LogHttp: Warning: 0000022748988B80: request failed, libcurl error: 6 (Couldn't resolve host name)
[2019.06.07-13.38.56:876][776]LogHttp: Warning: 0000022748988B80: libcurl info message cache 0 (Could not resolve host: datarouter.ol.epicgames.com)
[2019.06.07-13.38.56:876][776]LogHttp: Warning: 0000022748988B80: libcurl info message cache 1 (Closing connection 3)
[2019.06.07-13.40.17:246][333]LogSlate: FSceneViewport::OnFocusLost() reason 0
[2019.06.07-13.40.57:339][459]LogHttp: Warning: 0000022748988700: request failed, libcurl error: 6 (Couldn't resolve host name)
[2019.06.07-13.40.57:339][459]LogHttp: Warning: 0000022748988700: libcurl info message cache 0 (Could not resolve host: datarouter.ol.epicgames.com)
[2019.06.07-13.40.57:339][459]LogHttp: Warning: 0000022748988700: libcurl info message cache 1 (Closing connection 4)
[2019.06.07-13.42.57:672][820]LogHttp: Warning: 000002276B93D300: request failed, libcurl error: 6 (Couldn't resolve host name)
[2019.06.07-13.42.57:673][820]LogHttp: Warning: 000002276B93D300: libcurl info message cache 0 (Could not resolve host: datarouter.ol.epicgames.com)
[2019.06.07-13.42.57:673][820]LogHttp: Warning: 000002276B93D300: libcurl info message cache 1 (Closing connection 5)
[2019.06.07-13.44.58:008][181]LogHttp: Warning: 000002276B93FE80: request failed, libcurl error: 6 (Couldn't resolve host name)
[2019.06.07-13.44.58:008][181]LogHttp: Warning: 000002276B93FE80: libcurl info message cache 0 (Could not resolve host: datarouter.ol.epicgames.com)
[2019.06.07-13.44.58:008][181]LogHttp: Warning: 000002276B93FE80: libcurl info message cache 1 (Closing connection 6)
[2019.06.07-13.45.16:302][493]LogTemp: Repeating last play command: Selected Viewport
[2019.06.07-13.45.16:315][493]LogPlayLevel: PlayLevel: No blueprints needed recompiling
[2019.06.07-13.45.16:315][493]PIE: New page: PIE session: MainMap (7 Jun 2019 15:45:16)
[2019.06.07-13.45.16:315][493]LogPlayLevel: Creating play world package: /Game/Maps/UEDPIE_0_MainMap
[2019.06.07-13.45.16:319][493]LogPlayLevel: PIE: StaticDuplicateObject took: (0.003526s)
[2019.06.07-13.45.16:320][493]LogAIModule: Creating AISystem for world MainMap
[2019.06.07-13.45.16:320][493]LogPlayLevel: PIE: World Init took: (0.000990s)
[2019.06.07-13.45.16:320][493]LogPlayLevel: PIE: Created PIE world by copying editor world from /Game/Maps/MainMap.MainMap to /Game/Maps/UEDPIE_0_MainMap.MainMap (0.004746s)
[2019.06.07-13.45.16:355][493]LogInit: XAudio2 using 'Speakers (Realtek High Definition Audio)' : 2 channels at 48 kHz using 32 bits per sample (channel mask 0x3)
[2019.06.07-13.45.16:435][493]LogInit: FAudioDevice initialized.
[2019.06.07-13.45.16:466][493]LogLoad: Game class is 'GameModeBase'
[2019.06.07-13.45.16:470][493]LogWorld: Bringing World /Game/Maps/UEDPIE_0_MainMap.MainMap up for play (max tick rate 60) at 2019.06.07-14.45.16
[2019.06.07-13.45.16:470][493]LogWorld: Bringing up level for play took: 0.002639
[2019.06.07-13.45.16:472][493]PIE: Play in editor start time for /Game/Maps/UEDPIE_0_MainMap 0.196
[2019.06.07-13.45.27:993][124]LogTemp: Warning: Health Changed:80.0
[2019.06.07-13.45.27:993][124]LogTemp: Warning: Health Changed:80.0
[2019.06.07-13.45.28:092][130]LogTemp: Warning: Health Changed:60.0
[2019.06.07-13.45.28:092][130]LogTemp: Warning: Health Changed:60.0
[2019.06.07-13.45.28:192][136]LogTemp: Warning: Health Changed:40.0
[2019.06.07-13.45.28:192][136]LogTemp: Warning: Health Changed:40.0
[2019.06.07-13.45.28:292][142]LogTemp: Warning: Health Changed:20.0
[2019.06.07-13.45.28:292][142]LogTemp: Warning: Health Changed:20.0
[2019.06.07-13.45.28:393][148]LogTemp: Warning: Health Changed:0.0
[2019.06.07-13.45.28:393][148]LogTemp: Warning: Health Changed:0.0
[2019.06.07-13.45.28:493][153]LogTemp: Warning: Health Changed:0.0
[2019.06.07-13.45.28:493][153]LogTemp: Warning: Health Changed:0.0
[2019.06.07-13.45.29:703][218]LogTemp: Warning: Health Changed:0.0
[2019.06.07-13.45.29:703][218]LogTemp: Warning: Health Changed:0.0
[2019.06.07-13.45.30:093][240]LogTemp: Warning: Health Changed:0.0
[2019.06.07-13.45.30:093][240]LogTemp: Warning: Health Changed:0.0
[2019.06.07-13.46.18:678][940]LogSlate: FSceneViewport::OnFocusLost() reason 0
[2019.06.07-13.46.58:035][100]LogHttp: Warning: 0000022755D9DA80: request failed, libcurl error: 6 (Couldn't resolve host name)
[2019.06.07-13.46.58:035][100]LogHttp: Warning: 0000022755D9DA80: libcurl info message cache 0 (Could not resolve host: datarouter.ol.epicgames.com)
[2019.06.07-13.46.58:035][100]LogHttp: Warning: 0000022755D9DA80: libcurl info message cache 1 (Closing connection 7)
[2019.06.07-13.47.03:153][372]LogTemp: Repeating last play command: Selected Viewport
[2019.06.07-13.47.03:167][372]LogPlayLevel: PlayLevel: No blueprints needed recompiling
[2019.06.07-13.47.03:167][372]PIE: New page: PIE session: MainMap (7 Jun 2019 15:47:03)
[2019.06.07-13.47.03:167][372]LogPlayLevel: Creating play world package: /Game/Maps/UEDPIE_0_MainMap
[2019.06.07-13.47.03:171][372]LogPlayLevel: PIE: StaticDuplicateObject took: (0.003182s)
[2019.06.07-13.47.03:171][372]LogAIModule: Creating AISystem for world MainMap
[2019.06.07-13.47.03:172][372]LogPlayLevel: PIE: World Init took: (0.001106s)
[2019.06.07-13.47.03:172][372]LogPlayLevel: PIE: Created PIE world by copying editor world from /Game/Maps/MainMap.MainMap to /Game/Maps/UEDPIE_0_MainMap.MainMap (0.004503s)
[2019.06.07-13.47.03:205][372]LogInit: XAudio2 using 'Speakers (Realtek High Definition Audio)' : 2 channels at 48 kHz using 32 bits per sample (channel mask 0x3)
[2019.06.07-13.47.03:282][372]LogInit: FAudioDevice initialized.
[2019.06.07-13.47.03:375][372]LogLoad: Game class is 'GameModeBase'
[2019.06.07-13.47.03:378][372]LogWorld: Bringing World /Game/Maps/UEDPIE_0_MainMap.MainMap up for play (max tick rate 60) at 2019.06.07-14.47.03
[2019.06.07-13.47.03:379][372]LogWorld: Bringing up level for play took: 0.002591
[2019.06.07-13.47.03:382][372]PIE: Play in editor start time for /Game/Maps/UEDPIE_0_MainMap 1.107
[2019.06.07-13.47.03:429][372]LogRenderer: Reallocating scene render targets to support 1024x672 Format 10 NumSamples 1 (Frame:1).
[2019.06.07-13.47.06:599][512]LogSlate: Window 'Shooter Game Preview Standalone (64-bit/PCD3D_SM5)' being destroyed
[2019.06.07-13.47.10:032][670]LogActorComponent: UnregisterComponent: (/Engine/Transient.EditorFloorComp) Not registered. Aborting.
[2019.06.07-13.47.10:448][670]LogSlate: Window 'Shooter - Unreal Editor' being destroyed
[2019.06.07-13.47.10:768][671]Cmd: QUIT_EDITOR
[2019.06.07-13.47.11:202][671]LogWindowsTextInputMethodSystem: Display: IME system now deactivated.
[2019.06.07-13.47.11:216][671]LogSlate: Slate User Destroyed.  User Index 0, Is Virtual User: 0
[2019.06.07-13.47.11:216][671]LogExit: Preparing to exit.
[2019.06.07-13.47.11:795][671]LogExit: Editor shut down
[2019.06.07-13.47.11:820][671]LogExit: Transaction tracking system shut down
[2019.06.07-13.47.11:821][671]LogUObjectGlobals: Destroyed PersistentFrame Addr=0x0000022734800940, Size=88
[2019.06.07-13.47.11:821][671]LogUObjectGlobals: Destroyed PersistentFrame Addr=0x0000022734896250, Size=80
[2019.06.07-13.47.11:823][671]LogUObjectGlobals: Destroyed PersistentFrame Addr=0x0000022729e04400, Size=248
[2019.06.07-13.47.11:828][671]LogUObjectGlobals: Destroyed PersistentFrame Addr=0x00000227768f92d0, Size=4
[2019.06.07-13.47.11:828][671]LogUObjectGlobals: Destroyed PersistentFrame Addr=0x00000227768f92c8, Size=4
[2019.06.07-13.47.11:965][671]LogDirectoryWatcher: A directory notification for '../../../Engine/Content/' was aborted.
[2019.06.07-13.47.11:965][671]LogDirectoryWatcher: A directory notification for 'E:/UE projects/FPS_OL/UE4_FPS_Game/Shooter/Content/' was aborted.
[2019.06.07-13.47.11:965][671]LogDirectoryWatcher: A directory notification for '../../Plugins/2D/Paper2D/Content/' was aborted.
[2019.06.07-13.47.11:966][671]LogDirectoryWatcher: A directory notification for '../../Plugins/Enterprise/DatasmithContent/Content/' was aborted.
[2019.06.07-13.47.11:966][671]LogDirectoryWatcher: A directory notification for '../../Plugins/Media/MediaCompositing/Content/' was aborted.
[2019.06.07-13.47.11:966][671]LogDirectoryWatcher: A directory notification for '../../Plugins/Runtime/AppleARKit/Content/' was aborted.
[2019.06.07-13.47.11:966][671]LogDirectoryWatcher: A directory notification for '../../Plugins/Runtime/Oculus/OculusVR/Content/' was aborted.
[2019.06.07-13.47.11:966][671]LogDirectoryWatcher: A directory notification for '../../Plugins/Runtime/Steam/SteamVR/Content/' was aborted.
[2019.06.07-13.47.12:141][671]LogExit: Object subsystem successfully closed.
[2019.06.07-13.47.12:160][671]LogShaderCompilers: Display: Shaders left to compile 0
[2019.06.07-13.47.12:163][671]LogD3D11RHI: Shutdown
[2019.06.07-13.47.12:163][671]LogD3D11RHI: CleanupD3DDevice
[2019.06.07-13.47.12:167][671]LogD3D11RHI: ~FD3D11DynamicRHI
[2019.06.07-13.47.12:193][671]LogModuleManager: Shutting down and abandoning module MovieSceneCapture (590)
[2019.06.07-13.47.12:193][671]LogModuleManager: Shutting down and abandoning module AnimationBlueprintEditor (588)
[2019.06.07-13.47.12:193][671]LogModuleManager: Shutting down and abandoning module PhysicsAssetEditor (586)
[2019.06.07-13.47.12:193][671]LogModuleManager: Shutting down and abandoning module ClothingSystemEditorInterface (584)
[2019.06.07-13.47.12:193][671]LogModuleManager: Shutting down and abandoning module PinnedCommandList (582)
[2019.06.07-13.47.12:193][671]LogModuleManager: Shutting down and abandoning module SkeletonEditor (580)
[2019.06.07-13.47.12:193][671]LogModuleManager: Shutting down and abandoning module BlueprintGraph (578)
[2019.06.07-13.47.12:193][671]LogModuleManager: Shutting down and abandoning module HierarchicalLODOutliner (576)
[2019.06.07-13.47.12:193][671]LogModuleManager: Shutting down and abandoning module DesktopPlatform (574)
[2019.06.07-13.47.12:193][671]LogModuleManager: Shutting down and abandoning module SceneOutliner (572)
[2019.06.07-13.47.12:195][671]LogModuleManager: Shutting down and abandoning module AddContentDialog (570)
[2019.06.07-13.47.12:196][671]LogDirectoryWatcher: A directory notification for 'C:/Program Files/Epic Games/UE_4.19/FeaturePacks/' was aborted.
[2019.06.07-13.47.12:197][671]LogModuleManager: Shutting down and abandoning module WidgetCarousel (569)
[2019.06.07-13.47.12:197][671]LogModuleManager: Shutting down and abandoning module EditorWidgets (566)
[2019.06.07-13.47.12:197][671]LogModuleManager: Shutting down and abandoning module CollectionManager (564)
[2019.06.07-13.47.12:197][671]LogDirectoryWatcher: A directory notification for 'E:/UE projects/FPS_OL/UE4_FPS_Game/Shooter/Content/Collections/' was aborted.
[2019.06.07-13.47.12:197][671]LogDirectoryWatcher: A directory notification for 'E:/UE projects/FPS_OL/UE4_FPS_Game/Shooter/Content/Developers/ZHENGYANG/Collections/' was aborted.
[2019.06.07-13.47.12:197][671]LogDirectoryWatcher: A directory notification for 'E:/UE projects/FPS_OL/UE4_FPS_Game/Shooter/Saved/Collections/' was aborted.
[2019.06.07-13.47.12:197][671]LogModuleManager: Shutting down and abandoning module StatsViewer (562)
[2019.06.07-13.47.12:197][671]LogModuleManager: Shutting down and abandoning module FoliageEdit (560)
[2019.06.07-13.47.12:197][671]LogModuleManager: Shutting down and abandoning module LandscapeEditor (558)
[2019.06.07-13.47.12:198][671]LogModuleManager: Shutting down and abandoning module MeshPaintMode (556)
[2019.06.07-13.47.12:198][671]LogModuleManager: Shutting down and abandoning module SceneDepthPickerMode (554)
[2019.06.07-13.47.12:198][671]LogModuleManager: Shutting down and abandoning module ActorPickerMode (552)
[2019.06.07-13.47.12:198][671]LogModuleManager: Shutting down and abandoning module GeometryMode (550)
[2019.06.07-13.47.12:198][671]LogModuleManager: Shutting down and abandoning module TextureAlignMode (548)
[2019.06.07-13.47.12:198][671]LogModuleManager: Shutting down and abandoning module BspMode (546)
[2019.06.07-13.47.12:198][671]LogModuleManager: Shutting down and abandoning module PIEPreviewDeviceProfileSelector (544)
[2019.06.07-13.47.12:198][671]LogModuleManager: Shutting down and abandoning module HardwareSurvey (542)
[2019.06.07-13.47.12:198][671]LogModuleManager: Shutting down and abandoning module SequenceRecorderSections (540)
[2019.06.07-13.47.12:198][671]LogModuleManager: Shutting down and abandoning module AutomationWorker (538)
[2019.06.07-13.47.12:198][671]LogModuleManager: Shutting down and abandoning module AudioCaptureEditor (536)
[2019.06.07-13.47.12:198][671]LogModuleManager: Shutting down and abandoning module SequenceRecorder (535)
[2019.06.07-13.47.12:198][671]LogModuleManager: Shutting down and abandoning module MatineeToLevelSequence (532)
[2019.06.07-13.47.12:198][671]LogModuleManager: Shutting down and abandoning module LevelSequenceEditor (530)
[2019.06.07-13.47.12:198][671]LogModuleManager: Shutting down and abandoning module PlacementMode (529)
[2019.06.07-13.47.12:198][671]LogModuleManager: Shutting down and abandoning module MaterialEditor (528)
[2019.06.07-13.47.12:198][671]LogModuleManager: Shutting down and abandoning module WmfMediaFactory (524)
[2019.06.07-13.47.12:198][671]LogModuleManager: Shutting down and abandoning module WmfMediaEditor (522)
[2019.06.07-13.47.12:198][671]LogModuleManager: Shutting down and abandoning module MediaPlayerEditor (520)
[2019.06.07-13.47.12:198][671]LogModuleManager: Shutting down and abandoning module OpenExrWrapper (518)
[2019.06.07-13.47.12:198][671]LogModuleManager: Shutting down and abandoning module ImgMediaFactory (516)
[2019.06.07-13.47.12:198][671]LogModuleManager: Shutting down and abandoning module ImgMediaEditor (514)
[2019.06.07-13.47.12:198][671]LogModuleManager: Shutting down and abandoning module AvfMediaFactory (512)
[2019.06.07-13.47.12:198][671]LogModuleManager: Shutting down and abandoning module AvfMediaEditor (510)
[2019.06.07-13.47.12:198][671]LogModuleManager: Shutting down and abandoning module AndroidMediaFactory (508)
[2019.06.07-13.47.12:198][671]LogModuleManager: Shutting down and abandoning module AndroidMediaEditor (506)
[2019.06.07-13.47.12:198][671]LogModuleManager: Shutting down and abandoning module CharacterAI (504)
[2019.06.07-13.47.12:198][671]LogModuleManager: Shutting down and abandoning module SmartSnapping (502)
[2019.06.07-13.47.12:198][671]LogModuleManager: Shutting down and abandoning module SessionServices (500)
[2019.06.07-13.47.12:198][671]LogModuleManager: Shutting down and abandoning module ViewportSnapping (498)
[2019.06.07-13.47.12:198][671]LogModuleManager: Shutting down and abandoning module ViewportInteraction (496)
[2019.06.07-13.47.12:199][671]LogModuleManager: Shutting down and abandoning module ClothPainter (494)
[2019.06.07-13.47.12:199][671]LogModuleManager: Shutting down and abandoning module SkeletalMeshEditor (493)
[2019.06.07-13.47.12:199][671]LogModuleManager: Shutting down and abandoning module LogVisualizer (490)
[2019.06.07-13.47.12:199][671]LogModuleManager: Shutting down and abandoning module IntroTutorials (488)
[2019.06.07-13.47.12:199][671]LogModuleManager: Shutting down and abandoning module GameProjectGeneration (487)
[2019.06.07-13.47.12:199][671]LogModuleManager: Shutting down and abandoning module IOSPlatformEditor (484)
[2019.06.07-13.47.12:199][671]LogModuleManager: Shutting down and abandoning module HTML5PlatformEditor (482)
[2019.06.07-13.47.12:199][671]LogModuleManager: Shutting down and abandoning module AndroidPlatformEditor (480)
[2019.06.07-13.47.12:199][671]LogModuleManager: Shutting down and abandoning module AndroidDeviceDetection (479)
[2019.06.07-13.47.13:145][671]LogModuleManager: Shutting down and abandoning module WindowsPlatformEditor (476)
[2019.06.07-13.47.13:145][671]LogModuleManager: Shutting down and abandoning module IOSRuntimeSettings (474)
[2019.06.07-13.47.13:145][671]LogModuleManager: Shutting down and abandoning module AndroidRuntimeSettings (472)
[2019.06.07-13.47.13:145][671]LogModuleManager: Shutting down and abandoning module InputBindingEditor (470)
[2019.06.07-13.47.13:146][671]LogModuleManager: Shutting down and abandoning module MergeActors (468)
[2019.06.07-13.47.13:146][671]LogModuleManager: Shutting down and abandoning module LocalizationDashboard (466)
[2019.06.07-13.47.13:146][671]LogModuleManager: Shutting down and abandoning module LocalizationService (465)
[2019.06.07-13.47.13:146][671]LogModuleManager: Shutting down and abandoning module HardwareTargeting (462)
[2019.06.07-13.47.13:146][671]LogModuleManager: Shutting down and abandoning module DeviceProfileEditor (460)
[2019.06.07-13.47.13:146][671]LogModuleManager: Shutting down and abandoning module UndoHistory (458)
[2019.06.07-13.47.13:146][671]LogModuleManager: Shutting down and abandoning module XmlParser (456)
[2019.06.07-13.47.13:146][671]LogModuleManager: Shutting down and abandoning module Blutility (454)
[2019.06.07-13.47.13:146][671]LogModuleManager: Shutting down and abandoning module ProjectSettingsViewer (452)
[2019.06.07-13.47.13:146][671]LogModuleManager: Shutting down and abandoning module ProjectTargetPlatformEditor (451)
[2019.06.07-13.47.13:147][671]LogModuleManager: Shutting down and abandoning module EditorSettingsViewer (448)
[2019.06.07-13.47.13:147][671]LogModuleManager: Shutting down and abandoning module SettingsEditor (446)
[2019.06.07-13.47.13:147][671]LogModuleManager: Shutting down and abandoning module ProjectLauncher (444)
[2019.06.07-13.47.13:147][671]LogModuleManager: Shutting down and abandoning module SessionFrontend (442)
[2019.06.07-13.47.13:147][671]LogModuleManager: Shutting down and abandoning module ProfilerClient (440)
[2019.06.07-13.47.13:147][671]LogModuleManager: Shutting down and abandoning module DeviceManager (438)
[2019.06.07-13.47.13:147][671]LogModuleManager: Shutting down and abandoning module TargetDeviceServices (437)
[2019.06.07-13.47.13:200][671]LogModuleManager: Shutting down and abandoning module AutomationController (434)
[2019.06.07-13.47.13:200][671]LogModuleManager: Shutting down and abandoning module AutomationWindow (432)
[2019.06.07-13.47.13:200][671]LogModuleManager: Shutting down and abandoning module Layers (430)
[2019.06.07-13.47.13:200][671]LogModuleManager: Shutting down and abandoning module ComponentVisualizers (428)
[2019.06.07-13.47.13:200][671]LogModuleManager: Shutting down and abandoning module DetailCustomizations (426)
[2019.06.07-13.47.13:200][671]LogModuleManager: Shutting down and abandoning module PackagesDialog (424)
[2019.06.07-13.47.13:200][671]LogModuleManager: Shutting down and abandoning module Persona (422)
[2019.06.07-13.47.13:200][671]LogModuleManager: Shutting down and abandoning module AdvancedPreviewScene (421)
[2019.06.07-13.47.13:201][671]LogModuleManager: Shutting down and abandoning module AnimGraph (419)
[2019.06.07-13.47.13:201][671]LogModuleManager: Shutting down and abandoning module Kismet (416)
[2019.06.07-13.47.13:211][671]LogModuleManager: Shutting down and abandoning module GraphEditor (414)
[2019.06.07-13.47.13:212][671]LogModuleManager: Shutting down and abandoning module ClassViewer (412)
[2019.06.07-13.47.13:212][671]LogModuleManager: Shutting down and abandoning module Toolbox (410)
[2019.06.07-13.47.13:212][671]LogModuleManager: Shutting down and abandoning module ModuleUI (408)
[2019.06.07-13.47.13:212][671]LogModuleManager: Shutting down and abandoning module MovieSceneTools (406)
[2019.06.07-13.47.13:212][671]LogModuleManager: Shutting down and abandoning module OutputLog (404)
[2019.06.07-13.47.13:212][671]LogModuleManager: Shutting down and abandoning module GammaUI (402)
[2019.06.07-13.47.13:212][671]LogModuleManager: Shutting down and abandoning module Documentation (400)
[2019.06.07-13.47.13:212][671]LogModuleManager: Shutting down and abandoning module MovieSceneTracks (398)
[2019.06.07-13.47.13:212][671]LogModuleManager: Shutting down and abandoning module MovieScene (396)
[2019.06.07-13.47.13:212][671]LogModuleManager: Shutting down and abandoning module StreamingPauseRendering (394)
[2019.06.07-13.47.13:212][671]LogModuleManager: Shutting down and abandoning module LauncherPlatform (392)
[2019.06.07-13.47.13:212][671]LogModuleManager: Shutting down and abandoning module AnalyticsET (390)
[2019.06.07-13.47.13:213][671]LogModuleManager: Shutting down and abandoning module PortalServices (388)
[2019.06.07-13.47.13:213][671]LogModuleManager: Shutting down and abandoning module PortalRpc (386)
[2019.06.07-13.47.13:213][671]LogModuleManager: Shutting down and abandoning module MessagingRpc (384)
[2019.06.07-13.47.13:213][671]LogModuleManager: Shutting down and abandoning module AIModule (382)
[2019.06.07-13.47.13:213][671]LogModuleManager: Shutting down and abandoning module GameplayDebugger (381)
[2019.06.07-13.47.13:213][671]LogModuleManager: Shutting down and abandoning module AITestSuite (379)
[2019.06.07-13.47.13:213][671]LogModuleManager: Shutting down and abandoning module ProfilerService (376)
[2019.06.07-13.47.13:307][671]LogModuleManager: Shutting down and abandoning module TaskGraph (374)
[2019.06.07-13.47.13:307][671]LogModuleManager: Shutting down and abandoning module SteamVRController (372)
[2019.06.07-13.47.13:307][671]LogModuleManager: Shutting down and abandoning module ProceduralMeshComponentEditor (370)
[2019.06.07-13.47.13:307][671]LogModuleManager: Shutting down and abandoning module ProceduralMeshComponent (368)
[2019.06.07-13.47.13:307][671]LogModuleManager: Shutting down and abandoning module OculusInput (366)
[2019.06.07-13.47.13:307][671]LogModuleManager: Shutting down and abandoning module MobilePatchingUtils (364)
[2019.06.07-13.47.13:308][671]LogModuleManager: Shutting down and abandoning module CustomMeshComponent (362)
[2019.06.07-13.47.13:308][671]LogModuleManager: Shutting down and abandoning module CableComponent (360)
[2019.06.07-13.47.13:308][671]LogModuleManager: Shutting down and abandoning module AudioCapture (358)
[2019.06.07-13.47.13:308][671]LogModuleManager: Shutting down and abandoning module ArchVisCharacter (356)
[2019.06.07-13.47.13:308][671]LogModuleManager: Shutting down and abandoning module AndroidPermission (354)
[2019.06.07-13.47.13:308][671]LogModuleManager: Shutting down and abandoning module NUTUnrealEngine4 (350)
[2019.06.07-13.47.13:308][671]LogModuleManager: Shutting down and abandoning module NetcodeUnitTest (348)
[2019.06.07-13.47.13:308][671]LogModuleManager: Shutting down and abandoning module MediaCompositingEditor (346)
[2019.06.07-13.47.13:308][671]LogModuleManager: Shutting down and abandoning module MediaCompositing (344)
[2019.06.07-13.47.13:308][671]LogModuleManager: Shutting down and abandoning module LinearTimecode (342)
[2019.06.07-13.47.13:308][671]LogModuleManager: Shutting down and abandoning module ImgMedia (340)
[2019.06.07-13.47.13:317][671]LogModuleManager: Shutting down and abandoning module HTML5Networking (338)
[2019.06.07-13.47.13:317][671]LogModuleManager: Shutting down and abandoning module AlembicImporter (336)
[2019.06.07-13.47.13:317][671]LogModuleManager: Shutting down and abandoning module AlembicLibrary (335)
[2019.06.07-13.47.13:317][671]LogModuleManager: Shutting down and abandoning module GeometryCache (334)
[2019.06.07-13.47.13:317][671]LogModuleManager: Shutting down and abandoning module GeometryCacheEd (333)
[2019.06.07-13.47.13:317][671]LogModuleManager: Shutting down and abandoning module DatasmithContent (328)
[2019.06.07-13.47.13:317][671]LogModuleManager: Shutting down and abandoning module SpeedTreeImporter (326)
[2019.06.07-13.47.13:318][671]LogModuleManager: Shutting down and abandoning module PluginBrowser (324)
[2019.06.07-13.47.13:318][671]LogModuleManager: Shutting down and abandoning module MobileLauncherProfileWizard (322)
[2019.06.07-13.47.13:318][671]LogModuleManager: Shutting down and abandoning module CryptoKeysOpenSSL (320)
[2019.06.07-13.47.13:318][671]LogModuleManager: Shutting down and abandoning module CryptoKeys (318)
[2019.06.07-13.47.13:318][671]LogModuleManager: Shutting down and abandoning module VisualStudioSourceCodeAccess (316)
[2019.06.07-13.47.13:318][671]LogModuleManager: Shutting down and abandoning module VisualStudioCodeSourceCodeAccess (314)
[2019.06.07-13.47.13:318][671]LogModuleManager: Shutting down and abandoning module UObjectPlugin (312)
[2019.06.07-13.47.13:318][671]LogModuleManager: Shutting down and abandoning module SubversionSourceControl (310)
[2019.06.07-13.47.13:318][671]LogModuleManager: Shutting down and abandoning module PerforceSourceControl (308)
[2019.06.07-13.47.13:318][671]LogModuleManager: Shutting down and abandoning module GitSourceControl (306)
[2019.06.07-13.47.13:318][671]LogModuleManager: Shutting down and abandoning module SourceControl (305)
[2019.06.07-13.47.13:318][671]LogModuleManager: Shutting down and abandoning module CLionSourceCodeAccess (302)
[2019.06.07-13.47.13:319][671]LogModuleManager: Shutting down and abandoning module LightPropagationVolumeEditor (300)
[2019.06.07-13.47.13:319][671]LogModuleManager: Shutting down and abandoning module PaperTiledImporter (298)
[2019.06.07-13.47.13:319][671]LogModuleManager: Shutting down and abandoning module PaperSpriteSheetImporter (296)
[2019.06.07-13.47.13:319][671]LogModuleManager: Shutting down and abandoning module Paper2DEditor (294)
[2019.06.07-13.47.13:319][671]LogModuleManager: Shutting down and abandoning module MeshPaint (293)
[2019.06.07-13.47.13:319][671]LogModuleManager: Shutting down and abandoning module Shooter (290)
[2019.06.07-13.47.13:319][671]LogModuleManager: Shutting down and abandoning module RuntimePhysXCooking (288)
[2019.06.07-13.47.13:319][671]LogModuleManager: Shutting down and abandoning module PhysXVehiclesEditor (286)
[2019.06.07-13.47.13:319][671]LogModuleManager: Shutting down and abandoning module PhysXVehicles (284)
[2019.06.07-13.47.13:319][671]LogModuleManager: Shutting down and abandoning module OculusEditor (282)
[2019.06.07-13.47.13:319][671]LogModuleManager: Shutting down and abandoning module LocationServicesBPLibrary (280)
[2019.06.07-13.47.13:319][671]LogModuleManager: Shutting down and abandoning module ImmediatePhysicsEditor (278)
[2019.06.07-13.47.13:319][671]LogModuleManager: Shutting down and abandoning module ImmediatePhysics (276)
[2019.06.07-13.47.13:320][671]LogModuleManager: Shutting down and abandoning module ActorSequence (274)
[2019.06.07-13.47.13:320][671]LogModuleManager: Shutting down and abandoning module UdpMessaging (272)
[2019.06.07-13.47.13:421][671]LogModuleManager: Shutting down and abandoning module TcpMessaging (270)
[2019.06.07-13.47.13:522][671]LogModuleManager: Shutting down and abandoning module GameplayTagsEditor (268)
[2019.06.07-13.47.13:522][671]LogModuleManager: Shutting down and abandoning module FacialAnimationEditor (266)
[2019.06.07-13.47.13:522][671]LogModuleManager: Shutting down and abandoning module FacialAnimation (264)
[2019.06.07-13.47.13:522][671]LogModuleManager: Shutting down and abandoning module DataValidation (262)
[2019.06.07-13.47.13:522][671]LogModuleManager: Shutting down and abandoning module AssetManagerEditor (260)
[2019.06.07-13.47.13:523][671]LogModuleManager: Shutting down and abandoning module LevelEditor (259)
[2019.06.07-13.47.13:525][671]LogModuleManager: Shutting down and abandoning module PixelInspectorModule (258)
[2019.06.07-13.47.13:525][671]LogModuleManager: Shutting down and abandoning module CommonMenuExtensions (256)
[2019.06.07-13.47.13:525][671]LogModuleManager: Shutting down and abandoning module MainFrame (254)
[2019.06.07-13.47.13:525][671]LogModuleManager: Shutting down and abandoning module HotReload (253)
[2019.06.07-13.47.13:526][671]LogDirectoryWatcher: A directory notification for 'E:/UE projects/FPS_OL/UE4_FPS_Game/Shooter/Binaries/Win64' was aborted.
[2019.06.07-13.47.13:527][671]LogModuleManager: Shutting down and abandoning module ContentBrowser (249)
[2019.06.07-13.47.13:529][671]LogModuleManager: Shutting down and abandoning module TreeMap (247)
[2019.06.07-13.47.13:530][671]LogModuleManager: Shutting down and abandoning module LightPropagationVolumeRuntime (244)
[2019.06.07-13.47.13:530][671]LogModuleManager: Shutting down and abandoning module LiveLinkEditor (242)
[2019.06.07-13.47.13:530][671]LogModuleManager: Shutting down and abandoning module LiveLink (240)
[2019.06.07-13.47.14:230][671]LogModuleManager: Shutting down and abandoning module Paper2D (238)
[2019.06.07-13.47.14:231][671]LogModuleManager: Shutting down and abandoning module WindowsMoviePlayer (236)
[2019.06.07-13.47.14:231][671]LogModuleManager: Shutting down and abandoning module WmfMedia (234)
[2019.06.07-13.47.14:234][671]LogModuleManager: Shutting down and abandoning module Media (233)
[2019.06.07-13.47.14:241][671]LogModuleManager: Shutting down and abandoning module PacketHandler (230)
[2019.06.07-13.47.14:241][671]LogModuleManager: Shutting down and abandoning module ClothingSystemEditor (228)
[2019.06.07-13.47.14:241][671]LogModuleManager: Shutting down and abandoning module ClothingSystemRuntime (226)
[2019.06.07-13.47.14:242][671]LogModuleManager: Shutting down and abandoning module MediaAssets (224)
[2019.06.07-13.47.14:242][671]LogModuleManager: Shutting down and abandoning module Overlay (222)
[2019.06.07-13.47.14:242][671]LogModuleManager: Shutting down and abandoning module OverlayEditor (221)
[2019.06.07-13.47.14:242][671]LogModuleManager: Shutting down and abandoning module VREditor (218)
[2019.06.07-13.47.14:242][671]LogModuleManager: Shutting down and abandoning module StringTableEditor (216)
[2019.06.07-13.47.14:242][671]LogModuleManager: Shutting down and abandoning module GameplayTasksEditor (214)
[2019.06.07-13.47.14:242][671]LogModuleManager: Shutting down and abandoning module BehaviorTreeEditor (212)
[2019.06.07-13.47.14:242][671]LogModuleManager: Shutting down and abandoning module FunctionalTesting (210)
[2019.06.07-13.47.14:242][671]LogModuleManager: Shutting down and abandoning module CollisionAnalyzer (208)
[2019.06.07-13.47.14:242][671]LogModuleManager: Shutting down and abandoning module WorkspaceMenuStructure (207)
[2019.06.07-13.47.14:242][671]LogModuleManager: Shutting down and abandoning module UMG (204)
[2019.06.07-13.47.14:243][671]LogModuleManager: Shutting down and abandoning module UMGEditor (203)
[2019.06.07-13.47.14:243][671]LogModuleManager: Shutting down and abandoning module Sequencer (202)
[2019.06.07-13.47.14:243][671]LogModuleManager: Shutting down and abandoning module MessageLog (199)
[2019.06.07-13.47.14:243][671]LogModuleManager: Shutting down and abandoning module SlateReflector (194)
[2019.06.07-13.47.14:243][671]LogModuleManager: Shutting down and abandoning module Slate (192)
[2019.06.07-13.47.14:243][671]LogModuleManager: Shutting down and abandoning module EditorStyle (190)
[2019.06.07-13.47.14:248][671]LogModuleManager: Shutting down and abandoning module MRMesh (188)
[2019.06.07-13.47.14:248][671]LogModuleManager: Shutting down and abandoning module SourceCodeAccess (186)
[2019.06.07-13.47.14:248][671]LogModuleManager: Shutting down and abandoning module HeadMountedDisplay (184)
[2019.06.07-13.47.14:248][671]LogModuleManager: Shutting down and abandoning module XAudio2 (182)
[2019.06.07-13.47.14:248][671]LogModuleManager: Shutting down and abandoning module Networking (180)
[2019.06.07-13.47.14:249][671]LogModuleManager: Shutting down and abandoning module Core (178)
[2019.06.07-13.47.14:249][671]LogModuleManager: Shutting down and abandoning module LevelSequence (176)
[2019.06.07-13.47.14:249][671]LogModuleManager: Shutting down and abandoning module KismetCompiler (174)
[2019.06.07-13.47.14:249][671]LogModuleManager: Shutting down and abandoning module MeshUtilities (172)
[2019.06.07-13.47.14:249][671]LogModuleManager: Shutting down and abandoning module MeshMergeUtilities (171)
[2019.06.07-13.47.14:249][671]LogModuleManager: Shutting down and abandoning module MeshReductionInterface (170)
[2019.06.07-13.47.14:249][671]LogModuleManager: Shutting down and abandoning module SimplygonSwarm (169)
[2019.06.07-13.47.14:249][671]LogModuleManager: Shutting down and abandoning module SimplygonMeshReduction (167)
[2019.06.07-13.47.14:249][671]LogModuleManager: Shutting down and abandoning module QuadricMeshReduction (165)
[2019.06.07-13.47.14:249][671]LogModuleManager: Shutting down and abandoning module MaterialBaking (161)
[2019.06.07-13.47.14:249][671]LogModuleManager: Shutting down and abandoning module DirectoryWatcher (157)
[2019.06.07-13.47.14:260][671]LogModuleManager: Shutting down and abandoning module DerivedDataCache (154)
[2019.06.07-13.47.14:278][671]LogDerivedDataCache: Shutdown
[2019.06.07-13.47.14:278][671]LogModuleManager: Shutting down and abandoning module XGEController (152)
[2019.06.07-13.47.14:278][671]LogModuleManager: Shutting down and abandoning module TargetPlatform (150)
[2019.06.07-13.47.14:278][671]LogModuleManager: Shutting down and abandoning module VulkanShaderFormat (149)
[2019.06.07-13.47.14:278][671]LogModuleManager: Shutting down and abandoning module ShaderFormatVectorVM (147)
[2019.06.07-13.47.14:278][671]LogModuleManager: Shutting down and abandoning module ShaderFormatOpenGL (145)
[2019.06.07-13.47.14:278][671]LogModuleManager: Shutting down and abandoning module ShaderFormatD3D (143)
[2019.06.07-13.47.14:279][671]LogModuleManager: Shutting down and abandoning module MetalShaderFormat (141)
[2019.06.07-13.47.14:279][671]LogModuleManager: Shutting down and abandoning module TextureFormatUncompressed (139)
[2019.06.07-13.47.14:279][671]LogModuleManager: Shutting down and abandoning module TextureFormatPVR (137)
[2019.06.07-13.47.14:279][671]LogModuleManager: Shutting down and abandoning module TextureFormatDXT (135)
[2019.06.07-13.47.14:279][671]LogModuleManager: Shutting down and abandoning module TextureFormatIntelISPCTexComp (133)
[2019.06.07-13.47.14:279][671]LogModuleManager: Shutting down and abandoning module TextureFormatASTC (131)
[2019.06.07-13.47.14:279][671]LogModuleManager: Shutting down and abandoning module ImageWrapper (130)
[2019.06.07-13.47.14:279][671]LogModuleManager: Shutting down and abandoning module TextureFormatAndroid (127)
[2019.06.07-13.47.14:279][671]LogModuleManager: Shutting down and abandoning module AudioFormatOpus (125)
[2019.06.07-13.47.14:279][671]LogModuleManager: Shutting down and abandoning module AudioFormatOgg (123)
[2019.06.07-13.47.14:280][671]LogModuleManager: Shutting down and abandoning module AudioFormatADPCM (121)
[2019.06.07-13.47.14:280][671]LogModuleManager: Shutting down and abandoning module LinuxTargetPlatform (119)
[2019.06.07-13.47.14:280][671]LogModuleManager: Shutting down and abandoning module LinuxServerTargetPlatform (117)
[2019.06.07-13.47.14:280][671]LogModuleManager: Shutting down and abandoning module LinuxNoEditorTargetPlatform (115)
[2019.06.07-13.47.14:280][671]LogModuleManager: Shutting down and abandoning module LinuxClientTargetPlatform (113)
[2019.06.07-13.47.14:280][671]LogModuleManager: Shutting down and abandoning module TVOSTargetPlatform (111)
[2019.06.07-13.47.14:280][671]LogModuleManager: Shutting down and abandoning module Messaging (109)
[2019.06.07-13.47.14:280][671]LogModuleManager: Shutting down and abandoning module IOSTargetPlatform (107)
[2019.06.07-13.47.14:280][671]LogModuleManager: Shutting down and abandoning module HTML5TargetPlatform (105)
[2019.06.07-13.47.14:280][671]LogModuleManager: Shutting down and abandoning module AndroidTargetPlatform (103)
[2019.06.07-13.47.14:280][671]LogModuleManager: Shutting down and abandoning module Android_PVRTCTargetPlatform (101)
[2019.06.07-13.47.14:281][671]LogModuleManager: Shutting down and abandoning module Android_MultiTargetPlatform (99)
[2019.06.07-13.47.14:281][671]LogModuleManager: Shutting down and abandoning module Android_ETC2TargetPlatform (97)
[2019.06.07-13.47.14:281][671]LogModuleManager: Shutting down and abandoning module Android_ETC1TargetPlatform (95)
[2019.06.07-13.47.14:281][671]LogModuleManager: Shutting down and abandoning module Android_ETC1aTargetPlatform (93)
[2019.06.07-13.47.14:281][671]LogModuleManager: Shutting down and abandoning module Android_DXTTargetPlatform (91)
[2019.06.07-13.47.14:281][671]LogModuleManager: Shutting down and abandoning module Android_ATCTargetPlatform (89)
[2019.06.07-13.47.14:281][671]LogModuleManager: Shutting down and abandoning module Android_ASTCTargetPlatform (87)
[2019.06.07-13.47.14:281][671]LogModuleManager: Shutting down and abandoning module WindowsTargetPlatform (85)
[2019.06.07-13.47.14:281][671]LogModuleManager: Shutting down and abandoning module WindowsServerTargetPlatform (83)
[2019.06.07-13.47.14:281][671]LogModuleManager: Shutting down and abandoning module WindowsNoEditorTargetPlatform (81)
[2019.06.07-13.47.14:281][671]LogModuleManager: Shutting down and abandoning module WindowsClientTargetPlatform (79)
[2019.06.07-13.47.14:281][671]LogModuleManager: Shutting down and abandoning module MacTargetPlatform (77)
[2019.06.07-13.47.14:281][671]LogModuleManager: Shutting down and abandoning module MacServerTargetPlatform (75)
[2019.06.07-13.47.14:281][671]LogModuleManager: Shutting down and abandoning module MacNoEditorTargetPlatform (73)
[2019.06.07-13.47.14:281][671]LogModuleManager: Shutting down and abandoning module MacClientTargetPlatform (71)
[2019.06.07-13.47.14:281][671]LogModuleManager: Shutting down and abandoning module AllDesktopTargetPlatform (69)
[2019.06.07-13.47.14:282][671]LogModuleManager: Shutting down and abandoning module InputCore (66)
[2019.06.07-13.47.14:282][671]LogModuleManager: Shutting down and abandoning module Settings (64)
[2019.06.07-13.47.14:282][671]LogModuleManager: Shutting down and abandoning module PhysXCooking (62)
[2019.06.07-13.47.14:282][671]LogModuleManager: Shutting down and abandoning module SteamVR (60)
[2019.06.07-13.47.14:282][671]LogModuleManager: Shutting down and abandoning module OculusHMD (58)
[2019.06.07-13.47.14:282][671]LogModuleManager: Shutting down and abandoning module ExampleDeviceProfileSelector (56)
[2019.06.07-13.47.14:282][671]LogModuleManager: Shutting down and abandoning module AppleARKit (54)
[2019.06.07-13.47.14:282][671]LogModuleManager: Shutting down and abandoning module AugmentedReality (51)
[2019.06.07-13.47.14:282][671]LogModuleManager: Shutting down and abandoning module OnlineBlueprintSupport (48)
[2019.06.07-13.47.14:282][671]LogModuleManager: Shutting down and abandoning module OnlineSubsystem (44)
[2019.06.07-13.47.14:283][671]LogModuleManager: Shutting down and abandoning module XMPP (43)
[2019.06.07-13.47.14:283][671]LogModuleManager: Shutting down and abandoning module HTTP (41)
[2019.06.07-13.47.14:283][671]LogHttp: Display: Http module shutting down, but needs to wait on 1 outstanding Http requests:
[2019.06.07-13.47.14:283][671]LogHttp: Display: 	verb=[POST] url=[https://datarouter.ol.epicgames.com/datarouter/api/v1/public/data?SessionID=%7B3B8E800F-4467-D3A6-B60C-23814C3C9498%7D&AppID=UEEditor.Rocket.Release&AppVersion=4.19.2-4033788%2B%2B%2BUE4%2BRelease-4.19&UserID=840ec4ba49d82b299709968a72d3d05c%7C5426ef3006d448d49826dbb8a56cf3d6%7Cec21321b-db10-403e-bb0e-d8e99cc05b4b&AppEnvironment=datacollector-binary&UploadType=eteventstream] status=Processing
[2019.06.07-13.47.14:283][671]LogHttp: Warning: 0000022737674400: request failed, libcurl error: 6 (Couldn't resolve host name)
[2019.06.07-13.47.14:283][671]LogHttp: Warning: 0000022737674400: libcurl info message cache 0 (Could not resolve host: datarouter.ol.epicgames.com)
[2019.06.07-13.47.14:283][671]LogHttp: Warning: 0000022737674400: libcurl info message cache 1 (Closing connection 8)
[2019.06.07-13.47.14:308][671]LogModuleManager: Shutting down and abandoning module SSL (40)
[2019.06.07-13.47.14:310][671]LogModuleManager: Shutting down and abandoning module AnimationModifiers (36)
[2019.06.07-13.47.14:310][671]LogModuleManager: Shutting down and abandoning module PropertyEditor (35)
[2019.06.07-13.47.14:310][671]LogModuleManager: Shutting down and abandoning module AudioEditor (32)
[2019.06.07-13.47.14:311][671]LogModuleManager: Shutting down and abandoning module TextureCompressor (30)
[2019.06.07-13.47.14:311][671]LogModuleManager: Shutting down and abandoning module ShaderCore (28)
[2019.06.07-13.47.14:311][671]LogModuleManager: Shutting down and abandoning module Landscape (26)
[2019.06.07-13.47.14:311][671]LogModuleManager: Shutting down and abandoning module SlateRHIRenderer (24)
[2019.06.07-13.47.14:315][671]LogModuleManager: Shutting down and abandoning module OpenGLDrv (22)
[2019.06.07-13.47.14:315][671]LogModuleManager: Shutting down and abandoning module D3D11RHI (20)
[2019.06.07-13.47.14:315][671]LogModuleManager: Shutting down and abandoning module AnimGraphRuntime (18)
[2019.06.07-13.47.14:315][671]LogModuleManager: Shutting down and abandoning module Renderer (16)
[2019.06.07-13.47.14:315][671]LogModuleManager: Shutting down and abandoning module Engine (14)
[2019.06.07-13.47.14:315][671]LogModuleManager: Shutting down and abandoning module CoreUObject (12)
[2019.06.07-13.47.14:315][671]LogModuleManager: Shutting down and abandoning module NetworkFile (10)
[2019.06.07-13.47.14:315][671]LogModuleManager: Shutting down and abandoning module CookedIterativeFile (8)
[2019.06.07-13.47.14:315][671]LogModuleManager: Shutting down and abandoning module StreamingFile (6)
[2019.06.07-13.47.14:315][671]LogModuleManager: Shutting down and abandoning module SandboxFile (4)
[2019.06.07-13.47.14:315][671]LogModuleManager: Shutting down and abandoning module PakFile (2)
[2019.06.07-13.47.14:332][671]LogExit: Exiting.
[2019.06.07-13.47.14:350][671]Log file closed, 06/07/19 14:47:14
