Log file open, 10/29/19 17:22:06
LogWindows: Failed to load 'aqProf.dll' (GetLastError=126)
LogWindows: File 'aqProf.dll' does not exist
LogWindows: Failed to load 'VtuneApi.dll' (GetLastError=126)
LogWindows: File 'VtuneApi.dll' does not exist
LogWindows: Failed to load 'VtuneApi32e.dll' (GetLastError=126)
LogWindows: File 'VtuneApi32e.dll' does not exist
LogInit: Display: Running engine for game: Shooter
LogPlatformFile: Not using cached read wrapper
LogInit: Display: RandInit(-1007586174) SRandInit(-1007586173).
LogInit: Read version file with build ID '3944462'
LogInit: Overriding engine version to CL 4033788, compatible CL 3944462
LogInit: Registered custom module enumerator with build ID '3944462'
LogTaskGraph: Started task graph with 5 named threads and 23 total threads with 3 sets of task threads.
LogStats: Stats thread started at 0.290199
LogD3D11RHI: Aftermath initialized
LogICUInternationalization: Display: ICU TimeZone Detection - Raw Offset: +8:00, Platform Override: ''
LogPluginManager: Mounting plugin Paper2D
LogPluginManager: Mounting plugin LiveLink
LogPluginManager: Mounting plugin LightPropagationVolume
LogPluginManager: Mounting plugin CLionSourceCodeAccess
LogPluginManager: Mounting plugin CodeLiteSourceCodeAccess
LogPluginManager: Mounting plugin GitSourceControl
LogPluginManager: Mounting plugin KDevelopSourceCodeAccess
LogPluginManager: Mounting plugin NullSourceCodeAccess
LogPluginManager: Mounting plugin PerforceSourceControl
LogPluginManager: Mounting plugin SubversionSourceControl
LogPluginManager: Mounting plugin UObjectPlugin
LogPluginManager: Mounting plugin VisualStudioCodeSourceCodeAccess
LogPluginManager: Mounting plugin VisualStudioSourceCodeAccess
LogPluginManager: Mounting plugin XCodeSourceCodeAccess
LogPluginManager: Mounting plugin AssetManagerEditor
LogPluginManager: Mounting plugin CryptoKeys
LogPluginManager: Mounting plugin DataValidation
LogPluginManager: Mounting plugin FacialAnimation
LogPluginManager: Mounting plugin GameplayTagsEditor
LogPluginManager: Mounting plugin MobileLauncherProfileWizard
LogPluginManager: Mounting plugin PluginBrowser
LogPluginManager: Mounting plugin SpeedTreeImporter
LogPluginManager: Mounting plugin DatasmithContent
LogPluginManager: Mounting plugin AlembicImporter
LogPluginManager: Mounting plugin CharacterAI
LogPluginManager: Mounting plugin HTML5Networking
LogPluginManager: Mounting plugin AndroidMedia
LogPluginManager: Mounting plugin AvfMedia
LogPluginManager: Mounting plugin ImgMedia
LogPluginManager: Mounting plugin LinearTimecode
LogPluginManager: Mounting plugin MediaCompositing
LogPluginManager: Mounting plugin MediaPlayerEditor
LogPluginManager: Mounting plugin WmfMedia
LogPluginManager: Mounting plugin TcpMessaging
LogPluginManager: Mounting plugin UdpMessaging
LogPluginManager: Mounting plugin ActorSequence
LogPluginManager: Mounting plugin LevelSequenceEditor
LogPluginManager: Mounting plugin MatineeToLevelSequence
LogPluginManager: Mounting plugin NetcodeUnitTest
LogPluginManager: Mounting plugin NUTUnrealEngine4
LogPluginManager: Mounting plugin OnlineSubsystemGooglePlay
LogPluginManager: Mounting plugin OnlineSubsystemIOS
LogPluginManager: Mounting plugin OnlineSubsystem
LogPluginManager: Mounting plugin OnlineSubsystemNull
LogPluginManager: Mounting plugin OnlineSubsystemUtils
LogPluginManager: Mounting plugin AndroidDeviceProfileSelector
LogPluginManager: Mounting plugin AndroidMoviePlayer
LogPluginManager: Mounting plugin AndroidPermission
LogPluginManager: Mounting plugin AppleARKit
LogPluginManager: Mounting plugin AppleMoviePlayer
LogPluginManager: Mounting plugin ArchVisCharacter
LogPluginManager: Mounting plugin AudioCapture
LogPluginManager: Mounting plugin CableComponent
LogPluginManager: Mounting plugin CustomMeshComponent
LogPluginManager: Mounting plugin ExampleDeviceProfileSelector
LogPluginManager: Mounting plugin GoogleCloudMessaging
LogPluginManager: Mounting plugin ImmediatePhysics
LogPluginManager: Mounting plugin IOSDeviceProfileSelector
LogPluginManager: Mounting plugin LinuxDeviceProfileSelector
LogPluginManager: Mounting plugin LocationServicesBPLibrary
LogPluginManager: Mounting plugin MobilePatchingUtils
LogPluginManager: Mounting plugin OculusVR
LogPluginManager: Plugin shader directory ../../../Engine/Plugins/Runtime/Oculus/OculusVR/Shaders found
LogPluginManager: Mapping shader source directory ../../../Engine/Plugins/Runtime/Oculus/OculusVR/Shaders to virtual directory /Plugin/OculusVR
LogPluginManager: Mounting plugin PhysXVehicles
LogPluginManager: Mounting plugin ProceduralMeshComponent
LogPluginManager: Mounting plugin RuntimePhysXCooking
LogPluginManager: Mounting plugin SteamVR
LogPluginManager: Mounting plugin WindowsMoviePlayer
LogStreaming: Display: Took  0.054s to configure plugins.
LogModuleManager: Display: Found up-to-date module file E:/UE projects/FPS_OL/UE4_FPS_Game/Shooter/Binaries/Win64/UE4Editor-Shooter-185.dll (API version 3944462).
LogModuleManager: Display: Found up-to-date module file ../../../Engine/Plugins/2D/Paper2D/Binaries/Win64/UE4Editor-Paper2D.dll (API version 3944462).
LogModuleManager: Display: Found up-to-date module file ../../../Engine/Plugins/2D/Paper2D/Binaries/Win64/UE4Editor-Paper2DEditor.dll (API version 3944462).
LogModuleManager: Display: Found up-to-date module file ../../../Engine/Plugins/2D/Paper2D/Binaries/Win64/UE4Editor-PaperSpriteSheetImporter.dll (API version 3944462).
LogModuleManager: Display: Found up-to-date module file ../../../Engine/Plugins/2D/Paper2D/Binaries/Win64/UE4Editor-PaperTiledImporter.dll (API version 3944462).
LogModuleManager: Display: Found up-to-date module file ../../../Engine/Plugins/2D/Paper2D/Binaries/Win64/UE4Editor-SmartSnapping.dll (API version 3944462).
LogModuleManager: Display: Found up-to-date module file ../../../Engine/Plugins/Animation/LiveLink/Binaries/Win64/UE4Editor-LiveLink.dll (API version 3944462).
LogModuleManager: Display: Found up-to-date module file ../../../Engine/Plugins/Animation/LiveLink/Binaries/Win64/UE4Editor-LiveLinkEditor.dll (API version 3944462).
LogModuleManager: Display: Found up-to-date module file ../../../Engine/Plugins/Blendables/LightPropagationVolume/Binaries/Win64/UE4Editor-LightPropagationVolumeRuntime.dll (API version 3944462).
LogModuleManager: Display: Found up-to-date module file ../../../Engine/Plugins/Blendables/LightPropagationVolume/Binaries/Win64/UE4Editor-LightPropagationVolumeEditor.dll (API version 3944462).
LogModuleManager: Display: Found up-to-date module file ../../../Engine/Plugins/Developer/CLionSourceCodeAccess/Binaries/Win64/UE4Editor-CLionSourceCodeAccess.dll (API version 3944462).
LogModuleManager: Display: Found up-to-date module file ../../../Engine/Plugins/Developer/GitSourceControl/Binaries/Win64/UE4Editor-GitSourceControl.dll (API version 3944462).
LogModuleManager: Display: Found up-to-date module file ../../../Engine/Plugins/Developer/PerforceSourceControl/Binaries/Win64/UE4Editor-PerforceSourceControl.dll (API version 3944462).
LogModuleManager: Display: Found up-to-date module file ../../../Engine/Plugins/Developer/SubversionSourceControl/Binaries/Win64/UE4Editor-SubversionSourceControl.dll (API version 3944462).
LogModuleManager: Display: Found up-to-date module file ../../../Engine/Plugins/Developer/UObjectPlugin/Binaries/Win64/UE4Editor-UObjectPlugin.dll (API version 3944462).
LogModuleManager: Display: Found up-to-date module file ../../../Engine/Plugins/Developer/VisualStudioCodeSourceCodeAccess/Binaries/Win64/UE4Editor-VisualStudioCodeSourceCodeAccess.dll (API version 3944462).
LogModuleManager: Display: Found up-to-date module file ../../../Engine/Plugins/Developer/VisualStudioSourceCodeAccess/Binaries/Win64/UE4Editor-VisualStudioSourceCodeAccess.dll (API version 3944462).
LogModuleManager: Display: Found up-to-date module file ../../../Engine/Plugins/Editor/AssetManagerEditor/Binaries/Win64/UE4Editor-AssetManagerEditor.dll (API version 3944462).
LogModuleManager: Display: Found up-to-date module file ../../../Engine/Plugins/Editor/CryptoKeys/Binaries/Win64/UE4Editor-CryptoKeys.dll (API version 3944462).
LogModuleManager: Display: Found up-to-date module file ../../../Engine/Plugins/Editor/CryptoKeys/Binaries/Win64/UE4Editor-CryptoKeysOpenSSL.dll (API version 3944462).
LogModuleManager: Display: Found up-to-date module file ../../../Engine/Plugins/Editor/DataValidation/Binaries/Win64/UE4Editor-DataValidation.dll (API version 3944462).
LogModuleManager: Display: Found up-to-date module file ../../../Engine/Plugins/Editor/FacialAnimation/Binaries/Win64/UE4Editor-FacialAnimation.dll (API version 3944462).
LogModuleManager: Display: Found up-to-date module file ../../../Engine/Plugins/Editor/FacialAnimation/Binaries/Win64/UE4Editor-FacialAnimationEditor.dll (API version 3944462).
LogModuleManager: Display: Found up-to-date module file ../../../Engine/Plugins/Editor/GameplayTagsEditor/Binaries/Win64/UE4Editor-GameplayTagsEditor.dll (API version 3944462).
LogModuleManager: Display: Found up-to-date module file ../../../Engine/Plugins/Editor/MobileLauncherProfileWizard/Binaries/Win64/UE4Editor-MobileLauncherProfileWizard.dll (API version 3944462).
LogModuleManager: Display: Found up-to-date module file ../../../Engine/Plugins/Editor/PluginBrowser/Binaries/Win64/UE4Editor-PluginBrowser.dll (API version 3944462).
LogModuleManager: Display: Found up-to-date module file ../../../Engine/Plugins/Editor/SpeedTreeImporter/Binaries/Win64/UE4Editor-SpeedTreeImporter.dll (API version 3944462).
LogModuleManager: Display: Found up-to-date module file ../../../Engine/Plugins/Enterprise/DatasmithContent/Binaries/Win64/UE4Editor-DatasmithContent.dll (API version 3944462).
LogModuleManager: Display: Found up-to-date module file ../../../Engine/Plugins/Experimental/AlembicImporter/Binaries/Win64/UE4Editor-AlembicImporter.dll (API version 3944462).
LogModuleManager: Display: Found up-to-date module file ../../../Engine/Plugins/Experimental/AlembicImporter/Binaries/Win64/UE4Editor-AlembicLibrary.dll (API version 3944462).
LogModuleManager: Display: Found up-to-date module file ../../../Engine/Plugins/Experimental/CharacterAI/Binaries/Win64/UE4Editor-CharacterAI.dll (API version 3944462).
LogModuleManager: Display: Found up-to-date module file ../../../Engine/Plugins/Experimental/HTML5Networking/Binaries/Win64/UE4Editor-HTML5Networking.dll (API version 3944462).
LogModuleManager: Display: Found up-to-date module file ../../../Engine/Plugins/Media/AndroidMedia/Binaries/Win64/UE4Editor-AndroidMediaEditor.dll (API version 3944462).
LogModuleManager: Display: Found up-to-date module file ../../../Engine/Plugins/Media/AndroidMedia/Binaries/Win64/UE4Editor-AndroidMediaFactory.dll (API version 3944462).
LogModuleManager: Display: Found up-to-date module file ../../../Engine/Plugins/Media/AvfMedia/Binaries/Win64/UE4Editor-AvfMediaEditor.dll (API version 3944462).
LogModuleManager: Display: Found up-to-date module file ../../../Engine/Plugins/Media/AvfMedia/Binaries/Win64/UE4Editor-AvfMediaFactory.dll (API version 3944462).
LogModuleManager: Display: Found up-to-date module file ../../../Engine/Plugins/Media/AvfMedia/Binaries/Win64/UE4Editor-AvfMediaFactory.dll (API version 3944462).
LogModuleManager: Display: Found up-to-date module file ../../../Engine/Plugins/Media/ImgMedia/Binaries/Win64/UE4Editor-ImgMedia.dll (API version 3944462).
LogModuleManager: Display: Found up-to-date module file ../../../Engine/Plugins/Media/ImgMedia/Binaries/Win64/UE4Editor-ImgMediaEditor.dll (API version 3944462).
LogModuleManager: Display: Found up-to-date module file ../../../Engine/Plugins/Media/ImgMedia/Binaries/Win64/UE4Editor-ImgMediaFactory.dll (API version 3944462).
LogModuleManager: Display: Found up-to-date module file ../../../Engine/Plugins/Media/ImgMedia/Binaries/Win64/UE4Editor-ImgMediaFactory.dll (API version 3944462).
LogModuleManager: Display: Found up-to-date module file ../../../Engine/Plugins/Media/ImgMedia/Binaries/Win64/UE4Editor-OpenExrWrapper.dll (API version 3944462).
LogModuleManager: Display: Found up-to-date module file ../../../Engine/Plugins/Media/LinearTimecode/Binaries/Win64/UE4Editor-LinearTimecode.dll (API version 3944462).
LogModuleManager: Display: Found up-to-date module file ../../../Engine/Plugins/Media/MediaCompositing/Binaries/Win64/UE4Editor-MediaCompositing.dll (API version 3944462).
LogModuleManager: Display: Found up-to-date module file ../../../Engine/Plugins/Media/MediaCompositing/Binaries/Win64/UE4Editor-MediaCompositingEditor.dll (API version 3944462).
LogModuleManager: Display: Found up-to-date module file ../../../Engine/Plugins/Media/MediaPlayerEditor/Binaries/Win64/UE4Editor-MediaPlayerEditor.dll (API version 3944462).
LogModuleManager: Display: Found up-to-date module file ../../../Engine/Plugins/Media/WmfMedia/Binaries/Win64/UE4Editor-WmfMedia.dll (API version 3944462).
LogModuleManager: Display: Found up-to-date module file ../../../Engine/Plugins/Media/WmfMedia/Binaries/Win64/UE4Editor-WmfMediaEditor.dll (API version 3944462).
LogModuleManager: Display: Found up-to-date module file ../../../Engine/Plugins/Media/WmfMedia/Binaries/Win64/UE4Editor-WmfMediaFactory.dll (API version 3944462).
LogModuleManager: Display: Found up-to-date module file ../../../Engine/Plugins/Media/WmfMedia/Binaries/Win64/UE4Editor-WmfMediaFactory.dll (API version 3944462).
LogModuleManager: Display: Found up-to-date module file ../../../Engine/Plugins/Messaging/TcpMessaging/Binaries/Win64/UE4Editor-TcpMessaging.dll (API version 3944462).
LogModuleManager: Display: Found up-to-date module file ../../../Engine/Plugins/Messaging/UdpMessaging/Binaries/Win64/UE4Editor-UdpMessaging.dll (API version 3944462).
LogModuleManager: Display: Found up-to-date module file ../../../Engine/Plugins/MovieScene/ActorSequence/Binaries/Win64/UE4Editor-ActorSequence.dll (API version 3944462).
LogModuleManager: Display: Found up-to-date module file ../../../Engine/Plugins/MovieScene/LevelSequenceEditor/Binaries/Win64/UE4Editor-LevelSequenceEditor.dll (API version 3944462).
LogModuleManager: Display: Found up-to-date module file ../../../Engine/Plugins/MovieScene/MatineeToLevelSequence/Binaries/Win64/UE4Editor-MatineeToLevelSequence.dll (API version 3944462).
LogModuleManager: Display: Found up-to-date module file ../../../Engine/Plugins/NetcodeUnitTest/NetcodeUnitTest/Binaries/Win64/UE4Editor-NetcodeUnitTest.dll (API version 3944462).
LogModuleManager: Display: Found up-to-date module file ../../../Engine/Plugins/NetcodeUnitTest/NUTUnrealEngine4/Binaries/Win64/UE4Editor-NUTUnrealEngine4.dll (API version 3944462).
LogModuleManager: Display: Found up-to-date module file ../../../Engine/Plugins/Online/OnlineSubsystem/Binaries/Win64/UE4Editor-OnlineSubsystem.dll (API version 3944462).
LogModuleManager: Display: Found up-to-date module file ../../../Engine/Plugins/Online/OnlineSubsystemNull/Binaries/Win64/UE4Editor-OnlineSubsystemNull.dll (API version 3944462).
LogModuleManager: Display: Found up-to-date module file ../../../Engine/Plugins/Online/OnlineSubsystemUtils/Binaries/Win64/UE4Editor-OnlineSubsystemUtils.dll (API version 3944462).
LogModuleManager: Display: Found up-to-date module file ../../../Engine/Plugins/Online/OnlineSubsystemUtils/Binaries/Win64/UE4Editor-OnlineBlueprintSupport.dll (API version 3944462).
LogModuleManager: Display: Found up-to-date module file ../../../Engine/Plugins/Runtime/AndroidDeviceProfileSelector/Binaries/Win64/UE4Editor-AndroidDeviceProfileSelector.dll (API version 3944462).
LogModuleManager: Display: Found up-to-date module file ../../../Engine/Plugins/Runtime/AndroidPermission/Binaries/Win64/UE4Editor-AndroidPermission.dll (API version 3944462).
LogModuleManager: Display: Found up-to-date module file ../../../Engine/Plugins/Runtime/AppleARKit/Binaries/Win64/UE4Editor-AppleARKit.dll (API version 3944462).
LogModuleManager: Display: Found up-to-date module file ../../../Engine/Plugins/Runtime/ArchVisCharacter/Binaries/Win64/UE4Editor-ArchVisCharacter.dll (API version 3944462).
LogModuleManager: Display: Found up-to-date module file ../../../Engine/Plugins/Runtime/AudioCapture/Binaries/Win64/UE4Editor-AudioCapture.dll (API version 3944462).
LogModuleManager: Display: Found up-to-date module file ../../../Engine/Plugins/Runtime/AudioCapture/Binaries/Win64/UE4Editor-AudioCaptureEditor.dll (API version 3944462).
LogModuleManager: Display: Found up-to-date module file ../../../Engine/Plugins/Runtime/CableComponent/Binaries/Win64/UE4Editor-CableComponent.dll (API version 3944462).
LogModuleManager: Display: Found up-to-date module file ../../../Engine/Plugins/Runtime/CustomMeshComponent/Binaries/Win64/UE4Editor-CustomMeshComponent.dll (API version 3944462).
LogModuleManager: Display: Found up-to-date module file ../../../Engine/Plugins/Runtime/ExampleDeviceProfileSelector/Binaries/Win64/UE4Editor-ExampleDeviceProfileSelector.dll (API version 3944462).
LogModuleManager: Display: Found up-to-date module file ../../../Engine/Plugins/Runtime/ImmediatePhysics/Binaries/Win64/UE4Editor-ImmediatePhysics.dll (API version 3944462).
LogModuleManager: Display: Found up-to-date module file ../../../Engine/Plugins/Runtime/ImmediatePhysics/Binaries/Win64/UE4Editor-ImmediatePhysicsEditor.dll (API version 3944462).
LogModuleManager: Display: Found up-to-date module file ../../../Engine/Plugins/Runtime/LocationServicesBPLibrary/Binaries/Win64/UE4Editor-LocationServicesBPLibrary.dll (API version 3944462).
LogModuleManager: Display: Found up-to-date module file ../../../Engine/Plugins/Runtime/MobilePatchingUtils/Binaries/Win64/UE4Editor-MobilePatchingUtils.dll (API version 3944462).
LogModuleManager: Display: Found up-to-date module file ../../../Engine/Plugins/Runtime/Oculus/OculusVR/Binaries/Win64/UE4Editor-OculusHMD.dll (API version 3944462).
LogModuleManager: Display: Found up-to-date module file ../../../Engine/Plugins/Runtime/Oculus/OculusVR/Binaries/Win64/UE4Editor-OculusInput.dll (API version 3944462).
LogModuleManager: Display: Found up-to-date module file ../../../Engine/Plugins/Runtime/Oculus/OculusVR/Binaries/Win64/UE4Editor-OculusEditor.dll (API version 3944462).
LogModuleManager: Display: Found up-to-date module file ../../../Engine/Plugins/Runtime/PhysXVehicles/Binaries/Win64/UE4Editor-PhysXVehicles.dll (API version 3944462).
LogModuleManager: Display: Found up-to-date module file ../../../Engine/Plugins/Runtime/PhysXVehicles/Binaries/Win64/UE4Editor-PhysXVehiclesEditor.dll (API version 3944462).
LogModuleManager: Display: Found up-to-date module file ../../../Engine/Plugins/Runtime/ProceduralMeshComponent/Binaries/Win64/UE4Editor-ProceduralMeshComponent.dll (API version 3944462).
LogModuleManager: Display: Found up-to-date module file ../../../Engine/Plugins/Runtime/ProceduralMeshComponent/Binaries/Win64/UE4Editor-ProceduralMeshComponentEditor.dll (API version 3944462).
LogModuleManager: Display: Found up-to-date module file ../../../Engine/Plugins/Runtime/RuntimePhysXCooking/Binaries/Win64/UE4Editor-RuntimePhysXCooking.dll (API version 3944462).
LogModuleManager: Display: Found up-to-date module file ../../../Engine/Plugins/Runtime/Steam/SteamVR/Binaries/Win64/UE4Editor-SteamVR.dll (API version 3944462).
LogModuleManager: Display: Found up-to-date module file ../../../Engine/Plugins/Runtime/Steam/SteamVR/Binaries/Win64/UE4Editor-SteamVRController.dll (API version 3944462).
LogModuleManager: Display: Found up-to-date module file ../../../Engine/Plugins/Runtime/WindowsMoviePlayer/Binaries/Win64/UE4Editor-WindowsMoviePlayer.dll (API version 3944462).
LogInit: Using libcurl 7.47.1
LogInit:  - built for x86_64-pc-win32
LogInit:  - supports SSL with OpenSSL/1.0.2g
LogInit:  - supports HTTP deflate (compression) using libz 1.2.8
LogInit:  - other features:
LogInit:      CURL_VERSION_SSL
LogInit:      CURL_VERSION_LIBZ
LogInit:      CURL_VERSION_IPV6
LogInit:      CURL_VERSION_ASYNCHDNS
LogInit:      CURL_VERSION_LARGEFILE
LogInit:      CURL_VERSION_IDN
LogInit:  CurlRequestOptions (configurable via config and command line):
LogInit:  - bVerifyPeer = false  - Libcurl will NOT verify peer certificate
LogInit:  - bUseHttpProxy = true  - Libcurl will use HTTP proxy
LogInit:  - HttpProxyAddress = '127.0.0.1:61028'
LogInit:  - bDontReuseConnections = false  - Libcurl will reuse connections
LogInit:  - CertBundlePath = nullptr  - Libcurl will use whatever was configured at build time.
LogInit:  - MaxHostConnections = 16  - Libcurl will limit the number of connections to a host
LogInit:  - LocalHostAddr = Default
LogInit: WinSock: version 1.1 (2.2), MaxSocks=32767, MaxUdp=65467
LogInit: WinSock: I am DESKTOP-N37MKPN (192.168.1.101:0)
LogInit: Build: ++UE4+Release-4.19-CL-4033788
LogInit: Engine Version: 4.19.2-4033788+++UE4+Release-4.19
LogInit: Compatible Engine Version: 4.19.0-3944462+++UE4+Release-4.19
LogInit: Net CL: 3944462
LogDevObjectVersion: Number of dev versions registered: 18
LogDevObjectVersion:   Dev-Blueprints (B0D832E4-1F89-4F0D-ACCF-7EB736FD4AA2): 10
LogDevObjectVersion:   Dev-Build (E1C64328-A22C-4D53-A36C-8E866417BD8C): 0
LogDevObjectVersion:   Dev-Core (375EC13C-06E4-48FB-B500-84F0262A717E): 2
LogDevObjectVersion:   Dev-Editor (E4B068ED-F494-42E9-A231-DA0B2E46BB41): 23
LogDevObjectVersion:   Dev-Framework (CFFC743F-43B0-4480-9391-14DF171D2073): 33
LogDevObjectVersion:   Dev-Mobile (B02B49B5-BB20-44E9-A304-32B752E40360): 2
LogDevObjectVersion:   Dev-Networking (A4E4105C-59A1-49B5-A7C5-40C4547EDFEE): 0
LogDevObjectVersion:   Dev-Online (39C831C9-5AE6-47DC-9A44-9C173E1C8E7C): 0
LogDevObjectVersion:   Dev-Physics (78F01B33-EBEA-4F98-B9B4-84EACCB95AA2): 0
LogDevObjectVersion:   Dev-Platform (6631380F-2D4D-43E0-8009-CF276956A95A): 0
LogDevObjectVersion:   Dev-Rendering (12F88B9F-8875-4AFC-A67C-D90C383ABD29): 25
LogDevObjectVersion:   Dev-Sequencer (7B5AE74C-D270-4C10-A958-57980B212A5A): 6
LogDevObjectVersion:   Dev-VR (D7296918-1DD6-4BDD-9DE2-64A83CC13884): 1
LogDevObjectVersion:   Dev-LoadTimes (C2A15278-BFE7-4AFE-6C17-90FF531DF755): 1
LogDevObjectVersion:   Private-Geometry (6EACA3D4-40EC-4CC1-B786-8BED09428FC5): 2
LogDevObjectVersion:   Dev-AnimPhys (29E575DD-E0A3-4627-9D10-D276232CDCEA): 16
LogDevObjectVersion:   Dev-ReflectionCapture (6B266CEC-1EC7-4B8F-A30B-E4D90942FC07): 1
LogDevObjectVersion:   Dev-Automation (0DF73D61-A23F-47EA-B727-89E90C41499A): 1
LogInit: Compiled (64-bit): Apr 27 2018 02:06:57
LogInit: Compiled with Visual C++: 19.00.24215.01
LogInit: Build Configuration: Development
LogInit: Branch Name: ++UE4+Release-4.19
LogInit: Command Line:  /Game/Maps/MainMap -game -PIEVIACONSOLE -ResX=1280 -ResY=720  -Multiprocess -messaging -SessionName="Play in Standalone Game" -windowed 
LogInit: Base Directory: C:/Program Files/Epic Games/UE_4.19/Engine/Binaries/Win64/
LogInit: Installed Engine Build: 1
LogStreaming: Display: Took  0.001s to delete old logs.
LogInit: Presizing for max 8388607 objects, including 0 objects not considered by GC, pre-allocating 0 bytes for permanent pool.
LogInit: Object subsystem initialized
[2019.10.29-09.22.08:477][  0]LogInit: Selected Device Profile: [Windows]
[2019.10.29-09.22.08:477][  0]LogInit: Applying CVar settings loaded from the selected device profile: [Windows]
[2019.10.29-09.22.08:485][  0]LogInit: Computer: DESKTOP-N37MKPN
[2019.10.29-09.22.08:485][  0]LogInit: User: ZHENGYANG
[2019.10.29-09.22.08:485][  0]LogInit: CPU Page size=4096, Cores=4
[2019.10.29-09.22.08:485][  0]LogInit: High frequency timer resolution =10.000000 MHz
[2019.10.29-09.22.08:485][  0]LogMemory: Memory total: Physical=15.9GB (16GB approx)
[2019.10.29-09.22.08:485][  0]LogMemory: Platform Memory Stats for Windows
[2019.10.29-09.22.08:485][  0]LogMemory: Process Physical Memory: 274.64 MB used, 274.64 MB peak
[2019.10.29-09.22.08:485][  0]LogMemory: Process Virtual Memory: 264.60 MB used, 264.60 MB peak
[2019.10.29-09.22.08:485][  0]LogMemory: Physical Memory: 8046.52 MB used,  8219.25 MB free, 16265.77 MB total
[2019.10.29-09.22.08:486][  0]LogMemory: Virtual Memory: 4778.85 MB used,  8219.25 MB free, 134217728.00 MB total
[2019.10.29-09.22.08:514][  0]LogInit: Using OS detected language (en-GB).
[2019.10.29-09.22.08:514][  0]LogInit: Using OS detected locale (en-GB).
[2019.10.29-09.22.08:514][  0]LogTextLocalizationManager: No localization for 'en-GB' exists, so 'en' will be used for the language.
[2019.10.29-09.22.08:515][  0]LogTextLocalizationManager: No localization for 'en-GB' exists, so 'en' will be used for the locale.
[2019.10.29-09.22.09:004][  0]LogStreaming: Display: Took  0.490s to EndInitTextLocalization.
[2019.10.29-09.22.09:060][  0]LogSlate: New Slate User Created.  User Index 0, Is Virtual User: 0
[2019.10.29-09.22.09:060][  0]LogSlate: Slate User Registered.  User Index 0, Is Virtual User: 0
[2019.10.29-09.22.09:088][  0]LogD3D11RHI: D3D11 adapters:
[2019.10.29-09.22.09:215][  0]LogD3D11RHI:    0. 'NVIDIA GeForce GTX 1060' (Feature Level 11_0)
[2019.10.29-09.22.09:215][  0]LogD3D11RHI:       2987/0/8132 MB DedicatedVideo/DedicatedSystem/SharedSystem, Outputs:1, VendorId:0x10de
[2019.10.29-09.22.09:234][  0]LogD3D11RHI:    1. 'Intel(R) HD Graphics 630' (Feature Level 11_0)
[2019.10.29-09.22.09:234][  0]LogD3D11RHI:       128/0/8132 MB DedicatedVideo/DedicatedSystem/SharedSystem, Outputs:0, VendorId:0x8086
[2019.10.29-09.22.09:237][  0]LogD3D11RHI:    2. 'Microsoft Basic Render Driver' (Feature Level 11_0)
[2019.10.29-09.22.09:237][  0]LogD3D11RHI:       0/0/8132 MB DedicatedVideo/DedicatedSystem/SharedSystem, Outputs:0, VendorId:0x1414
[2019.10.29-09.22.09:237][  0]LogD3D11RHI: Chosen D3D11 Adapter: 0
[2019.10.29-09.22.09:265][  0]LogD3D11RHI: Creating new Direct3DDevice
[2019.10.29-09.22.09:265][  0]LogD3D11RHI:     GPU DeviceId: 0x1c20 (for the marketing name, search the web for "GPU Device Id")
[2019.10.29-09.22.09:265][  0]LogWindows: EnumDisplayDevices:
[2019.10.29-09.22.09:266][  0]LogWindows:    0. 'Intel(R) HD Graphics 630' (P:1 D:1)
[2019.10.29-09.22.09:266][  0]LogWindows:    1. 'Intel(R) HD Graphics 630' (P:0 D:0)
[2019.10.29-09.22.09:266][  0]LogWindows:    2. 'Intel(R) HD Graphics 630' (P:0 D:0)
[2019.10.29-09.22.09:267][  0]LogWindows:    3. 'NVIDIA GeForce GTX 1060' (P:0 D:0)
[2019.10.29-09.22.09:267][  0]LogWindows:    4. 'NVIDIA GeForce GTX 1060' (P:0 D:0)
[2019.10.29-09.22.09:267][  0]LogWindows:    5. 'NVIDIA GeForce GTX 1060' (P:0 D:0)
[2019.10.29-09.22.09:267][  0]LogWindows:    6. 'NVIDIA GeForce GTX 1060' (P:0 D:0)
[2019.10.29-09.22.09:268][  0]LogWindows: DebugString: GetVideoDriverDetailsInvalid PrimaryIsNotTheChoosenAdapter GetVideoDriverDetailsInvalid PrimaryIsNotTheChoosenAdapter GetVideoDriverDetailsInvalid PrimaryIsNotTheChoosenAdapter GetVideoDriverDetailsInvalid PrimaryIsNotTheChoosenAdapter GetVideoDriverDetailsInvalid PrimaryIsNotTheChoosenAdapter GetVideoDriverDetailsInvalid PrimaryIsNotTheChoosenAdapter GetVideoDriverDetailsInvalid PrimaryIsNotTheChoosenAdapter FoundDriverCount:0 
[2019.10.29-09.22.09:268][  0]LogD3D11RHI:     Adapter Name: NVIDIA GeForce GTX 1060
[2019.10.29-09.22.09:268][  0]LogD3D11RHI:   Driver Version: Unknown (internal:Unknown, unified:Unknown)
[2019.10.29-09.22.09:268][  0]LogD3D11RHI:      Driver Date: Unknown
[2019.10.29-09.22.09:268][  0]LogRHI: Texture pool is 2090 MB (70% of 2987 MB)
[2019.10.29-09.22.09:314][  0]LogD3D11RHI: [Aftermath] Aftermath enabled and primed
[2019.10.29-09.22.09:314][  0]LogD3D11RHI: [Aftermath] Aftermath enabled and primed
[2019.10.29-09.22.09:314][  0]LogD3D11RHI: Async texture creation enabled
[2019.10.29-09.22.09:330][  0]LogD3D11RHI: GPU Timing Frequency: 1000.000000 (Debug: 2 1)
[2019.10.29-09.22.09:332][  0]LogShaderCompilers: Guid format shader working directory is 8 characters bigger than the processId version (E:/UE projects/FPS_OL/UE4_FPS_Game/Shooter/Intermediate/Shaders/WorkingDirectory/15280/).
[2019.10.29-09.22.09:332][  0]LogShaderCompilers: Cleaned the shader compiler working directory 'C:/Users/ZHENG YANG/AppData/Local/Temp/UnrealShaderWorkingDir/944264E44B452DD7DB865CB67D083B92/'.
[2019.10.29-09.22.09:590][  0]LogTemp: Display: Loaded TP WindowsClientTargetPlatform
[2019.10.29-09.22.09:605][  0]LogTemp: Display: Loaded TP WindowsNoEditorTargetPlatform
[2019.10.29-09.22.09:619][  0]LogTemp: Display: Loaded TP WindowsServerTargetPlatform
[2019.10.29-09.22.09:626][  0]LogTemp: Display: Loaded TP WindowsTargetPlatform
[2019.10.29-09.22.09:626][  0]LogTargetPlatformManager: Display: Building Assets For Windows
[2019.10.29-09.22.09:740][  0]LogXGEController: Cannot use XGE Controller as Incredibuild is not installed on this machine.
[2019.10.29-09.22.09:740][  0]LogShaderCompilers: Cannot use XGE Shader Compiler as Incredibuild is not installed on this machine.
[2019.10.29-09.22.09:740][  0]LogShaderCompilers: Display: Using Local Shader Compiler.
[2019.10.29-09.22.10:510][  0]LogDerivedDataCache: Display: Max Cache Size: 512 MB
[2019.10.29-09.22.10:578][  0]LogDerivedDataCache: Loaded boot cache 0.07s 76MB C:/Users/ZHENG YANG/AppData/Local/UnrealEngine/4.19/DerivedDataCache/Boot.ddc.
[2019.10.29-09.22.10:578][  0]LogDerivedDataCache: Display: Loaded Boot cache: C:/Users/ZHENG YANG/AppData/Local/UnrealEngine/4.19/DerivedDataCache/Boot.ddc
[2019.10.29-09.22.10:578][  0]LogDerivedDataCache: FDerivedDataBackendGraph:  Pak pak cache file E:/UE projects/FPS_OL/UE4_FPS_Game/Shooter/DerivedDataCache/DDC.ddp not found, will not use a pak cache.
[2019.10.29-09.22.10:578][  0]LogDerivedDataCache: Unable to find inner node Pak for hierarchical cache Hierarchy.
[2019.10.29-09.22.10:578][  0]LogDerivedDataCache: FDerivedDataBackendGraph:  CompressedPak pak cache file E:/UE projects/FPS_OL/UE4_FPS_Game/Shooter/DerivedDataCache/Compressed.ddp not found, will not use a pak cache.
[2019.10.29-09.22.10:578][  0]LogDerivedDataCache: Unable to find inner node CompressedPak for hierarchical cache Hierarchy.
[2019.10.29-09.22.10:594][  0]LogDerivedDataCache: Display: Pak cache opened for reading ../../../Engine/DerivedDataCache/Compressed.ddp.
[2019.10.29-09.22.10:607][  0]LogDerivedDataCache: Using Local data cache path C:/Users/ZHENG YANG/AppData/Local/UnrealEngine/Common/DerivedDataCache: Writable
[2019.10.29-09.22.10:607][  0]LogDerivedDataCache: Shared data cache path not found in *engine.ini, will not use an Shared cache.
[2019.10.29-09.22.10:607][  0]LogDerivedDataCache: Unable to find inner node Shared for hierarchical cache Hierarchy.
[2019.10.29-09.22.10:618][  0]LogMaterial: Verifying Global Shaders for PCD3D_SM5
[2019.10.29-09.22.10:637][  0]LogSlate: Using Freetype 2.6.0
[2019.10.29-09.22.10:638][  0]LogSlate: SlateFontCache - WITH_FREETYPE: 1, WITH_HARFBUZZ: 1
[2019.10.29-09.22.10:638][  0]LogSlate: SlateFontCache - WITH_FREETYPE: 1, WITH_HARFBUZZ: 1
[2019.10.29-09.22.10:774][  0]LogAssetRegistry: FAssetRegistry took 0.0041 seconds to start up
[2019.10.29-09.22.10:966][  0]LogPackageLocalizationCache: Processed 9 localized package path(s) for 1 prioritized culture(s) in 0.009434 seconds
[2019.10.29-09.22.11:067][  0]LogInit: Selected Device Profile: [Windows]
[2019.10.29-09.22.11:214][  0]LogSimplygon: Simplygon DLL not present - disabling.
[2019.10.29-09.22.11:217][  0]LogMeshReduction: Using SimplygonSwarm for distributed automatic mesh merging
[2019.10.29-09.22.11:217][  0]LogMeshReduction: Using QuadricMeshReduction for automatic static mesh reduction
[2019.10.29-09.22.11:217][  0]LogMeshReduction: No automatic skeletal mesh reduction module available
[2019.10.29-09.22.11:217][  0]LogMeshReduction: No automatic mesh merging module available
[2019.10.29-09.22.11:217][  0]LogMeshMerging: No automatic mesh merging module available
[2019.10.29-09.22.11:250][  0]LogNetVersion: Shooter , NetCL: 3944462, EngineNetVer: 2, GameNetVer: 0 (Checksum: 979305562)
[2019.10.29-09.22.11:963][  0]LogMoviePlayer: Initializing movie player
[2019.10.29-09.22.12:299][  0]LogTcpMessaging: Initializing TcpMessaging bridge
[2019.10.29-09.22.12:329][  0]LogUdpMessaging: Initializing bridge on interface 0.0.0.0:0 to multicast group 230.0.0.1:6666.
[2019.10.29-09.22.12:654][  0]SourceControl: Source control is disabled
[2019.10.29-09.22.12:654][  0]SourceControl: Source control is disabled
[2019.10.29-09.22.12:672][  0]SourceControl: Source control is disabled
[2019.10.29-09.22.13:024][  0]LogAndroidPermission: UAndroidPermissionCallbackProxy::GetInstance
[2019.10.29-09.22.13:195][  0]LogOcInput: OculusInput pre-init called
[2019.10.29-09.22.13:233][  0]LogUObjectArray: 40554 objects as part of root set at end of initial load.
[2019.10.29-09.22.13:233][  0]LogUObjectAllocator: 8491952 out of 0 bytes used by permanent object pool.
[2019.10.29-09.22.13:233][  0]LogUObjectArray: CloseDisregardForGC: 0/0 objects in disregard for GC pool
[2019.10.29-09.22.13:285][  0]LogEngine: Initializing Engine...
[2019.10.29-09.22.18:678][  0]LogHMD: Failed to initialize OpenVR with code 108
[2019.10.29-09.22.18:691][  0]LogStats: UGameplayTagsManager::ConstructGameplayTagTree: Construct from data asset -  0.000 s
[2019.10.29-09.22.18:691][  0]LogStats: UGameplayTagsManager::ConstructGameplayTagTree: GameplayTagTreeChangedEvent.Broadcast -  0.000 s
[2019.10.29-09.22.18:902][  0]LogInit: XAudio2 using 'Speakers (Realtek High Definition Audio)' : 2 channels at 48 kHz using 32 bits per sample (channel mask 0x3)
[2019.10.29-09.22.19:016][  0]LogInit: FAudioDevice initialized.
[2019.10.29-09.22.19:036][  0]LogInit: Texture streaming: Enabled
[2019.10.29-09.22.19:191][  0]LogInit: Display: Game Engine Initialized.
[2019.10.29-09.22.19:191][  0]LogGameplayTags: Display: UGameplayTagsManager::DoneAddingNativeTags. DelegateIsBound: 0
[2019.10.29-09.22.19:191][  0]LogStats: UGameplayTagsManager::ConstructGameplayTagTree: Construct from data asset -  0.000 s
[2019.10.29-09.22.19:191][  0]LogStats: UGameplayTagsManager::ConstructGameplayTagTree: GameplayTagTreeChangedEvent.Broadcast -  0.000 s
[2019.10.29-09.22.19:289][  0]LogInit: Display: Starting Game.
[2019.10.29-09.22.19:289][  0]LogNet: Browse: /Game/Maps/MainMap?Name=Player
[2019.10.29-09.22.19:290][  0]LogLoad: LoadMap: /Game/Maps/MainMap?Name=Player
[2019.10.29-09.22.19:383][  0]LogUObjectGlobals: Created PersistentFrame Addr=0x000002184f5d4640, Size=24, Default__BP_STracker_C Function /Game/Blueprints/BP_STracker.BP_STracker_C:ExecuteUbergraph_BP_STracker
[2019.10.29-09.22.19:388][  0]LogUObjectGlobals: Destroyed PersistentFrame Addr=0x000002184f5d4640, Size=24
[2019.10.29-09.22.19:388][  0]LogUObjectGlobals: Created PersistentFrame Addr=0x000002184f5d4640, Size=24, Default__BP_STracker_C Function /Engine/Transient.REINST_BP_STracker_C_5:ExecuteUbergraph_BP_STracker
[2019.10.29-09.22.19:389][  0]LogUObjectGlobals: Created PersistentFrame Addr=0x000002184f5d49e8, Size=24, Default__BP_STracker_C Function /Game/Blueprints/BP_STracker.BP_STracker_C:ExecuteUbergraph_BP_STracker
[2019.10.29-09.22.19:444][  0]LogAIModule: Creating AISystem for world MainMap
[2019.10.29-09.22.19:447][  0]LogUObjectGlobals: Created PersistentFrame Addr=0x000002185f5ac460, Size=16, Default__BP_SCharacter_C Function /Game/Blueprints/BP_SCharacter.BP_SCharacter_C:ExecuteUbergraph_BP_SCharacter
[2019.10.29-09.22.19:457][  0]LogUObjectGlobals: Created PersistentFrame Addr=0x0000021850740a30, Size=104, Default__UE4ASP_HeroTPP_AnimBlueprint_C Function /Game/AnimStarterPack/UE4ASP_HeroTPP_AnimBlueprint.UE4ASP_HeroTPP_AnimBlueprint_C:ExecuteUbergraph_UE4ASP_HeroTPP_AnimBlueprint
[2019.10.29-09.22.19:494][  0]LogUObjectGlobals: Destroyed PersistentFrame Addr=0x0000021850740a30, Size=104
[2019.10.29-09.22.19:494][  0]LogUObjectGlobals: Created PersistentFrame Addr=0x000002185f98a7f0, Size=104, Default__UE4ASP_HeroTPP_AnimBlueprint_C Function /Engine/Transient.REINST_UE4ASP_HeroTPP_AnimBlueprint_C_0:ExecuteUbergraph_UE4ASP_HeroTPP_AnimBlueprint
[2019.10.29-09.22.19:495][  0]LogUObjectGlobals: Destroyed PersistentFrame Addr=0x000002185f5ac460, Size=16
[2019.10.29-09.22.19:495][  0]LogUObjectGlobals: Created PersistentFrame Addr=0x0000021866b419c0, Size=16, Default__BP_SCharacter_C Function /Engine/Transient.REINST_BP_SCharacter_C_8:ExecuteUbergraph_BP_SCharacter
[2019.10.29-09.22.19:510][  0]LogUObjectGlobals: Created PersistentFrame Addr=0x0000021866a13200, Size=104, Default__UE4ASP_HeroTPP_AnimBlueprint_C Function /Game/AnimStarterPack/UE4ASP_HeroTPP_AnimBlueprint.UE4ASP_HeroTPP_AnimBlueprint_C:ExecuteUbergraph_UE4ASP_HeroTPP_AnimBlueprint
[2019.10.29-09.22.19:511][  0]LogUObjectGlobals: Created PersistentFrame Addr=0x0000021866a92fb0, Size=16, Default__BP_SCharacter_C Function /Game/Blueprints/BP_SCharacter.BP_SCharacter_C:ExecuteUbergraph_BP_SCharacter
[2019.10.29-09.22.19:613][  0]LogSkeletalMesh: Skeletal Mesh found in DDC [4.137000ms] /Game/AnimStarterPack/UE4_Mannequin/Mesh/SK_Mannequin.SK_Mannequin
[2019.10.29-09.22.19:627][  0]LogSkeletalMesh: Skeletal Mesh found in DDC [2.099100ms] /Game/Weapons/SK_Rifle.SK_Rifle
[2019.10.29-09.22.19:653][  0]LogLoad: Game class is 'BP_TestGameMode_C'
[2019.10.29-09.22.19:656][  0]LogWorld: Bringing World /Game/Maps/MainMap.MainMap up for play (max tick rate 0) at 2019.10.29-17.22.19
[2019.10.29-09.22.19:657][  0]LogWorld: Bringing up level for play took: 0.002624
[2019.10.29-09.22.19:660][  0]LogLoad: Took 0.370824 seconds to LoadMap(/Game/Maps/MainMap)
[2019.10.29-09.22.19:732][  0]LogLoad: (Engine Initialization) Total time: 14.29 seconds
[2019.10.29-09.22.19:732][  0]LogLoad: (Engine Initialization) Total Blueprint compile time: 0.00 seconds
[2019.10.29-09.22.19:774][  0]LogRenderer: Reallocating scene render targets to support 1280x720 Format 10 NumSamples 1 (Frame:1).
[2019.10.29-09.22.19:832][  0]LogContentStreaming: Texture pool size now 1000 MB
[2019.10.29-09.22.42:053][367]LogRenderer: Reallocating scene render targets to support 1288x724 Format 10 NumSamples 1 (Frame:1369).
[2019.10.29-09.22.42:107][367]LogRenderer: Reallocating scene render targets to support 1332x748 Format 10 NumSamples 1 (Frame:1370).
[2019.10.29-09.22.42:161][367]LogRenderer: Reallocating scene render targets to support 1340x752 Format 10 NumSamples 1 (Frame:1371).
[2019.10.29-09.22.42:256][367]LogRenderer: Reallocating scene render targets to support 1344x756 Format 10 NumSamples 1 (Frame:1372).
[2019.10.29-09.22.42:325][367]LogRenderer: Reallocating scene render targets to support 1348x760 Format 10 NumSamples 1 (Frame:1373).
[2019.10.29-09.22.42:378][367]LogRenderer: Reallocating scene render targets to support 1384x780 Format 10 NumSamples 1 (Frame:1374).
[2019.10.29-09.22.42:439][367]LogRenderer: Reallocating scene render targets to support 1400x788 Format 10 NumSamples 1 (Frame:1375).
[2019.10.29-09.22.46:302][604]LogSlate: Window 'Shooter (64-bit, PCD3D_SM5) ' being destroyed
[2019.10.29-09.22.46:304][604]LogWindowsTextInputMethodSystem: Display: IME system now activated using TSF (Microsoft Pinyin).
[2019.10.29-09.22.46:312][604]LogEngine: All Windows Closed
[2019.10.29-09.22.46:313][604]LogWindows: FPlatformMisc::RequestExit(0)
[2019.10.29-09.22.46:695][605]LogSlate: Slate User Destroyed.  User Index 0, Is Virtual User: 0
[2019.10.29-09.22.46:695][605]LogExit: Preparing to exit.
[2019.10.29-09.22.46:695][605]LogMoviePlayer: Shutting down movie player
[2019.10.29-09.22.47:375][605]LogExit: Game engine shut down
[2019.10.29-09.22.47:378][605]LogUObjectGlobals: Destroyed PersistentFrame Addr=0x000002184f5d4640, Size=24
[2019.10.29-09.22.47:378][605]LogUObjectGlobals: Destroyed PersistentFrame Addr=0x000002184f5d49e8, Size=24
[2019.10.29-09.22.47:378][605]LogUObjectGlobals: Destroyed PersistentFrame Addr=0x0000021866b419c0, Size=16
[2019.10.29-09.22.47:378][605]LogUObjectGlobals: Destroyed PersistentFrame Addr=0x000002185f98a7f0, Size=104
[2019.10.29-09.22.47:379][605]LogUObjectGlobals: Destroyed PersistentFrame Addr=0x0000021866a13200, Size=104
[2019.10.29-09.22.47:379][605]LogUObjectGlobals: Destroyed PersistentFrame Addr=0x0000021866a92fb0, Size=16
[2019.10.29-09.22.47:428][605]LogExit: Object subsystem successfully closed.
[2019.10.29-09.22.47:439][605]LogShaderCompilers: Display: Shaders left to compile 0
[2019.10.29-09.22.47:442][605]LogD3D11RHI: Shutdown
[2019.10.29-09.22.47:442][605]LogD3D11RHI: CleanupD3DDevice
[2019.10.29-09.22.47:443][605]LogD3D11RHI: ~FD3D11DynamicRHI
[2019.10.29-09.22.47:456][605]LogModuleManager: Shutting down and abandoning module SequenceRecorderSections (334)
[2019.10.29-09.22.47:456][605]LogModuleManager: Shutting down and abandoning module SequenceRecorder (332)
[2019.10.29-09.22.47:456][605]LogModuleManager: Shutting down and abandoning module AutomationController (330)
[2019.10.29-09.22.47:456][605]LogModuleManager: Shutting down and abandoning module AutomationWorker (328)
[2019.10.29-09.22.47:456][605]LogModuleManager: Shutting down and abandoning module AIModule (326)
[2019.10.29-09.22.47:456][605]LogModuleManager: Shutting down and abandoning module GameplayDebugger (325)
[2019.10.29-09.22.47:456][605]LogModuleManager: Shutting down and abandoning module AITestSuite (323)
[2019.10.29-09.22.47:456][605]LogModuleManager: Shutting down and abandoning module WmfMediaFactory (320)
[2019.10.29-09.22.47:456][605]LogModuleManager: Shutting down and abandoning module OpenExrWrapper (318)
[2019.10.29-09.22.47:456][605]LogModuleManager: Shutting down and abandoning module ImgMediaFactory (316)
[2019.10.29-09.22.47:456][605]LogModuleManager: Shutting down and abandoning module AvfMediaFactory (314)
[2019.10.29-09.22.47:456][605]LogModuleManager: Shutting down and abandoning module CharacterAI (312)
[2019.10.29-09.22.47:456][605]LogModuleManager: Shutting down and abandoning module SessionServices (310)
[2019.10.29-09.22.47:456][605]LogModuleManager: Shutting down and abandoning module MovieSceneCapture (308)
[2019.10.29-09.22.47:456][605]LogModuleManager: Shutting down and abandoning module MovieSceneTracks (306)
[2019.10.29-09.22.47:456][605]LogModuleManager: Shutting down and abandoning module MovieScene (304)
[2019.10.29-09.22.47:456][605]LogModuleManager: Shutting down and abandoning module GeometryCache (302)
[2019.10.29-09.22.47:456][605]LogModuleManager: Shutting down and abandoning module GeometryCacheEd (301)
[2019.10.29-09.22.47:456][605]LogModuleManager: Shutting down and abandoning module StreamingPauseRendering (298)
[2019.10.29-09.22.47:456][605]LogModuleManager: Shutting down and abandoning module PortalServices (296)
[2019.10.29-09.22.47:456][605]LogModuleManager: Shutting down and abandoning module PortalRpc (294)
[2019.10.29-09.22.47:456][605]LogModuleManager: Shutting down and abandoning module MessagingRpc (292)
[2019.10.29-09.22.47:456][605]LogModuleManager: Shutting down and abandoning module ProfilerService (290)
[2019.10.29-09.22.47:550][605]LogModuleManager: Shutting down and abandoning module TaskGraph (288)
[2019.10.29-09.22.47:550][605]LogModuleManager: Shutting down and abandoning module SteamVRController (286)
[2019.10.29-09.22.47:550][605]LogModuleManager: Shutting down and abandoning module ProceduralMeshComponent (284)
[2019.10.29-09.22.47:550][605]LogModuleManager: Shutting down and abandoning module OculusInput (282)
[2019.10.29-09.22.47:550][605]LogModuleManager: Shutting down and abandoning module MobilePatchingUtils (280)
[2019.10.29-09.22.47:550][605]LogModuleManager: Shutting down and abandoning module CustomMeshComponent (278)
[2019.10.29-09.22.47:550][605]LogModuleManager: Shutting down and abandoning module CableComponent (276)
[2019.10.29-09.22.47:550][605]LogModuleManager: Shutting down and abandoning module AudioCapture (274)
[2019.10.29-09.22.47:550][605]LogModuleManager: Shutting down and abandoning module ArchVisCharacter (272)
[2019.10.29-09.22.47:550][605]LogModuleManager: Shutting down and abandoning module AndroidPermission (270)
[2019.10.29-09.22.47:550][605]LogModuleManager: Shutting down and abandoning module NUTUnrealEngine4 (266)
[2019.10.29-09.22.47:550][605]LogModuleManager: Shutting down and abandoning module NetcodeUnitTest (264)
[2019.10.29-09.22.47:550][605]LogModuleManager: Shutting down and abandoning module MediaCompositing (262)
[2019.10.29-09.22.47:550][605]LogModuleManager: Shutting down and abandoning module LinearTimecode (260)
[2019.10.29-09.22.47:550][605]LogModuleManager: Shutting down and abandoning module ImgMedia (258)
[2019.10.29-09.22.47:553][605]LogModuleManager: Shutting down and abandoning module HTML5Networking (256)
[2019.10.29-09.22.47:553][605]LogModuleManager: Shutting down and abandoning module DatasmithContent (254)
[2019.10.29-09.22.47:553][605]LogModuleManager: Shutting down and abandoning module CryptoKeysOpenSSL (252)
[2019.10.29-09.22.47:553][605]LogModuleManager: Shutting down and abandoning module CryptoKeys (250)
[2019.10.29-09.22.47:553][605]LogModuleManager: Shutting down and abandoning module VisualStudioSourceCodeAccess (248)
[2019.10.29-09.22.47:554][605]LogModuleManager: Shutting down and abandoning module HotReload (247)
[2019.10.29-09.22.47:554][605]LogDirectoryWatcher: A directory notification for 'E:/UE projects/FPS_OL/UE4_FPS_Game/Shooter/Binaries/Win64' was aborted.
[2019.10.29-09.22.47:554][605]LogModuleManager: Shutting down and abandoning module DirectoryWatcher (246)
[2019.10.29-09.22.47:554][605]LogModuleManager: Shutting down and abandoning module VisualStudioCodeSourceCodeAccess (242)
[2019.10.29-09.22.47:554][605]LogModuleManager: Shutting down and abandoning module UObjectPlugin (240)
[2019.10.29-09.22.47:554][605]LogModuleManager: Shutting down and abandoning module SubversionSourceControl (238)
[2019.10.29-09.22.47:554][605]LogModuleManager: Shutting down and abandoning module PerforceSourceControl (236)
[2019.10.29-09.22.47:554][605]LogModuleManager: Shutting down and abandoning module SourceControl (235)
[2019.10.29-09.22.47:554][605]LogModuleManager: Shutting down and abandoning module CLionSourceCodeAccess (232)
[2019.10.29-09.22.47:554][605]LogModuleManager: Shutting down and abandoning module Shooter (230)
[2019.10.29-09.22.47:554][605]LogModuleManager: Shutting down and abandoning module RuntimePhysXCooking (228)
[2019.10.29-09.22.47:554][605]LogModuleManager: Shutting down and abandoning module PhysXVehiclesEditor (226)
[2019.10.29-09.22.47:554][605]LogModuleManager: Shutting down and abandoning module PhysXVehicles (224)
[2019.10.29-09.22.47:554][605]LogModuleManager: Shutting down and abandoning module LocationServicesBPLibrary (222)
[2019.10.29-09.22.47:554][605]LogModuleManager: Shutting down and abandoning module ImmediatePhysicsEditor (220)
[2019.10.29-09.22.47:554][605]LogModuleManager: Shutting down and abandoning module ImmediatePhysics (218)
[2019.10.29-09.22.47:554][605]LogModuleManager: Shutting down and abandoning module ActorSequence (216)
[2019.10.29-09.22.47:554][605]LogModuleManager: Shutting down and abandoning module UdpMessaging (214)
[2019.10.29-09.22.47:654][605]LogModuleManager: Shutting down and abandoning module TcpMessaging (212)
[2019.10.29-09.22.48:318][605]LogModuleManager: Shutting down and abandoning module GameplayTagsEditor (210)
[2019.10.29-09.22.48:318][605]LogModuleManager: Shutting down and abandoning module FacialAnimation (208)
[2019.10.29-09.22.48:318][605]LogModuleManager: Shutting down and abandoning module DataValidation (206)
[2019.10.29-09.22.48:318][605]LogModuleManager: Shutting down and abandoning module AssetManagerEditor (204)
[2019.10.29-09.22.48:318][605]LogModuleManager: Shutting down and abandoning module TreeMap (203)
[2019.10.29-09.22.48:318][605]LogModuleManager: Shutting down and abandoning module LightPropagationVolumeRuntime (200)
[2019.10.29-09.22.48:318][605]LogModuleManager: Shutting down and abandoning module LiveLink (198)
[2019.10.29-09.22.49:194][605]LogModuleManager: Shutting down and abandoning module Paper2D (196)
[2019.10.29-09.22.49:194][605]LogModuleManager: Shutting down and abandoning module PIEPreviewDeviceProfileSelector (194)
[2019.10.29-09.22.49:194][605]LogModuleManager: Shutting down and abandoning module WindowsMoviePlayer (192)
[2019.10.29-09.22.49:194][605]LogModuleManager: Shutting down and abandoning module WmfMedia (190)
[2019.10.29-09.22.49:196][605]LogModuleManager: Shutting down and abandoning module Media (189)
[2019.10.29-09.22.49:202][605]LogModuleManager: Shutting down and abandoning module PacketHandler (186)
[2019.10.29-09.22.49:202][605]LogModuleManager: Shutting down and abandoning module ClothingSystemEditor (184)
[2019.10.29-09.22.49:202][605]LogModuleManager: Shutting down and abandoning module ClothingSystemRuntime (182)
[2019.10.29-09.22.49:202][605]LogModuleManager: Shutting down and abandoning module MediaAssets (180)
[2019.10.29-09.22.49:202][605]LogModuleManager: Shutting down and abandoning module Overlay (178)
[2019.10.29-09.22.49:202][605]LogModuleManager: Shutting down and abandoning module OverlayEditor (177)
[2019.10.29-09.22.49:202][605]LogModuleManager: Shutting down and abandoning module VREditor (174)
[2019.10.29-09.22.49:202][605]LogModuleManager: Shutting down and abandoning module StringTableEditor (172)
[2019.10.29-09.22.49:202][605]LogModuleManager: Shutting down and abandoning module GameplayTasksEditor (170)
[2019.10.29-09.22.49:202][605]LogModuleManager: Shutting down and abandoning module BehaviorTreeEditor (168)
[2019.10.29-09.22.49:202][605]LogModuleManager: Shutting down and abandoning module FunctionalTesting (166)
[2019.10.29-09.22.49:202][605]LogModuleManager: Shutting down and abandoning module CollisionAnalyzer (164)
[2019.10.29-09.22.49:203][605]LogModuleManager: Shutting down and abandoning module WorkspaceMenuStructure (163)
[2019.10.29-09.22.49:203][605]LogModuleManager: Shutting down and abandoning module UMG (160)
[2019.10.29-09.22.49:203][605]LogModuleManager: Shutting down and abandoning module UMGEditor (159)
[2019.10.29-09.22.49:203][605]LogModuleManager: Shutting down and abandoning module Sequencer (158)
[2019.10.29-09.22.49:203][605]LogModuleManager: Shutting down and abandoning module MessageLog (155)
[2019.10.29-09.22.49:203][605]LogModuleManager: Shutting down and abandoning module SlateReflector (150)
[2019.10.29-09.22.49:203][605]LogModuleManager: Shutting down and abandoning module Slate (148)
[2019.10.29-09.22.49:203][605]LogModuleManager: Shutting down and abandoning module EditorStyle (146)
[2019.10.29-09.22.49:204][605]LogModuleManager: Shutting down and abandoning module MRMesh (144)
[2019.10.29-09.22.49:204][605]LogModuleManager: Shutting down and abandoning module Messaging (142)
[2019.10.29-09.22.49:204][605]LogModuleManager: Shutting down and abandoning module SourceCodeAccess (140)
[2019.10.29-09.22.49:204][605]LogModuleManager: Shutting down and abandoning module HeadMountedDisplay (138)
[2019.10.29-09.22.49:204][605]LogModuleManager: Shutting down and abandoning module XAudio2 (136)
[2019.10.29-09.22.49:204][605]LogModuleManager: Shutting down and abandoning module Networking (134)
[2019.10.29-09.22.49:204][605]LogModuleManager: Shutting down and abandoning module Core (132)
[2019.10.29-09.22.49:204][605]LogModuleManager: Shutting down and abandoning module LevelSequence (130)
[2019.10.29-09.22.49:204][605]LogModuleManager: Shutting down and abandoning module KismetCompiler (128)
[2019.10.29-09.22.49:204][605]LogModuleManager: Shutting down and abandoning module MeshUtilities (126)
[2019.10.29-09.22.49:204][605]LogModuleManager: Shutting down and abandoning module MeshMergeUtilities (125)
[2019.10.29-09.22.49:204][605]LogModuleManager: Shutting down and abandoning module MeshReductionInterface (124)
[2019.10.29-09.22.49:204][605]LogModuleManager: Shutting down and abandoning module SimplygonSwarm (123)
[2019.10.29-09.22.49:204][605]LogModuleManager: Shutting down and abandoning module SimplygonMeshReduction (121)
[2019.10.29-09.22.49:204][605]LogModuleManager: Shutting down and abandoning module QuadricMeshReduction (119)
[2019.10.29-09.22.49:204][605]LogModuleManager: Shutting down and abandoning module MaterialBaking (115)
[2019.10.29-09.22.49:204][605]LogModuleManager: Shutting down and abandoning module DerivedDataCache (110)
[2019.10.29-09.22.49:641][605]LogDerivedDataCache: Shutdown
[2019.10.29-09.22.49:641][605]LogModuleManager: Shutting down and abandoning module XGEController (108)
[2019.10.29-09.22.49:641][605]LogModuleManager: Shutting down and abandoning module TargetPlatform (106)
[2019.10.29-09.22.49:642][605]LogModuleManager: Shutting down and abandoning module VulkanShaderFormat (105)
[2019.10.29-09.22.49:642][605]LogModuleManager: Shutting down and abandoning module ShaderFormatVectorVM (103)
[2019.10.29-09.22.49:642][605]LogModuleManager: Shutting down and abandoning module ShaderFormatOpenGL (101)
[2019.10.29-09.22.49:642][605]LogModuleManager: Shutting down and abandoning module ShaderFormatD3D (99)
[2019.10.29-09.22.49:642][605]LogModuleManager: Shutting down and abandoning module MetalShaderFormat (97)
[2019.10.29-09.22.49:642][605]LogModuleManager: Shutting down and abandoning module TextureFormatUncompressed (95)
[2019.10.29-09.22.49:642][605]LogModuleManager: Shutting down and abandoning module TextureFormatPVR (93)
[2019.10.29-09.22.49:642][605]LogModuleManager: Shutting down and abandoning module TextureFormatDXT (91)
[2019.10.29-09.22.49:642][605]LogModuleManager: Shutting down and abandoning module TextureFormatIntelISPCTexComp (89)
[2019.10.29-09.22.49:642][605]LogModuleManager: Shutting down and abandoning module TextureFormatASTC (87)
[2019.10.29-09.22.49:642][605]LogModuleManager: Shutting down and abandoning module ImageWrapper (86)
[2019.10.29-09.22.49:642][605]LogModuleManager: Shutting down and abandoning module TextureFormatAndroid (83)
[2019.10.29-09.22.49:642][605]LogModuleManager: Shutting down and abandoning module AudioFormatOpus (81)
[2019.10.29-09.22.49:642][605]LogModuleManager: Shutting down and abandoning module AudioFormatOgg (79)
[2019.10.29-09.22.49:642][605]LogModuleManager: Shutting down and abandoning module AudioFormatADPCM (77)
[2019.10.29-09.22.49:642][605]LogModuleManager: Shutting down and abandoning module WindowsTargetPlatform (75)
[2019.10.29-09.22.49:642][605]LogModuleManager: Shutting down and abandoning module WindowsServerTargetPlatform (73)
[2019.10.29-09.22.49:642][605]LogModuleManager: Shutting down and abandoning module WindowsNoEditorTargetPlatform (71)
[2019.10.29-09.22.49:642][605]LogModuleManager: Shutting down and abandoning module WindowsClientTargetPlatform (69)
[2019.10.29-09.22.49:642][605]LogModuleManager: Shutting down and abandoning module InputCore (66)
[2019.10.29-09.22.49:642][605]LogModuleManager: Shutting down and abandoning module Settings (64)
[2019.10.29-09.22.49:642][605]LogModuleManager: Shutting down and abandoning module PhysXCooking (62)
[2019.10.29-09.22.49:642][605]LogModuleManager: Shutting down and abandoning module SteamVR (60)
[2019.10.29-09.22.49:642][605]LogModuleManager: Shutting down and abandoning module OculusHMD (58)
[2019.10.29-09.22.49:642][605]LogModuleManager: Shutting down and abandoning module ExampleDeviceProfileSelector (56)
[2019.10.29-09.22.49:642][605]LogModuleManager: Shutting down and abandoning module AppleARKit (54)
[2019.10.29-09.22.49:642][605]LogModuleManager: Shutting down and abandoning module AugmentedReality (51)
[2019.10.29-09.22.49:642][605]LogModuleManager: Shutting down and abandoning module OnlineBlueprintSupport (48)
[2019.10.29-09.22.49:642][605]LogModuleManager: Shutting down and abandoning module OnlineSubsystem (44)
[2019.10.29-09.22.49:642][605]LogModuleManager: Shutting down and abandoning module XMPP (43)
[2019.10.29-09.22.49:642][605]LogModuleManager: Shutting down and abandoning module HTTP (41)
[2019.10.29-09.22.49:658][605]LogModuleManager: Shutting down and abandoning module SSL (40)
[2019.10.29-09.22.49:659][605]LogModuleManager: Shutting down and abandoning module AnimationModifiers (36)
[2019.10.29-09.22.49:659][605]LogModuleManager: Shutting down and abandoning module PropertyEditor (35)
[2019.10.29-09.22.49:659][605]LogModuleManager: Shutting down and abandoning module AudioEditor (32)
[2019.10.29-09.22.49:660][605]LogModuleManager: Shutting down and abandoning module TextureCompressor (30)
[2019.10.29-09.22.49:660][605]LogModuleManager: Shutting down and abandoning module ShaderCore (28)
[2019.10.29-09.22.49:660][605]LogModuleManager: Shutting down and abandoning module Landscape (26)
[2019.10.29-09.22.49:660][605]LogModuleManager: Shutting down and abandoning module SlateRHIRenderer (24)
[2019.10.29-09.22.49:660][605]LogModuleManager: Shutting down and abandoning module OpenGLDrv (22)
[2019.10.29-09.22.49:660][605]LogModuleManager: Shutting down and abandoning module D3D11RHI (20)
[2019.10.29-09.22.49:660][605]LogModuleManager: Shutting down and abandoning module AnimGraphRuntime (18)
[2019.10.29-09.22.49:660][605]LogModuleManager: Shutting down and abandoning module Renderer (16)
[2019.10.29-09.22.49:660][605]LogModuleManager: Shutting down and abandoning module Engine (14)
[2019.10.29-09.22.49:660][605]LogModuleManager: Shutting down and abandoning module CoreUObject (12)
[2019.10.29-09.22.49:660][605]LogModuleManager: Shutting down and abandoning module NetworkFile (10)
[2019.10.29-09.22.49:660][605]LogModuleManager: Shutting down and abandoning module CookedIterativeFile (8)
[2019.10.29-09.22.49:660][605]LogModuleManager: Shutting down and abandoning module StreamingFile (6)
[2019.10.29-09.22.49:660][605]LogModuleManager: Shutting down and abandoning module SandboxFile (4)
[2019.10.29-09.22.49:660][605]LogModuleManager: Shutting down and abandoning module PakFile (2)
[2019.10.29-09.22.49:666][605]LogExit: Exiting.
[2019.10.29-09.22.49:667][605]Log file closed, 10/29/19 17:22:49
