Log file open, 11/01/19 17:56:03
LogWindows: Failed to load 'aqProf.dll' (GetLastError=126)
LogWindows: File 'aqProf.dll' does not exist
LogWindows: Failed to load 'VtuneApi.dll' (GetLastError=126)
LogWindows: File 'VtuneApi.dll' does not exist
LogWindows: Failed to load 'VtuneApi32e.dll' (GetLastError=126)
LogWindows: File 'VtuneApi32e.dll' does not exist
LogInit: Display: Running engine for game: Shooter
LogPlatformFile: Not using cached read wrapper
LogInit: Display: RandInit(168375815) SRandInit(168375817).
LogInit: Read version file with build ID '3944462'
LogInit: Overriding engine version to CL 4033788, compatible CL 3944462
LogInit: Registered custom module enumerator with build ID '3944462'
LogTaskGraph: Started task graph with 5 named threads and 23 total threads with 3 sets of task threads.
LogStats: Stats thread started at 0.314893
LogD3D11RHI: Aftermath initialized
LogICUInternationalization: Display: ICU TimeZone Detection - Raw Offset: +8:00, Platform Override: ''
LogPluginManager: Mounting plugin Paper2D
LogPluginManager: Mounting plugin LiveLink
LogPluginManager: Mounting plugin LightPropagationVolume
LogPluginManager: Mounting plugin CLionSourceCodeAccess
LogPluginManager: Mounting plugin CodeLiteSourceCodeAccess
LogPluginManager: Mounting plugin GitSourceControl
LogPluginManager: Mounting plugin KDevelopSourceCodeAccess
LogPluginManager: Mounting plugin NullSourceCodeAccess
LogPluginManager: Mounting plugin PerforceSourceControl
LogPluginManager: Mounting plugin SubversionSourceControl
LogPluginManager: Mounting plugin UObjectPlugin
LogPluginManager: Mounting plugin VisualStudioCodeSourceCodeAccess
LogPluginManager: Mounting plugin VisualStudioSourceCodeAccess
LogPluginManager: Mounting plugin XCodeSourceCodeAccess
LogPluginManager: Mounting plugin AssetManagerEditor
LogPluginManager: Mounting plugin CryptoKeys
LogPluginManager: Mounting plugin DataValidation
LogPluginManager: Mounting plugin FacialAnimation
LogPluginManager: Mounting plugin GameplayTagsEditor
LogPluginManager: Mounting plugin MobileLauncherProfileWizard
LogPluginManager: Mounting plugin PluginBrowser
LogPluginManager: Mounting plugin SpeedTreeImporter
LogPluginManager: Mounting plugin DatasmithContent
LogPluginManager: Mounting plugin AlembicImporter
LogPluginManager: Mounting plugin CharacterAI
LogPluginManager: Mounting plugin HTML5Networking
LogPluginManager: Mounting plugin AndroidMedia
LogPluginManager: Mounting plugin AvfMedia
LogPluginManager: Mounting plugin ImgMedia
LogPluginManager: Mounting plugin LinearTimecode
LogPluginManager: Mounting plugin MediaCompositing
LogPluginManager: Mounting plugin MediaPlayerEditor
LogPluginManager: Mounting plugin WmfMedia
LogPluginManager: Mounting plugin TcpMessaging
LogPluginManager: Mounting plugin UdpMessaging
LogPluginManager: Mounting plugin ActorSequence
LogPluginManager: Mounting plugin LevelSequenceEditor
LogPluginManager: Mounting plugin MatineeToLevelSequence
LogPluginManager: Mounting plugin NetcodeUnitTest
LogPluginManager: Mounting plugin NUTUnrealEngine4
LogPluginManager: Mounting plugin OnlineSubsystemGooglePlay
LogPluginManager: Mounting plugin OnlineSubsystemIOS
LogPluginManager: Mounting plugin OnlineSubsystem
LogPluginManager: Mounting plugin OnlineSubsystemNull
LogPluginManager: Mounting plugin OnlineSubsystemUtils
LogPluginManager: Mounting plugin AndroidDeviceProfileSelector
LogPluginManager: Mounting plugin AndroidMoviePlayer
LogPluginManager: Mounting plugin AndroidPermission
LogPluginManager: Mounting plugin AppleARKit
LogPluginManager: Mounting plugin AppleMoviePlayer
LogPluginManager: Mounting plugin ArchVisCharacter
LogPluginManager: Mounting plugin AudioCapture
LogPluginManager: Mounting plugin CableComponent
LogPluginManager: Mounting plugin CustomMeshComponent
LogPluginManager: Mounting plugin ExampleDeviceProfileSelector
LogPluginManager: Mounting plugin GoogleCloudMessaging
LogPluginManager: Mounting plugin ImmediatePhysics
LogPluginManager: Mounting plugin IOSDeviceProfileSelector
LogPluginManager: Mounting plugin LinuxDeviceProfileSelector
LogPluginManager: Mounting plugin LocationServicesBPLibrary
LogPluginManager: Mounting plugin MobilePatchingUtils
LogPluginManager: Mounting plugin OculusVR
LogPluginManager: Plugin shader directory ../../../Engine/Plugins/Runtime/Oculus/OculusVR/Shaders found
LogPluginManager: Mapping shader source directory ../../../Engine/Plugins/Runtime/Oculus/OculusVR/Shaders to virtual directory /Plugin/OculusVR
LogPluginManager: Mounting plugin PhysXVehicles
LogPluginManager: Mounting plugin ProceduralMeshComponent
LogPluginManager: Mounting plugin RuntimePhysXCooking
LogPluginManager: Mounting plugin SteamVR
LogPluginManager: Mounting plugin WindowsMoviePlayer
LogStreaming: Display: Took  0.188s to configure plugins.
LogModuleManager: Display: Found up-to-date module file E:/UE projects/FPS_OL/UE4_FPS_Game/Shooter/Binaries/Win64/UE4Editor-Shooter-8133.dll (API version 3944462).
LogModuleManager: Display: Found up-to-date module file ../../../Engine/Plugins/2D/Paper2D/Binaries/Win64/UE4Editor-Paper2D.dll (API version 3944462).
LogModuleManager: Display: Found up-to-date module file ../../../Engine/Plugins/2D/Paper2D/Binaries/Win64/UE4Editor-Paper2DEditor.dll (API version 3944462).
LogModuleManager: Display: Found up-to-date module file ../../../Engine/Plugins/2D/Paper2D/Binaries/Win64/UE4Editor-PaperSpriteSheetImporter.dll (API version 3944462).
LogModuleManager: Display: Found up-to-date module file ../../../Engine/Plugins/2D/Paper2D/Binaries/Win64/UE4Editor-PaperTiledImporter.dll (API version 3944462).
LogModuleManager: Display: Found up-to-date module file ../../../Engine/Plugins/2D/Paper2D/Binaries/Win64/UE4Editor-SmartSnapping.dll (API version 3944462).
LogModuleManager: Display: Found up-to-date module file ../../../Engine/Plugins/Animation/LiveLink/Binaries/Win64/UE4Editor-LiveLink.dll (API version 3944462).
LogModuleManager: Display: Found up-to-date module file ../../../Engine/Plugins/Animation/LiveLink/Binaries/Win64/UE4Editor-LiveLinkEditor.dll (API version 3944462).
LogModuleManager: Display: Found up-to-date module file ../../../Engine/Plugins/Blendables/LightPropagationVolume/Binaries/Win64/UE4Editor-LightPropagationVolumeRuntime.dll (API version 3944462).
LogModuleManager: Display: Found up-to-date module file ../../../Engine/Plugins/Blendables/LightPropagationVolume/Binaries/Win64/UE4Editor-LightPropagationVolumeEditor.dll (API version 3944462).
LogModuleManager: Display: Found up-to-date module file ../../../Engine/Plugins/Developer/CLionSourceCodeAccess/Binaries/Win64/UE4Editor-CLionSourceCodeAccess.dll (API version 3944462).
LogModuleManager: Display: Found up-to-date module file ../../../Engine/Plugins/Developer/GitSourceControl/Binaries/Win64/UE4Editor-GitSourceControl.dll (API version 3944462).
LogModuleManager: Display: Found up-to-date module file ../../../Engine/Plugins/Developer/PerforceSourceControl/Binaries/Win64/UE4Editor-PerforceSourceControl.dll (API version 3944462).
LogModuleManager: Display: Found up-to-date module file ../../../Engine/Plugins/Developer/SubversionSourceControl/Binaries/Win64/UE4Editor-SubversionSourceControl.dll (API version 3944462).
LogModuleManager: Display: Found up-to-date module file ../../../Engine/Plugins/Developer/UObjectPlugin/Binaries/Win64/UE4Editor-UObjectPlugin.dll (API version 3944462).
LogModuleManager: Display: Found up-to-date module file ../../../Engine/Plugins/Developer/VisualStudioCodeSourceCodeAccess/Binaries/Win64/UE4Editor-VisualStudioCodeSourceCodeAccess.dll (API version 3944462).
LogModuleManager: Display: Found up-to-date module file ../../../Engine/Plugins/Developer/VisualStudioSourceCodeAccess/Binaries/Win64/UE4Editor-VisualStudioSourceCodeAccess.dll (API version 3944462).
LogModuleManager: Display: Found up-to-date module file ../../../Engine/Plugins/Editor/AssetManagerEditor/Binaries/Win64/UE4Editor-AssetManagerEditor.dll (API version 3944462).
LogModuleManager: Display: Found up-to-date module file ../../../Engine/Plugins/Editor/CryptoKeys/Binaries/Win64/UE4Editor-CryptoKeys.dll (API version 3944462).
LogModuleManager: Display: Found up-to-date module file ../../../Engine/Plugins/Editor/CryptoKeys/Binaries/Win64/UE4Editor-CryptoKeysOpenSSL.dll (API version 3944462).
LogModuleManager: Display: Found up-to-date module file ../../../Engine/Plugins/Editor/DataValidation/Binaries/Win64/UE4Editor-DataValidation.dll (API version 3944462).
LogModuleManager: Display: Found up-to-date module file ../../../Engine/Plugins/Editor/FacialAnimation/Binaries/Win64/UE4Editor-FacialAnimation.dll (API version 3944462).
LogModuleManager: Display: Found up-to-date module file ../../../Engine/Plugins/Editor/FacialAnimation/Binaries/Win64/UE4Editor-FacialAnimationEditor.dll (API version 3944462).
LogModuleManager: Display: Found up-to-date module file ../../../Engine/Plugins/Editor/GameplayTagsEditor/Binaries/Win64/UE4Editor-GameplayTagsEditor.dll (API version 3944462).
LogModuleManager: Display: Found up-to-date module file ../../../Engine/Plugins/Editor/MobileLauncherProfileWizard/Binaries/Win64/UE4Editor-MobileLauncherProfileWizard.dll (API version 3944462).
LogModuleManager: Display: Found up-to-date module file ../../../Engine/Plugins/Editor/PluginBrowser/Binaries/Win64/UE4Editor-PluginBrowser.dll (API version 3944462).
LogModuleManager: Display: Found up-to-date module file ../../../Engine/Plugins/Editor/SpeedTreeImporter/Binaries/Win64/UE4Editor-SpeedTreeImporter.dll (API version 3944462).
LogModuleManager: Display: Found up-to-date module file ../../../Engine/Plugins/Enterprise/DatasmithContent/Binaries/Win64/UE4Editor-DatasmithContent.dll (API version 3944462).
LogModuleManager: Display: Found up-to-date module file ../../../Engine/Plugins/Experimental/AlembicImporter/Binaries/Win64/UE4Editor-AlembicImporter.dll (API version 3944462).
LogModuleManager: Display: Found up-to-date module file ../../../Engine/Plugins/Experimental/AlembicImporter/Binaries/Win64/UE4Editor-AlembicLibrary.dll (API version 3944462).
LogModuleManager: Display: Found up-to-date module file ../../../Engine/Plugins/Experimental/CharacterAI/Binaries/Win64/UE4Editor-CharacterAI.dll (API version 3944462).
LogModuleManager: Display: Found up-to-date module file ../../../Engine/Plugins/Experimental/HTML5Networking/Binaries/Win64/UE4Editor-HTML5Networking.dll (API version 3944462).
LogModuleManager: Display: Found up-to-date module file ../../../Engine/Plugins/Media/AndroidMedia/Binaries/Win64/UE4Editor-AndroidMediaEditor.dll (API version 3944462).
LogModuleManager: Display: Found up-to-date module file ../../../Engine/Plugins/Media/AndroidMedia/Binaries/Win64/UE4Editor-AndroidMediaFactory.dll (API version 3944462).
LogModuleManager: Display: Found up-to-date module file ../../../Engine/Plugins/Media/AvfMedia/Binaries/Win64/UE4Editor-AvfMediaEditor.dll (API version 3944462).
LogModuleManager: Display: Found up-to-date module file ../../../Engine/Plugins/Media/AvfMedia/Binaries/Win64/UE4Editor-AvfMediaFactory.dll (API version 3944462).
LogModuleManager: Display: Found up-to-date module file ../../../Engine/Plugins/Media/AvfMedia/Binaries/Win64/UE4Editor-AvfMediaFactory.dll (API version 3944462).
LogModuleManager: Display: Found up-to-date module file ../../../Engine/Plugins/Media/ImgMedia/Binaries/Win64/UE4Editor-ImgMedia.dll (API version 3944462).
LogModuleManager: Display: Found up-to-date module file ../../../Engine/Plugins/Media/ImgMedia/Binaries/Win64/UE4Editor-ImgMediaEditor.dll (API version 3944462).
LogModuleManager: Display: Found up-to-date module file ../../../Engine/Plugins/Media/ImgMedia/Binaries/Win64/UE4Editor-ImgMediaFactory.dll (API version 3944462).
LogModuleManager: Display: Found up-to-date module file ../../../Engine/Plugins/Media/ImgMedia/Binaries/Win64/UE4Editor-ImgMediaFactory.dll (API version 3944462).
LogModuleManager: Display: Found up-to-date module file ../../../Engine/Plugins/Media/ImgMedia/Binaries/Win64/UE4Editor-OpenExrWrapper.dll (API version 3944462).
LogModuleManager: Display: Found up-to-date module file ../../../Engine/Plugins/Media/LinearTimecode/Binaries/Win64/UE4Editor-LinearTimecode.dll (API version 3944462).
LogModuleManager: Display: Found up-to-date module file ../../../Engine/Plugins/Media/MediaCompositing/Binaries/Win64/UE4Editor-MediaCompositing.dll (API version 3944462).
LogModuleManager: Display: Found up-to-date module file ../../../Engine/Plugins/Media/MediaCompositing/Binaries/Win64/UE4Editor-MediaCompositingEditor.dll (API version 3944462).
LogModuleManager: Display: Found up-to-date module file ../../../Engine/Plugins/Media/MediaPlayerEditor/Binaries/Win64/UE4Editor-MediaPlayerEditor.dll (API version 3944462).
LogModuleManager: Display: Found up-to-date module file ../../../Engine/Plugins/Media/WmfMedia/Binaries/Win64/UE4Editor-WmfMedia.dll (API version 3944462).
LogModuleManager: Display: Found up-to-date module file ../../../Engine/Plugins/Media/WmfMedia/Binaries/Win64/UE4Editor-WmfMediaEditor.dll (API version 3944462).
LogModuleManager: Display: Found up-to-date module file ../../../Engine/Plugins/Media/WmfMedia/Binaries/Win64/UE4Editor-WmfMediaFactory.dll (API version 3944462).
LogModuleManager: Display: Found up-to-date module file ../../../Engine/Plugins/Media/WmfMedia/Binaries/Win64/UE4Editor-WmfMediaFactory.dll (API version 3944462).
LogModuleManager: Display: Found up-to-date module file ../../../Engine/Plugins/Messaging/TcpMessaging/Binaries/Win64/UE4Editor-TcpMessaging.dll (API version 3944462).
LogModuleManager: Display: Found up-to-date module file ../../../Engine/Plugins/Messaging/UdpMessaging/Binaries/Win64/UE4Editor-UdpMessaging.dll (API version 3944462).
LogModuleManager: Display: Found up-to-date module file ../../../Engine/Plugins/MovieScene/ActorSequence/Binaries/Win64/UE4Editor-ActorSequence.dll (API version 3944462).
LogModuleManager: Display: Found up-to-date module file ../../../Engine/Plugins/MovieScene/LevelSequenceEditor/Binaries/Win64/UE4Editor-LevelSequenceEditor.dll (API version 3944462).
LogModuleManager: Display: Found up-to-date module file ../../../Engine/Plugins/MovieScene/MatineeToLevelSequence/Binaries/Win64/UE4Editor-MatineeToLevelSequence.dll (API version 3944462).
LogModuleManager: Display: Found up-to-date module file ../../../Engine/Plugins/NetcodeUnitTest/NetcodeUnitTest/Binaries/Win64/UE4Editor-NetcodeUnitTest.dll (API version 3944462).
LogModuleManager: Display: Found up-to-date module file ../../../Engine/Plugins/NetcodeUnitTest/NUTUnrealEngine4/Binaries/Win64/UE4Editor-NUTUnrealEngine4.dll (API version 3944462).
LogModuleManager: Display: Found up-to-date module file ../../../Engine/Plugins/Online/OnlineSubsystem/Binaries/Win64/UE4Editor-OnlineSubsystem.dll (API version 3944462).
LogModuleManager: Display: Found up-to-date module file ../../../Engine/Plugins/Online/OnlineSubsystemNull/Binaries/Win64/UE4Editor-OnlineSubsystemNull.dll (API version 3944462).
LogModuleManager: Display: Found up-to-date module file ../../../Engine/Plugins/Online/OnlineSubsystemUtils/Binaries/Win64/UE4Editor-OnlineSubsystemUtils.dll (API version 3944462).
LogModuleManager: Display: Found up-to-date module file ../../../Engine/Plugins/Online/OnlineSubsystemUtils/Binaries/Win64/UE4Editor-OnlineBlueprintSupport.dll (API version 3944462).
LogModuleManager: Display: Found up-to-date module file ../../../Engine/Plugins/Runtime/AndroidDeviceProfileSelector/Binaries/Win64/UE4Editor-AndroidDeviceProfileSelector.dll (API version 3944462).
LogModuleManager: Display: Found up-to-date module file ../../../Engine/Plugins/Runtime/AndroidPermission/Binaries/Win64/UE4Editor-AndroidPermission.dll (API version 3944462).
LogModuleManager: Display: Found up-to-date module file ../../../Engine/Plugins/Runtime/AppleARKit/Binaries/Win64/UE4Editor-AppleARKit.dll (API version 3944462).
LogModuleManager: Display: Found up-to-date module file ../../../Engine/Plugins/Runtime/ArchVisCharacter/Binaries/Win64/UE4Editor-ArchVisCharacter.dll (API version 3944462).
LogModuleManager: Display: Found up-to-date module file ../../../Engine/Plugins/Runtime/AudioCapture/Binaries/Win64/UE4Editor-AudioCapture.dll (API version 3944462).
LogModuleManager: Display: Found up-to-date module file ../../../Engine/Plugins/Runtime/AudioCapture/Binaries/Win64/UE4Editor-AudioCaptureEditor.dll (API version 3944462).
LogModuleManager: Display: Found up-to-date module file ../../../Engine/Plugins/Runtime/CableComponent/Binaries/Win64/UE4Editor-CableComponent.dll (API version 3944462).
LogModuleManager: Display: Found up-to-date module file ../../../Engine/Plugins/Runtime/CustomMeshComponent/Binaries/Win64/UE4Editor-CustomMeshComponent.dll (API version 3944462).
LogModuleManager: Display: Found up-to-date module file ../../../Engine/Plugins/Runtime/ExampleDeviceProfileSelector/Binaries/Win64/UE4Editor-ExampleDeviceProfileSelector.dll (API version 3944462).
LogModuleManager: Display: Found up-to-date module file ../../../Engine/Plugins/Runtime/ImmediatePhysics/Binaries/Win64/UE4Editor-ImmediatePhysics.dll (API version 3944462).
LogModuleManager: Display: Found up-to-date module file ../../../Engine/Plugins/Runtime/ImmediatePhysics/Binaries/Win64/UE4Editor-ImmediatePhysicsEditor.dll (API version 3944462).
LogModuleManager: Display: Found up-to-date module file ../../../Engine/Plugins/Runtime/LocationServicesBPLibrary/Binaries/Win64/UE4Editor-LocationServicesBPLibrary.dll (API version 3944462).
LogModuleManager: Display: Found up-to-date module file ../../../Engine/Plugins/Runtime/MobilePatchingUtils/Binaries/Win64/UE4Editor-MobilePatchingUtils.dll (API version 3944462).
LogModuleManager: Display: Found up-to-date module file ../../../Engine/Plugins/Runtime/Oculus/OculusVR/Binaries/Win64/UE4Editor-OculusHMD.dll (API version 3944462).
LogModuleManager: Display: Found up-to-date module file ../../../Engine/Plugins/Runtime/Oculus/OculusVR/Binaries/Win64/UE4Editor-OculusInput.dll (API version 3944462).
LogModuleManager: Display: Found up-to-date module file ../../../Engine/Plugins/Runtime/Oculus/OculusVR/Binaries/Win64/UE4Editor-OculusEditor.dll (API version 3944462).
LogModuleManager: Display: Found up-to-date module file ../../../Engine/Plugins/Runtime/PhysXVehicles/Binaries/Win64/UE4Editor-PhysXVehicles.dll (API version 3944462).
LogModuleManager: Display: Found up-to-date module file ../../../Engine/Plugins/Runtime/PhysXVehicles/Binaries/Win64/UE4Editor-PhysXVehiclesEditor.dll (API version 3944462).
LogModuleManager: Display: Found up-to-date module file ../../../Engine/Plugins/Runtime/ProceduralMeshComponent/Binaries/Win64/UE4Editor-ProceduralMeshComponent.dll (API version 3944462).
LogModuleManager: Display: Found up-to-date module file ../../../Engine/Plugins/Runtime/ProceduralMeshComponent/Binaries/Win64/UE4Editor-ProceduralMeshComponentEditor.dll (API version 3944462).
LogModuleManager: Display: Found up-to-date module file ../../../Engine/Plugins/Runtime/RuntimePhysXCooking/Binaries/Win64/UE4Editor-RuntimePhysXCooking.dll (API version 3944462).
LogModuleManager: Display: Found up-to-date module file ../../../Engine/Plugins/Runtime/Steam/SteamVR/Binaries/Win64/UE4Editor-SteamVR.dll (API version 3944462).
LogModuleManager: Display: Found up-to-date module file ../../../Engine/Plugins/Runtime/Steam/SteamVR/Binaries/Win64/UE4Editor-SteamVRController.dll (API version 3944462).
LogModuleManager: Display: Found up-to-date module file ../../../Engine/Plugins/Runtime/WindowsMoviePlayer/Binaries/Win64/UE4Editor-WindowsMoviePlayer.dll (API version 3944462).
LogInit: Using libcurl 7.47.1
LogInit:  - built for x86_64-pc-win32
LogInit:  - supports SSL with OpenSSL/1.0.2g
LogInit:  - supports HTTP deflate (compression) using libz 1.2.8
LogInit:  - other features:
LogInit:      CURL_VERSION_SSL
LogInit:      CURL_VERSION_LIBZ
LogInit:      CURL_VERSION_IPV6
LogInit:      CURL_VERSION_ASYNCHDNS
LogInit:      CURL_VERSION_LARGEFILE
LogInit:      CURL_VERSION_IDN
LogInit:  CurlRequestOptions (configurable via config and command line):
LogInit:  - bVerifyPeer = false  - Libcurl will NOT verify peer certificate
LogInit:  - bUseHttpProxy = false  - Libcurl will NOT use HTTP proxy
LogInit:  - bDontReuseConnections = false  - Libcurl will reuse connections
LogInit:  - CertBundlePath = nullptr  - Libcurl will use whatever was configured at build time.
LogInit:  - MaxHostConnections = 16  - Libcurl will limit the number of connections to a host
LogInit:  - LocalHostAddr = Default
LogInit: WinSock: version 1.1 (2.2), MaxSocks=32767, MaxUdp=65467
LogInit: WinSock: I am DESKTOP-N37MKPN (192.168.1.101:0)
LogInit: Build: ++UE4+Release-4.19-CL-4033788
LogInit: Engine Version: 4.19.2-4033788+++UE4+Release-4.19
LogInit: Compatible Engine Version: 4.19.0-3944462+++UE4+Release-4.19
LogInit: Net CL: 3944462
LogDevObjectVersion: Number of dev versions registered: 18
LogDevObjectVersion:   Dev-Blueprints (B0D832E4-1F89-4F0D-ACCF-7EB736FD4AA2): 10
LogDevObjectVersion:   Dev-Build (E1C64328-A22C-4D53-A36C-8E866417BD8C): 0
LogDevObjectVersion:   Dev-Core (375EC13C-06E4-48FB-B500-84F0262A717E): 2
LogDevObjectVersion:   Dev-Editor (E4B068ED-F494-42E9-A231-DA0B2E46BB41): 23
LogDevObjectVersion:   Dev-Framework (CFFC743F-43B0-4480-9391-14DF171D2073): 33
LogDevObjectVersion:   Dev-Mobile (B02B49B5-BB20-44E9-A304-32B752E40360): 2
LogDevObjectVersion:   Dev-Networking (A4E4105C-59A1-49B5-A7C5-40C4547EDFEE): 0
LogDevObjectVersion:   Dev-Online (39C831C9-5AE6-47DC-9A44-9C173E1C8E7C): 0
LogDevObjectVersion:   Dev-Physics (78F01B33-EBEA-4F98-B9B4-84EACCB95AA2): 0
LogDevObjectVersion:   Dev-Platform (6631380F-2D4D-43E0-8009-CF276956A95A): 0
LogDevObjectVersion:   Dev-Rendering (12F88B9F-8875-4AFC-A67C-D90C383ABD29): 25
LogDevObjectVersion:   Dev-Sequencer (7B5AE74C-D270-4C10-A958-57980B212A5A): 6
LogDevObjectVersion:   Dev-VR (D7296918-1DD6-4BDD-9DE2-64A83CC13884): 1
LogDevObjectVersion:   Dev-LoadTimes (C2A15278-BFE7-4AFE-6C17-90FF531DF755): 1
LogDevObjectVersion:   Private-Geometry (6EACA3D4-40EC-4CC1-B786-8BED09428FC5): 2
LogDevObjectVersion:   Dev-AnimPhys (29E575DD-E0A3-4627-9D10-D276232CDCEA): 16
LogDevObjectVersion:   Dev-ReflectionCapture (6B266CEC-1EC7-4B8F-A30B-E4D90942FC07): 1
LogDevObjectVersion:   Dev-Automation (0DF73D61-A23F-47EA-B727-89E90C41499A): 1
LogInit: Compiled (64-bit): Apr 27 2018 02:06:57
LogInit: Compiled with Visual C++: 19.00.24215.01
LogInit: Build Configuration: Development
LogInit: Branch Name: ++UE4+Release-4.19
LogInit: Command Line: 
LogInit: Base Directory: C:/Program Files/Epic Games/UE_4.19/Engine/Binaries/Win64/
LogInit: Installed Engine Build: 1
LogStreaming: Display: Took  0.001s to delete old logs.
LogInit: Presizing for max 8388607 objects, including 0 objects not considered by GC, pre-allocating 0 bytes for permanent pool.
LogInit: Object subsystem initialized
[2019.11.01-09.56.05:248][  0]LogInit: Selected Device Profile: [Windows]
[2019.11.01-09.56.05:248][  0]LogInit: Applying CVar settings loaded from the selected device profile: [Windows]
[2019.11.01-09.56.05:257][  0]LogInit: Computer: DESKTOP-N37MKPN
[2019.11.01-09.56.05:258][  0]LogInit: User: ZHENGYANG
[2019.11.01-09.56.05:258][  0]LogInit: CPU Page size=4096, Cores=4
[2019.11.01-09.56.05:258][  0]LogInit: High frequency timer resolution =10.000000 MHz
[2019.11.01-09.56.05:258][  0]LogMemory: Memory total: Physical=15.9GB (16GB approx)
[2019.11.01-09.56.05:258][  0]LogMemory: Platform Memory Stats for Windows
[2019.11.01-09.56.05:258][  0]LogMemory: Process Physical Memory: 275.45 MB used, 275.46 MB peak
[2019.11.01-09.56.05:258][  0]LogMemory: Process Virtual Memory: 264.68 MB used, 264.68 MB peak
[2019.11.01-09.56.05:258][  0]LogMemory: Physical Memory: 7865.26 MB used,  8400.51 MB free, 16265.77 MB total
[2019.11.01-09.56.05:258][  0]LogMemory: Virtual Memory: 4778.85 MB used,  8400.51 MB free, 134217728.00 MB total
[2019.11.01-09.56.05:279][  0]LogInit: Using OS detected language (en-GB).
[2019.11.01-09.56.05:279][  0]LogInit: Using OS detected locale (en-GB).
[2019.11.01-09.56.05:282][  0]LogTextLocalizationManager: No specific localization for 'en-GB' exists, so the 'en' localization will be used.
[2019.11.01-09.56.05:731][  0]LogStreaming: Display: Took  0.453s to EndInitTextLocalization.
[2019.11.01-09.56.05:731][  0]LogInit: Setting process to per monitor DPI aware
[2019.11.01-09.56.05:779][  0]LogSlate: New Slate User Created.  User Index 0, Is Virtual User: 0
[2019.11.01-09.56.05:779][  0]LogSlate: Slate User Registered.  User Index 0, Is Virtual User: 0
[2019.11.01-09.56.06:002][  0]LogD3D11RHI: D3D11 adapters:
[2019.11.01-09.56.06:070][  0]LogD3D11RHI:    0. 'NVIDIA GeForce GTX 1060' (Feature Level 11_0)
[2019.11.01-09.56.06:070][  0]LogD3D11RHI:       2987/0/8132 MB DedicatedVideo/DedicatedSystem/SharedSystem, Outputs:1, VendorId:0x10de
[2019.11.01-09.56.06:086][  0]LogD3D11RHI:    1. 'Intel(R) HD Graphics 630' (Feature Level 11_0)
[2019.11.01-09.56.06:086][  0]LogD3D11RHI:       128/0/8132 MB DedicatedVideo/DedicatedSystem/SharedSystem, Outputs:0, VendorId:0x8086
[2019.11.01-09.56.06:088][  0]LogD3D11RHI:    2. 'Microsoft Basic Render Driver' (Feature Level 11_0)
[2019.11.01-09.56.06:088][  0]LogD3D11RHI:       0/0/8132 MB DedicatedVideo/DedicatedSystem/SharedSystem, Outputs:0, VendorId:0x1414
[2019.11.01-09.56.06:088][  0]LogD3D11RHI: Chosen D3D11 Adapter: 0
[2019.11.01-09.56.06:118][  0]LogD3D11RHI: Creating new Direct3DDevice
[2019.11.01-09.56.06:118][  0]LogD3D11RHI:     GPU DeviceId: 0x1c20 (for the marketing name, search the web for "GPU Device Id")
[2019.11.01-09.56.06:118][  0]LogWindows: EnumDisplayDevices:
[2019.11.01-09.56.06:118][  0]LogWindows:    0. 'Intel(R) HD Graphics 630' (P:1 D:1)
[2019.11.01-09.56.06:118][  0]LogWindows:    1. 'Intel(R) HD Graphics 630' (P:0 D:0)
[2019.11.01-09.56.06:119][  0]LogWindows:    2. 'Intel(R) HD Graphics 630' (P:0 D:0)
[2019.11.01-09.56.06:119][  0]LogWindows:    3. 'NVIDIA GeForce GTX 1060' (P:0 D:0)
[2019.11.01-09.56.06:119][  0]LogWindows:    4. 'NVIDIA GeForce GTX 1060' (P:0 D:0)
[2019.11.01-09.56.06:119][  0]LogWindows:    5. 'NVIDIA GeForce GTX 1060' (P:0 D:0)
[2019.11.01-09.56.06:120][  0]LogWindows:    6. 'NVIDIA GeForce GTX 1060' (P:0 D:0)
[2019.11.01-09.56.06:120][  0]LogWindows: DebugString: GetVideoDriverDetailsInvalid PrimaryIsNotTheChoosenAdapter GetVideoDriverDetailsInvalid PrimaryIsNotTheChoosenAdapter GetVideoDriverDetailsInvalid PrimaryIsNotTheChoosenAdapter GetVideoDriverDetailsInvalid PrimaryIsNotTheChoosenAdapter GetVideoDriverDetailsInvalid PrimaryIsNotTheChoosenAdapter GetVideoDriverDetailsInvalid PrimaryIsNotTheChoosenAdapter GetVideoDriverDetailsInvalid PrimaryIsNotTheChoosenAdapter FoundDriverCount:0 
[2019.11.01-09.56.06:120][  0]LogD3D11RHI:     Adapter Name: NVIDIA GeForce GTX 1060
[2019.11.01-09.56.06:120][  0]LogD3D11RHI:   Driver Version: Unknown (internal:Unknown, unified:Unknown)
[2019.11.01-09.56.06:120][  0]LogD3D11RHI:      Driver Date: Unknown
[2019.11.01-09.56.06:120][  0]LogRHI: Texture pool is 2090 MB (70% of 2987 MB)
[2019.11.01-09.56.06:161][  0]LogD3D11RHI: [Aftermath] Aftermath enabled and primed
[2019.11.01-09.56.06:161][  0]LogD3D11RHI: [Aftermath] Aftermath enabled and primed
[2019.11.01-09.56.06:161][  0]LogD3D11RHI: Async texture creation enabled
[2019.11.01-09.56.06:173][  0]LogD3D11RHI: GPU Timing Frequency: 1000.000000 (Debug: 2 1)
[2019.11.01-09.56.06:175][  0]LogShaderCompilers: Guid format shader working directory is 8 characters bigger than the processId version (E:/UE projects/FPS_OL/UE4_FPS_Game/Shooter/Intermediate/Shaders/WorkingDirectory/32804/).
[2019.11.01-09.56.06:175][  0]LogShaderCompilers: Cleaned the shader compiler working directory 'C:/Users/ZHENG YANG/AppData/Local/Temp/UnrealShaderWorkingDir/2EE132C148315970AA678C985E8D6417/'.
[2019.11.01-09.56.06:410][  0]LogTemp: Display: Loaded TP AllDesktopTargetPlatform
[2019.11.01-09.56.06:423][  0]LogTemp: Display: Loaded TP MacClientTargetPlatform
[2019.11.01-09.56.06:437][  0]LogTemp: Display: Loaded TP MacNoEditorTargetPlatform
[2019.11.01-09.56.06:452][  0]LogTemp: Display: Loaded TP MacServerTargetPlatform
[2019.11.01-09.56.06:465][  0]LogTemp: Display: Loaded TP MacTargetPlatform
[2019.11.01-09.56.06:480][  0]LogTemp: Display: Loaded TP WindowsClientTargetPlatform
[2019.11.01-09.56.06:493][  0]LogTemp: Display: Loaded TP WindowsNoEditorTargetPlatform
[2019.11.01-09.56.06:507][  0]LogTemp: Display: Loaded TP WindowsServerTargetPlatform
[2019.11.01-09.56.06:514][  0]LogTemp: Display: Loaded TP WindowsTargetPlatform
[2019.11.01-09.56.06:526][  0]LogTemp: Display: Loaded TP Android_ASTCTargetPlatform
[2019.11.01-09.56.06:538][  0]LogTemp: Display: Loaded TP Android_ATCTargetPlatform
[2019.11.01-09.56.06:552][  0]LogTemp: Display: Loaded TP Android_DXTTargetPlatform
[2019.11.01-09.56.06:565][  0]LogTemp: Display: Loaded TP Android_ETC1aTargetPlatform
[2019.11.01-09.56.06:578][  0]LogTemp: Display: Loaded TP Android_ETC1TargetPlatform
[2019.11.01-09.56.06:590][  0]LogTemp: Display: Loaded TP Android_ETC2TargetPlatform
[2019.11.01-09.56.06:616][  0]LogTemp: Display: Loaded TP Android_MultiTargetPlatform
[2019.11.01-09.56.06:616][  0]LogTemp: Display: Loaded TP Android_PVRTCTargetPlatform
[2019.11.01-09.56.06:630][  0]LogTemp: Display: Loaded TP AndroidTargetPlatform
[2019.11.01-09.56.06:631][  0]LogTemp: Display: Loaded TP HTML5TargetPlatform
[2019.11.01-09.56.06:673][  0]LogTemp: Display: Loaded TP IOSTargetPlatform
[2019.11.01-09.56.06:690][  0]LogTemp: Display: Loaded TP TVOSTargetPlatform
[2019.11.01-09.56.06:704][  0]LogTemp: Display: Loaded TP LinuxClientTargetPlatform
[2019.11.01-09.56.06:717][  0]LogTemp: Display: Loaded TP LinuxNoEditorTargetPlatform
[2019.11.01-09.56.06:736][  0]LogTemp: Display: Loaded TP LinuxServerTargetPlatform
[2019.11.01-09.56.06:748][  0]LogTemp: Display: Loaded TP LinuxTargetPlatform
[2019.11.01-09.56.06:749][  0]LogTargetPlatformManager: Display: Building Assets For Windows
[2019.11.01-09.56.06:859][  0]LogXGEController: Cannot use XGE Controller as Incredibuild is not installed on this machine.
[2019.11.01-09.56.06:859][  0]LogShaderCompilers: Cannot use XGE Shader Compiler as Incredibuild is not installed on this machine.
[2019.11.01-09.56.06:859][  0]LogShaderCompilers: Display: Using Local Shader Compiler.
[2019.11.01-09.56.07:657][  0]LogDerivedDataCache: Display: Max Cache Size: 512 MB
[2019.11.01-09.56.07:720][  0]LogDerivedDataCache: Loaded boot cache 0.06s 76MB C:/Users/ZHENG YANG/AppData/Local/UnrealEngine/4.19/DerivedDataCache/Boot.ddc.
[2019.11.01-09.56.07:720][  0]LogDerivedDataCache: Display: Loaded Boot cache: C:/Users/ZHENG YANG/AppData/Local/UnrealEngine/4.19/DerivedDataCache/Boot.ddc
[2019.11.01-09.56.07:720][  0]LogDerivedDataCache: FDerivedDataBackendGraph:  Pak pak cache file E:/UE projects/FPS_OL/UE4_FPS_Game/Shooter/DerivedDataCache/DDC.ddp not found, will not use a pak cache.
[2019.11.01-09.56.07:720][  0]LogDerivedDataCache: Unable to find inner node Pak for hierarchical cache Hierarchy.
[2019.11.01-09.56.07:720][  0]LogDerivedDataCache: FDerivedDataBackendGraph:  CompressedPak pak cache file E:/UE projects/FPS_OL/UE4_FPS_Game/Shooter/DerivedDataCache/Compressed.ddp not found, will not use a pak cache.
[2019.11.01-09.56.07:720][  0]LogDerivedDataCache: Unable to find inner node CompressedPak for hierarchical cache Hierarchy.
[2019.11.01-09.56.07:737][  0]LogDerivedDataCache: Display: Pak cache opened for reading ../../../Engine/DerivedDataCache/Compressed.ddp.
[2019.11.01-09.56.07:749][  0]LogDerivedDataCache: Using Local data cache path C:/Users/ZHENG YANG/AppData/Local/UnrealEngine/Common/DerivedDataCache: Writable
[2019.11.01-09.56.07:749][  0]LogDerivedDataCache: Shared data cache path not found in *engine.ini, will not use an Shared cache.
[2019.11.01-09.56.07:749][  0]LogDerivedDataCache: Unable to find inner node Shared for hierarchical cache Hierarchy.
[2019.11.01-09.56.07:761][  0]LogMaterial: Verifying Global Shaders for PCD3D_SM5
[2019.11.01-09.56.07:761][  0]LogSlate: Using Freetype 2.6.0
[2019.11.01-09.56.07:762][  0]LogSlate: SlateFontCache - WITH_FREETYPE: 1, WITH_HARFBUZZ: 1
[2019.11.01-09.56.07:762][  0]LogSlate: SlateFontCache - WITH_FREETYPE: 1, WITH_HARFBUZZ: 1
[2019.11.01-09.56.07:888][  0]LogAssetRegistry: FAssetRegistry took 0.0268 seconds to start up
[2019.11.01-09.56.08:197][  0]LogInit: Selected Device Profile: [Windows]
[2019.11.01-09.56.08:347][  0]LogSimplygon: Simplygon DLL not present - disabling.
[2019.11.01-09.56.08:350][  0]LogMeshReduction: Using SimplygonSwarm for distributed automatic mesh merging
[2019.11.01-09.56.08:350][  0]LogMeshReduction: Using QuadricMeshReduction for automatic static mesh reduction
[2019.11.01-09.56.08:350][  0]LogMeshReduction: No automatic skeletal mesh reduction module available
[2019.11.01-09.56.08:350][  0]LogMeshReduction: No automatic mesh merging module available
[2019.11.01-09.56.08:350][  0]LogMeshMerging: No automatic mesh merging module available
[2019.11.01-09.56.08:379][  0]LogNetVersion: Shooter , NetCL: 3944462, EngineNetVer: 2, GameNetVer: 0 (Checksum: 979305562)
[2019.11.01-09.56.08:820][  0]LogPackageLocalizationCache: Processed 9 localized package path(s) for 2 prioritized culture(s) in 0.071966 seconds
[2019.11.01-09.56.08:826][  0]LogUObjectArray: 36729 objects as part of root set at end of initial load.
[2019.11.01-09.56.08:826][  0]LogUObjectAllocator: 7314528 out of 0 bytes used by permanent object pool.
[2019.11.01-09.56.08:826][  0]LogUObjectArray: CloseDisregardForGC: 0/0 objects in disregard for GC pool
[2019.11.01-09.56.10:442][  0]LogTcpMessaging: Initializing TcpMessaging bridge
[2019.11.01-09.56.10:471][  0]LogUdpMessaging: Initializing bridge on interface 0.0.0.0:0 to multicast group 230.0.0.1:6666.
[2019.11.01-09.56.11:040][  0]SourceControl: Source control is disabled
[2019.11.01-09.56.11:040][  0]SourceControl: Source control is disabled
[2019.11.01-09.56.11:059][  0]SourceControl: Source control is disabled
[2019.11.01-09.56.11:079][  0]SourceControl: Source control is disabled
[2019.11.01-09.56.11:548][  0]LogAndroidPermission: UAndroidPermissionCallbackProxy::GetInstance
[2019.11.01-09.56.11:766][  0]LogOcInput: OculusInput pre-init called
[2019.11.01-09.56.11:872][  0]LogEngine: Initializing Engine...
[2019.11.01-09.56.11:924][  0]LogHMD: Failed to initialize OpenVR with code 108
[2019.11.01-09.56.11:925][  0]LogStats: UGameplayTagsManager::ConstructGameplayTagTree: Construct from data asset -  0.000 s
[2019.11.01-09.56.11:925][  0]LogStats: UGameplayTagsManager::ConstructGameplayTagTree: GameplayTagTreeChangedEvent.Broadcast -  0.000 s
[2019.11.01-09.56.12:142][  0]LogAIModule: Creating AISystem for world Untitled
[2019.11.01-09.56.12:183][  0]LogInit: XAudio2 using 'Headphones (东淼的Beats Solo³ Stereo)' : 2 channels at 44.1 kHz using 16 bits per sample (channel mask 0x3)
[2019.11.01-09.56.12:495][  0]LogInit: FAudioDevice initialized.
[2019.11.01-09.56.12:639][  0]LogDerivedDataCache: Saved boot cache 0.14s 76MB C:/Users/ZHENG YANG/AppData/Local/UnrealEngine/4.19/DerivedDataCache/Boot.ddc.
[2019.11.01-09.56.12:644][  0]LogInit: Texture streaming: Enabled
[2019.11.01-09.56.12:662][  0]LogEngineSessionManager: EngineSessionManager initialized
[2019.11.01-09.56.12:679][  0]LogInit: Transaction tracking system initialized
[2019.11.01-09.56.12:703][  0]BlueprintLog: New page: Editor Load
[2019.11.01-09.56.12:779][  0]LocalizationService: Localization service is disabled
[2019.11.01-09.56.13:008][  0]LogConsoleResponse: Display: 
[2019.11.01-09.56.13:170][  0]LogCook: Display: Max memory allowance for cook 16384mb min free memory 0mb
[2019.11.01-09.56.13:170][  0]LogCook: Display: Mobile HDR setting 1
[2019.11.01-09.56.13:170][  0]LogGameplayTags: Display: UGameplayTagsManager::DoneAddingNativeTags. DelegateIsBound: 0
[2019.11.01-09.56.13:170][  0]LogStats: UGameplayTagsManager::ConstructGameplayTagTree: Construct from data asset -  0.000 s
[2019.11.01-09.56.13:170][  0]LogStats: UGameplayTagsManager::ConstructGameplayTagTree: GameplayTagTreeChangedEvent.Broadcast -  0.000 s
[2019.11.01-09.56.13:523][  0]LogFileCache: Scanning file cache for directory 'E:/UE projects/FPS_OL/UE4_FPS_Game/Shooter/Content/' took 0.01s
[2019.11.01-09.56.13:523][  0]SourceControl: Source control is disabled
[2019.11.01-09.56.13:523][  0]Cmd: MAP LOAD FILE="E:/UE projects/FPS_OL/UE4_FPS_Game/Shooter/Content/Maps/MainMap.umap" TEMPLATE=0 SHOWPROGRESS=1 FEATURELEVEL=3
[2019.11.01-09.56.13:524][  0]LightingResults: New page: Lighting Build
[2019.11.01-09.56.13:526][  0]MapCheck: New page: Map Check
[2019.11.01-09.56.13:526][  0]LightingResults: New page: Lighting Build
[2019.11.01-09.56.13:629][  0]LogUObjectGlobals: Created PersistentFrame Addr=0x000001ac4b52a0a0, Size=32, Default__BP_PowerUpHealth_C Function /Game/Blueprints/BP_PowerUpHealth.BP_PowerUpHealth_C:ExecuteUbergraph_BP_PowerUpHealth
[2019.11.01-09.56.13:631][  0]LogUObjectGlobals: Destroyed PersistentFrame Addr=0x000001ac4b52a0a0, Size=32
[2019.11.01-09.56.13:631][  0]LogUObjectGlobals: Created PersistentFrame Addr=0x000001ac4b52a0a0, Size=32, Default__BP_PowerUpHealth_C Function /Engine/Transient.REINST_BP_PowerUpHealth_C_5:ExecuteUbergraph_BP_PowerUpHealth
[2019.11.01-09.56.13:633][  0]LogUObjectGlobals: Created PersistentFrame Addr=0x000001ac4b5298a0, Size=32, Default__BP_PowerUpHealth_C Function /Game/Blueprints/BP_PowerUpHealth.BP_PowerUpHealth_C:ExecuteUbergraph_BP_PowerUpHealth
[2019.11.01-09.56.13:680][  0]LogUObjectGlobals: Created PersistentFrame Addr=0x000001ac4c1c2400, Size=248, Default__BP_Target_C Function /Game/Blueprints/BP_Target.BP_Target_C:ExecuteUbergraph_BP_Target
[2019.11.01-09.56.13:682][  0]LogLinker: Warning: Unable to load USHealth_GEN_VARIABLE with outer BlueprintGeneratedClass /Game/Blueprints/BP_Target.BP_Target_C because its class does not exist
[2019.11.01-09.56.13:682][  0]LogBlueprint: Warning: [Compiler BP_Target] Component class is not set for 'USHealth' - this component will not be instanced, and additional warnings or errors may occur when compiling Blueprint 'BP_Target'.
[2019.11.01-09.56.13:683][  0]LogUObjectGlobals: Destroyed PersistentFrame Addr=0x000001ac4c1c2400, Size=248
[2019.11.01-09.56.13:683][  0]LogUObjectGlobals: Created PersistentFrame Addr=0x000001ac4c1c2400, Size=248, Default__BP_Target_C Function /Engine/Transient.REINST_BP_Target_C_7:ExecuteUbergraph_BP_Target
[2019.11.01-09.56.13:686][  0]LogUObjectGlobals: Created PersistentFrame Addr=0x000001ac4c1c6800, Size=248, Default__BP_Target_C Function /Game/Blueprints/BP_Target.BP_Target_C:ExecuteUbergraph_BP_Target
[2019.11.01-09.56.13:686][  0]LogBlueprint: Warning: [Compiler BP_Target] [0011.40] Compile of BP_Target successful, but with 1 Warning(s) [in 4 ms] (/Game/Blueprints/BP_Target.BP_Target)
[2019.11.01-09.56.13:775][  0]LogSkeletalMesh: Skeletal Mesh found in DDC [4.476800ms] /Game/AnimStarterPack/UE4_Mannequin/Mesh/SK_Mannequin.SK_Mannequin
[2019.11.01-09.56.13:861][  0]LogAIModule: Creating AISystem for world MainMap
[2019.11.01-09.56.13:871][  0]LogEditorServer: Finished looking for orphan Actors (0.000 secs)
[2019.11.01-09.56.13:880][  0]LogUObjectGlobals: Destroyed PersistentFrame Addr=0x000001ac4b52a0a0, Size=32
[2019.11.01-09.56.13:880][  0]LogUObjectGlobals: Destroyed PersistentFrame Addr=0x000001ac4c1c2400, Size=248
[2019.11.01-09.56.13:881][  0]Cmd: MAP CHECKDEP NOCLEARLOG
[2019.11.01-09.56.13:941][  0]MapCheck: Map check complete: 0 Error(s), 0 Warning(s), took 59.822ms to complete.
[2019.11.01-09.56.13:941][  0]LogFileHelpers: Loading map 'MainMap' took 0.418
[2019.11.01-09.56.14:098][  0]LogCollectionManager: Loaded 0 collections in 0.001649 seconds
[2019.11.01-09.56.14:141][  0]LogFileCache: Scanning file cache for directory 'E:/UE projects/FPS_OL/UE4_FPS_Game/Shooter/Saved/Collections/' took 0.01s
[2019.11.01-09.56.14:141][  0]LogFileCache: Scanning file cache for directory 'E:/UE projects/FPS_OL/UE4_FPS_Game/Shooter/Content/Developers/ZHENGYANG/Collections/' took 0.01s
[2019.11.01-09.56.14:141][  0]LogFileCache: Scanning file cache for directory 'E:/UE projects/FPS_OL/UE4_FPS_Game/Shooter/Content/Collections/' took 0.01s
[2019.11.01-09.56.14:141][  0]LogCollectionManager: Rebuilt the GUID cache for 0 collections in 0.000000 seconds
[2019.11.01-09.56.14:152][  0]LogContentBrowser: Native class hierarchy populated in 0.0101 seconds. Added 2460 classes and 563 folders.
[2019.11.01-09.56.14:159][  0]LogContentBrowser: Native class hierarchy updated for 'WidgetCarousel' in 0.0011 seconds. Added 0 classes and 0 folders.
[2019.11.01-09.56.14:201][  0]LogContentBrowser: Native class hierarchy updated for 'AddContentDialog' in 0.0010 seconds. Added 0 classes and 0 folders.
[2019.11.01-09.56.14:208][  0]LogContentBrowser: Native class hierarchy updated for 'SceneOutliner' in 0.0012 seconds. Added 1 classes and 2 folders.
[2019.11.01-09.56.14:230][  0]LogSlate: Took 0.000185 seconds to synchronously load lazily loaded font '../../../Engine/Content/Slate/Fonts/Roboto-Regular.ttf' (155K)
[2019.11.01-09.56.14:233][  0]LogSlate: Took 0.000259 seconds to synchronously load lazily loaded font '../../../Engine/Content/Slate/Fonts/Roboto-Bold.ttf' (160K)
[2019.11.01-09.56.14:242][  0]LogSlate: Took 0.000265 seconds to synchronously load lazily loaded font '../../../Engine/Content/Editor/Slate/Fonts/FontAwesome.ttf' (139K)
[2019.11.01-09.56.14:344][  0]LogRenderer: Reallocating scene render targets to support 860x436 Format 10 NumSamples 1 (Frame:1).
[2019.11.01-09.56.14:513][  0]LogContentBrowser: Native class hierarchy updated for 'HierarchicalLODOutliner' in 0.0011 seconds. Added 0 classes and 0 folders.
[2019.11.01-09.56.14:513][  0]LogLoad: (Engine Initialization) Total time: 12.23 seconds
[2019.11.01-09.56.14:513][  0]LogLoad: (Engine Initialization) Total Blueprint compile time: 0.00 seconds
[2019.11.01-09.56.14:550][  0]LogContentStreaming: Texture pool size now 1000 MB
[2019.11.01-09.56.14:587][  0]LogSlate: Took 0.000150 seconds to synchronously load lazily loaded font '../../../Engine/Content/Slate/Fonts/Roboto-Light.ttf' (167K)
[2019.11.01-09.56.14:721][  1]LogAssetRegistry: Asset discovery search completed in 6.8563 seconds
[2019.11.01-09.56.14:724][  1]LogCollectionManager: Rebuilt the object cache for 0 collections in 0.000001 seconds (found 0 objects)
[2019.11.01-09.56.14:724][  1]LogCollectionManager: Fixed up redirectors for 0 collections in 0.000099 seconds (updated 0 objects)
[2019.11.01-09.56.15:554][ 46]LogSlate: Took 0.000307 seconds to synchronously load lazily loaded font '../../../Engine/Content/Slate/Fonts/Roboto-Light.ttf' (167K)
[2019.11.01-09.56.23:953][360]LogSlate: FSceneViewport::OnFocusLost() reason 0
[2019.11.01-09.56.24:159][365]LogUObjectGlobals: Created PersistentFrame Addr=0x000001ac07122110, Size=40, Default__BP_PowerUpSpeed_C Function /Game/Blueprints/BP_PowerUpSpeed.BP_PowerUpSpeed_C:ExecuteUbergraph_BP_PowerUpSpeed
[2019.11.01-09.56.24:162][365]LogUObjectGlobals: Destroyed PersistentFrame Addr=0x000001ac07122110, Size=40
[2019.11.01-09.56.24:162][365]LogUObjectGlobals: Created PersistentFrame Addr=0x000001ac07122110, Size=40, Default__BP_PowerUpSpeed_C Function /Engine/Transient.REINST_BP_PowerUpSpeed_C_9:ExecuteUbergraph_BP_PowerUpSpeed
[2019.11.01-09.56.24:164][365]LogUObjectGlobals: Created PersistentFrame Addr=0x000001ac071221b0, Size=40, Default__BP_PowerUpSpeed_C Function /Game/Blueprints/BP_PowerUpSpeed.BP_PowerUpSpeed_C:ExecuteUbergraph_BP_PowerUpSpeed
[2019.11.01-09.56.24:468][365]LogContentBrowser: Native class hierarchy updated for 'BlueprintGraph' in 0.0014 seconds. Added 116 classes and 0 folders.
[2019.11.01-09.56.24:751][365]LogUObjectGlobals: Created PersistentFrame Addr=0x000001ac78809a10, Size=4, Default__SKEL_PROTO_BP_AnimBlueprint_0_C Function /Engine/Transient.SKEL_PROTO_BP_AnimBlueprint_0_C:ExecuteUbergraph_PROTO_BP_AnimBlueprint_0
[2019.11.01-09.56.24:751][365]LogUObjectGlobals: Created PersistentFrame Addr=0x000001ac78809a08, Size=4, Default__PROTO_BP_AnimBlueprint_0_C Function /Engine/Transient.PROTO_BP_AnimBlueprint_0_C:ExecuteUbergraph_PROTO_BP_AnimBlueprint_0
[2019.11.01-09.56.25:780][365]LogSlate: Took 0.000234 seconds to synchronously load lazily loaded font '../../../Engine/Content/Slate/Fonts/Roboto-BoldCondensed.ttf' (158K)
[2019.11.01-09.56.25:869][366]LogSlate: Took 0.000188 seconds to synchronously load lazily loaded font '../../../Engine/Content/Slate/Fonts/Roboto-Italic.ttf' (157K)
[2019.11.01-09.56.29:469][580]LogSlate: Window 'BP_PowerUpHealth' being destroyed
[2019.11.01-09.56.32:433][752]LogSlate: FSceneViewport::OnFocusLost() reason 0
[2019.11.01-09.56.32:516][757]LogTemp: Repeating last play command: Selected Viewport
[2019.11.01-09.56.32:532][757]LogPlayLevel: PlayLevel: No blueprints needed recompiling
[2019.11.01-09.56.32:533][757]PIE: New page: PIE session: MainMap (2 Nov 2019 01:56:32)
[2019.11.01-09.56.32:533][757]LogPlayLevel: Creating play world package: /Game/Maps/UEDPIE_0_MainMap
[2019.11.01-09.56.32:536][757]LogPlayLevel: PIE: StaticDuplicateObject took: (0.003478s)
[2019.11.01-09.56.32:537][757]LogAIModule: Creating AISystem for world MainMap
[2019.11.01-09.56.32:537][757]LogPlayLevel: PIE: World Init took: (0.000857s)
[2019.11.01-09.56.32:537][757]LogPlayLevel: PIE: Created PIE world by copying editor world from /Game/Maps/MainMap.MainMap to /Game/Maps/UEDPIE_0_MainMap.MainMap (0.004606s)
[2019.11.01-09.56.32:559][757]LogUObjectGlobals: Destroyed PersistentFrame Addr=0x000001ac07122110, Size=40
[2019.11.01-09.56.32:601][757]LogInit: XAudio2 using 'Headphones (东淼的Beats Solo³ Stereo)' : 2 channels at 44.1 kHz using 16 bits per sample (channel mask 0x3)
[2019.11.01-09.56.32:620][757]LogInit: FAudioDevice initialized.
[2019.11.01-09.56.32:696][757]LogUObjectGlobals: Created PersistentFrame Addr=0x000001ac1f0e3660, Size=104, Default__UE4ASP_HeroTPP_AnimBlueprint_C Function /Game/AnimStarterPack/UE4ASP_HeroTPP_AnimBlueprint.UE4ASP_HeroTPP_AnimBlueprint_C:ExecuteUbergraph_UE4ASP_HeroTPP_AnimBlueprint
[2019.11.01-09.56.32:709][757]LogUObjectGlobals: Destroyed PersistentFrame Addr=0x000001ac1f0e3660, Size=104
[2019.11.01-09.56.32:709][757]LogUObjectGlobals: Created PersistentFrame Addr=0x000001ac1f138e90, Size=104, Default__UE4ASP_HeroTPP_AnimBlueprint_C Function /Engine/Transient.REINST_UE4ASP_HeroTPP_AnimBlueprint_C_0:ExecuteUbergraph_UE4ASP_HeroTPP_AnimBlueprint
[2019.11.01-09.56.32:721][757]LogUObjectGlobals: Created PersistentFrame Addr=0x000001ac81e4f660, Size=104, Default__UE4ASP_HeroTPP_AnimBlueprint_C Function /Game/AnimStarterPack/UE4ASP_HeroTPP_AnimBlueprint.UE4ASP_HeroTPP_AnimBlueprint_C:ExecuteUbergraph_UE4ASP_HeroTPP_AnimBlueprint
[2019.11.01-09.56.32:749][757]LogUObjectGlobals: Created PersistentFrame Addr=0x000001ac5ff76e00, Size=16, Default__BP_SCharacter_C Function /Game/Blueprints/BP_SCharacter.BP_SCharacter_C:ExecuteUbergraph_BP_SCharacter
[2019.11.01-09.56.32:751][757]LogUObjectGlobals: Destroyed PersistentFrame Addr=0x000001ac5ff76e00, Size=16
[2019.11.01-09.56.32:751][757]LogUObjectGlobals: Created PersistentFrame Addr=0x000001ac5ff76e00, Size=16, Default__BP_SCharacter_C Function /Engine/Transient.REINST_BP_SCharacter_C_25:ExecuteUbergraph_BP_SCharacter
[2019.11.01-09.56.32:752][757]LogUObjectGlobals: Created PersistentFrame Addr=0x000001ac5ff76e30, Size=16, Default__BP_SCharacter_C Function /Game/Blueprints/BP_SCharacter.BP_SCharacter_C:ExecuteUbergraph_BP_SCharacter
[2019.11.01-09.56.32:803][757]LogSkeletalMesh: Skeletal Mesh found in DDC [1.486300ms] /Game/Weapons/SK_Rifle.SK_Rifle
[2019.11.01-09.56.32:822][757]LogLoad: Game class is 'BP_TestGameMode_C'
[2019.11.01-09.56.32:825][757]LogWorld: Bringing World /Game/Maps/UEDPIE_0_MainMap.MainMap up for play (max tick rate 60) at 2019.11.01-17.56.32
[2019.11.01-09.56.32:825][757]LogWorld: Bringing up level for play took: 0.001098
[2019.11.01-09.56.32:829][757]LogContentBrowser: Native class hierarchy updated for 'MovieSceneCapture' in 0.0010 seconds. Added 11 classes and 0 folders.
[2019.11.01-09.56.32:832][757]PIE: Play in editor start time for /Game/Maps/UEDPIE_0_MainMap -0.406
[2019.11.01-09.56.36:095][948]LogSlate: FSceneViewport::OnFocusLost() reason 2
[2019.11.01-09.56.36:915][997]LogSlate: Took 0.000141 seconds to synchronously load lazily loaded font '../../../Engine/Content/Slate/Fonts/DroidSansMono.ttf' (77K)
[2019.11.01-09.56.36:957][997]LogSlate: Took 0.001721 seconds to synchronously load lazily loaded font '../../../Engine/Content/Slate/Fonts/DroidSansFallback.ttf' (3848K)
[2019.11.01-09.56.41:849][290]LogTemp: Health Changed:100.0(+20.0)
[2019.11.01-09.56.48:319][675]LogUObjectGlobals: Destroyed PersistentFrame Addr=0x000001ac5ff76e00, Size=16
[2019.11.01-09.56.48:319][675]LogUObjectGlobals: Destroyed PersistentFrame Addr=0x000001ac1f138e90, Size=104
[2019.11.01-09.56.52:971][953]LogSlate: FSceneViewport::OnFocusLost() reason 0
[2019.11.01-09.57.28:124][913]LogSlate: FSceneViewport::OnFocusLost() reason 0
[2019.11.01-09.57.35:565][356]LogSlate: FSceneViewport::OnFocusLost() reason 0
[2019.11.01-09.57.35:665][362]LogTemp: Repeating last play command: Selected Viewport
[2019.11.01-09.57.35:681][362]LogPlayLevel: PlayLevel: No blueprints needed recompiling
[2019.11.01-09.57.35:681][362]PIE: New page: PIE session: MainMap (2 Nov 2019 01:57:35)
[2019.11.01-09.57.35:682][362]LogPlayLevel: Creating play world package: /Game/Maps/UEDPIE_0_MainMap
[2019.11.01-09.57.35:686][362]LogPlayLevel: PIE: StaticDuplicateObject took: (0.003306s)
[2019.11.01-09.57.35:686][362]LogAIModule: Creating AISystem for world MainMap
[2019.11.01-09.57.35:686][362]LogPlayLevel: PIE: World Init took: (0.001107s)
[2019.11.01-09.57.35:687][362]LogPlayLevel: PIE: Created PIE world by copying editor world from /Game/Maps/MainMap.MainMap to /Game/Maps/UEDPIE_0_MainMap.MainMap (0.004978s)
[2019.11.01-09.57.35:740][362]LogInit: XAudio2 using 'Headphones (东淼的Beats Solo³ Stereo)' : 2 channels at 44.1 kHz using 16 bits per sample (channel mask 0x3)
[2019.11.01-09.57.35:757][362]LogInit: FAudioDevice initialized.
[2019.11.01-09.57.35:788][362]LogLoad: Game class is 'BP_TestGameMode_C'
[2019.11.01-09.57.35:791][362]LogWorld: Bringing World /Game/Maps/UEDPIE_0_MainMap.MainMap up for play (max tick rate 60) at 2019.11.01-17.57.35
[2019.11.01-09.57.35:808][362]LogWorld: Bringing up level for play took: 0.019421
[2019.11.01-09.57.35:811][362]PIE: Play in editor start time for /Game/Maps/UEDPIE_0_MainMap 0.573
[2019.11.01-09.57.41:686][712]LogTemp: Warning: Health Changed:99.0
[2019.11.01-09.57.43:492][820]LogTemp: Warning: Health Changed:98.0
[2019.11.01-09.57.44:325][870]LogTemp: Warning: Health Changed:97.0
[2019.11.01-09.57.44:492][880]LogTemp: Warning: Health Changed:96.0
[2019.11.01-09.57.45:493][940]LogTemp: Warning: Health Changed:95.0
[2019.11.01-09.57.46:492][  0]LogTemp: Warning: Health Changed:94.0
[2019.11.01-09.57.47:492][ 60]LogTemp: Warning: Health Changed:93.0
[2019.11.01-09.57.48:492][120]LogTemp: Warning: Health Changed:92.0
[2019.11.01-09.57.50:425][236]LogTemp: Warning: Health Changed:91.0
[2019.11.01-09.57.53:021][384]LogSlate: FSceneViewport::OnFocusLost() reason 0
[2019.11.01-09.57.58:472][710]LogTemp: Repeating last play command: Selected Viewport
[2019.11.01-09.57.58:489][710]LogPlayLevel: PlayLevel: No blueprints needed recompiling
[2019.11.01-09.57.58:489][710]PIE: New page: PIE session: MainMap (2 Nov 2019 01:57:58)
[2019.11.01-09.57.58:489][710]LogPlayLevel: Creating play world package: /Game/Maps/UEDPIE_0_MainMap
[2019.11.01-09.57.58:493][710]LogPlayLevel: PIE: StaticDuplicateObject took: (0.003304s)
[2019.11.01-09.57.58:494][710]LogAIModule: Creating AISystem for world MainMap
[2019.11.01-09.57.58:494][710]LogPlayLevel: PIE: World Init took: (0.001275s)
[2019.11.01-09.57.58:494][710]LogPlayLevel: PIE: Created PIE world by copying editor world from /Game/Maps/MainMap.MainMap to /Game/Maps/UEDPIE_0_MainMap.MainMap (0.005255s)
[2019.11.01-09.57.58:553][710]LogInit: XAudio2 using 'Headphones (东淼的Beats Solo³ Stereo)' : 2 channels at 44.1 kHz using 16 bits per sample (channel mask 0x3)
[2019.11.01-09.57.58:570][710]LogInit: FAudioDevice initialized.
[2019.11.01-09.57.58:604][710]LogLoad: Game class is 'BP_TestGameMode_C'
[2019.11.01-09.57.58:606][710]LogWorld: Bringing World /Game/Maps/UEDPIE_0_MainMap.MainMap up for play (max tick rate 60) at 2019.11.01-17.57.58
[2019.11.01-09.57.58:607][710]LogWorld: Bringing up level for play took: 0.001283
[2019.11.01-09.57.58:609][710]PIE: Play in editor start time for /Game/Maps/UEDPIE_0_MainMap -0.629
[2019.11.01-09.58.00:692][833]LogTemp: Warning: Health Changed:80.0
[2019.11.01-09.58.01:109][858]LogTemp: Warning: Health Changed:60.0
[2019.11.01-09.58.01:693][893]LogTemp: Warning: Health Changed:40.0
[2019.11.01-09.58.03:726][ 15]LogTemp: Health Changed:40.0(+20.0)
[2019.11.01-09.58.07:276][228]LogSlate: FSceneViewport::OnFocusLost() reason 2
[2019.11.01-09.58.11:427][477]LogTemp: Health Changed:40.0(+20.0)
[2019.11.01-09.58.15:264][703]LogSlate: FSceneViewport::OnFocusLost() reason 0
[2019.11.01-09.58.27:241][396]BlueprintLog: New page: Compile BP_PowerUpHealth
[2019.11.01-09.58.27:249][396]LogUObjectGlobals: Destroyed PersistentFrame Addr=0x000001ac4b5298a0, Size=32
[2019.11.01-09.58.27:249][396]LogUObjectGlobals: Created PersistentFrame Addr=0x000001acade88740, Size=32, Default__BP_PowerUpHealth_C Function /Engine/Transient.REINST_BP_PowerUpHealth_C_31:ExecuteUbergraph_BP_PowerUpHealth
[2019.11.01-09.58.27:251][396]LogUObjectGlobals: Created PersistentFrame Addr=0x000001acade88c60, Size=32, Default__BP_PowerUpHealth_C Function /Game/Blueprints/BP_PowerUpHealth.BP_PowerUpHealth_C:ExecuteUbergraph_BP_PowerUpHealth
[2019.11.01-09.58.27:546][396]Cmd: OBJ SAVEPACKAGE PACKAGE="/Game/Blueprints/BP_PowerUpHealth" FILE="E:/UE projects/FPS_OL/UE4_FPS_Game/Shooter/Content/Blueprints/BP_PowerUpHealth.uasset" SILENT=true
[2019.11.01-09.58.27:577][396]LogSavePackage: Save=24.01ms
[2019.11.01-09.58.27:577][396]LogSavePackage: Moving 'E:/UE projects/FPS_OL/UE4_FPS_Game/Shooter/Saved/BP_PowerUpHealthD1D2D3484F31EE1AFE67BD9FCA7E7227.tmp' to 'E:/UE projects/FPS_OL/UE4_FPS_Game/Shooter/Content/Blueprints/BP_PowerUpHealth.uasset'
[2019.11.01-09.58.27:579][396]LogSavePackage: Display: Finished SavePackage E:/UE projects/FPS_OL/UE4_FPS_Game/Shooter/Content/Blueprints/BP_PowerUpHealth.uasset
[2019.11.01-09.58.29:031][479]LogSlate: Window 'BP_PowerUpHealth' being destroyed
[2019.11.01-09.58.30:280][549]LogTemp: Repeating last play command: Selected Viewport
[2019.11.01-09.58.30:299][549]LogPlayLevel: PlayLevel: No blueprints needed recompiling
[2019.11.01-09.58.30:299][549]PIE: New page: PIE session: MainMap (2 Nov 2019 01:58:30)
[2019.11.01-09.58.30:299][549]LogPlayLevel: Creating play world package: /Game/Maps/UEDPIE_0_MainMap
[2019.11.01-09.58.30:302][549]LogPlayLevel: PIE: StaticDuplicateObject took: (0.002557s)
[2019.11.01-09.58.30:303][549]LogAIModule: Creating AISystem for world MainMap
[2019.11.01-09.58.30:303][549]LogPlayLevel: PIE: World Init took: (0.001409s)
[2019.11.01-09.58.30:304][549]LogPlayLevel: PIE: Created PIE world by copying editor world from /Game/Maps/MainMap.MainMap to /Game/Maps/UEDPIE_0_MainMap.MainMap (0.004596s)
[2019.11.01-09.58.30:355][549]LogInit: XAudio2 using 'Headphones (东淼的Beats Solo³ Stereo)' : 2 channels at 44.1 kHz using 16 bits per sample (channel mask 0x3)
[2019.11.01-09.58.30:373][549]LogInit: FAudioDevice initialized.
[2019.11.01-09.58.30:404][549]LogLoad: Game class is 'BP_TestGameMode_C'
[2019.11.01-09.58.30:406][549]LogWorld: Bringing World /Game/Maps/UEDPIE_0_MainMap.MainMap up for play (max tick rate 60) at 2019.11.01-17.58.30
[2019.11.01-09.58.30:406][549]LogWorld: Bringing up level for play took: 0.001299
[2019.11.01-09.58.30:408][549]PIE: Play in editor start time for /Game/Maps/UEDPIE_0_MainMap -0.829
[2019.11.01-09.58.32:629][681]LogTemp: Health Changed:100.0(+20.0)
[2019.11.01-09.58.32:730][687]LogTemp: Warning: Health Changed:80.0
[2019.11.01-09.58.33:130][711]LogTemp: Health Changed:80.0(+20.0)
[2019.11.01-09.58.33:495][733]LogSlate: FSceneViewport::OnFocusLost() reason 2
[2019.11.01-09.58.33:631][741]LogTemp: Health Changed:80.0(+20.0)
[2019.11.01-09.58.34:130][771]LogTemp: Health Changed:80.0(+20.0)
[2019.11.01-09.58.34:730][807]LogTemp: Health Changed:80.0(+20.0)
[2019.11.01-09.58.35:896][877]LogTemp: Warning: Health Changed:60.0
[2019.11.01-09.58.37:312][962]LogTemp: Warning: Health Changed:40.0
[2019.11.01-09.58.40:830][173]LogTemp: Health Changed:40.0(+20.0)
[2019.11.01-09.58.41:329][203]LogTemp: Health Changed:40.0(+20.0)
[2019.11.01-09.58.41:830][233]LogTemp: Health Changed:40.0(+20.0)
[2019.11.01-09.58.42:330][263]LogTemp: Health Changed:40.0(+20.0)
[2019.11.01-09.58.42:830][293]LogTemp: Health Changed:40.0(+20.0)
[2019.11.01-09.58.55:496][ 48]LogSlate: FSceneViewport::OnFocusLost() reason 0
[2019.11.01-09.59.37:362][280]LogTemp: Repeating last play command: Selected Viewport
[2019.11.01-09.59.37:379][280]LogPlayLevel: PlayLevel: No blueprints needed recompiling
[2019.11.01-09.59.37:380][280]PIE: New page: PIE session: MainMap (2 Nov 2019 01:59:37)
[2019.11.01-09.59.37:380][280]LogPlayLevel: Creating play world package: /Game/Maps/UEDPIE_0_MainMap
[2019.11.01-09.59.37:383][280]LogPlayLevel: PIE: StaticDuplicateObject took: (0.002801s)
[2019.11.01-09.59.37:384][280]LogAIModule: Creating AISystem for world MainMap
[2019.11.01-09.59.37:385][280]LogPlayLevel: PIE: World Init took: (0.001905s)
[2019.11.01-09.59.37:385][280]LogPlayLevel: PIE: Created PIE world by copying editor world from /Game/Maps/MainMap.MainMap to /Game/Maps/UEDPIE_0_MainMap.MainMap (0.005466s)
[2019.11.01-09.59.37:448][280]LogInit: XAudio2 using 'Headphones (东淼的Beats Solo³ Stereo)' : 2 channels at 44.1 kHz using 16 bits per sample (channel mask 0x3)
[2019.11.01-09.59.37:467][280]LogInit: FAudioDevice initialized.
[2019.11.01-09.59.37:502][280]LogLoad: Game class is 'BP_TestGameMode_C'
[2019.11.01-09.59.37:504][280]LogWorld: Bringing World /Game/Maps/UEDPIE_0_MainMap.MainMap up for play (max tick rate 60) at 2019.11.01-17.59.37
[2019.11.01-09.59.37:505][280]LogWorld: Bringing up level for play took: 0.001577
[2019.11.01-09.59.37:507][280]PIE: Play in editor start time for /Game/Maps/UEDPIE_0_MainMap 0.269
[2019.11.01-09.59.39:856][419]LogTemp: Warning: Health Changed:80.0
[2019.11.01-09.59.42:657][587]LogTemp: Warning: Health Changed:60.0
[2019.11.01-09.59.44:223][681]LogTemp: Warning: Health Changed:40.0
[2019.11.01-09.59.44:907][722]LogTemp: Warning: Health Changed:20.0
[2019.11.01-09.59.45:224][741]LogTemp: Warning: Health Changed:0.0
[2019.11.01-09.59.47:182][854]LogSlate: FSceneViewport::OnFocusLost() reason 0
[2019.11.01-09.59.47:232][857]LogTemp: Repeating last play command: Selected Viewport
[2019.11.01-09.59.47:249][857]LogPlayLevel: PlayLevel: No blueprints needed recompiling
[2019.11.01-09.59.47:249][857]PIE: New page: PIE session: MainMap (2 Nov 2019 01:59:47)
[2019.11.01-09.59.47:249][857]LogPlayLevel: Creating play world package: /Game/Maps/UEDPIE_0_MainMap
[2019.11.01-09.59.47:253][857]LogPlayLevel: PIE: StaticDuplicateObject took: (0.003206s)
[2019.11.01-09.59.47:254][857]LogAIModule: Creating AISystem for world MainMap
[2019.11.01-09.59.47:254][857]LogPlayLevel: PIE: World Init took: (0.001006s)
[2019.11.01-09.59.47:254][857]LogPlayLevel: PIE: Created PIE world by copying editor world from /Game/Maps/MainMap.MainMap to /Game/Maps/UEDPIE_0_MainMap.MainMap (0.004972s)
[2019.11.01-09.59.47:315][857]LogInit: XAudio2 using 'Headphones (东淼的Beats Solo³ Stereo)' : 2 channels at 44.1 kHz using 16 bits per sample (channel mask 0x3)
[2019.11.01-09.59.47:333][857]LogInit: FAudioDevice initialized.
[2019.11.01-09.59.47:369][857]LogLoad: Game class is 'BP_TestGameMode_C'
[2019.11.01-09.59.47:372][857]LogWorld: Bringing World /Game/Maps/UEDPIE_0_MainMap.MainMap up for play (max tick rate 60) at 2019.11.01-17.59.47
[2019.11.01-09.59.47:373][857]LogWorld: Bringing up level for play took: 0.002748
[2019.11.01-09.59.47:376][857]PIE: Play in editor start time for /Game/Maps/UEDPIE_0_MainMap 0.139
[2019.11.01-09.59.50:106][ 19]LogTemp: Warning: Health Changed:80.0
[2019.11.01-09.59.51:106][ 79]LogTemp: Warning: Health Changed:60.0
[2019.11.01-09.59.55:073][317]LogTemp: Health Changed:60.0(+20.0)
[2019.11.01-09.59.55:574][347]LogTemp: Health Changed:60.0(+20.0)
[2019.11.01-09.59.56:074][377]LogTemp: Health Changed:60.0(+20.0)
[2019.11.01-09.59.56:573][407]LogTemp: Health Changed:60.0(+20.0)
[2019.11.01-09.59.57:074][437]LogTemp: Health Changed:60.0(+20.0)
[2019.11.01-10.00.02:373][751]LogSlate: FSceneViewport::OnFocusLost() reason 0
[2019.11.01-10.00.48:719][267]Candidate modules for hot reload:
[2019.11.01-10.00.48:719][267]  Shooter
[2019.11.01-10.00.48:719][267]Launching UnrealBuildTool... [C:/Program Files/Epic Games/UE_4.19/Engine/Binaries/DotNET/UnrealBuildTool.exe Shooter -ModuleWithSuffix=Shooter,9824 Win64 Development -editorrecompile -canskiplink "E:/UE projects/FPS_OL/UE4_FPS_Game/Shooter/Shooter.uproject" ]
[2019.11.01-10.00.48:728][267]Warning: Starting HotReload took  0.0s.
[2019.11.01-10.00.50:268][360]CompilerResultsLog: New page: Compilation - 2 Nov 2019 02:00:50
[2019.11.01-10.00.50:268][360]CompilerResultsLog: Using 'git status' to determine working set for adaptive non-unity build.
[2019.11.01-10.00.50:268][360]CompilerResultsLog: Compiling game modules for hot reload
[2019.11.01-10.00.50:268][360]CompilerResultsLog: Target is up to date
[2019.11.01-10.00.50:269][360]CompilerResultsLog: Total build time: 1.26 seconds (NoActionsToExecute executor: 0.00 seconds)
[2019.11.01-10.00.50:269][360]LogMainFrame: MainFrame: Module compiling took 1.555 seconds
[2019.11.01-10.00.50:548][360]LogContentBrowser: Native class hierarchy populated in 0.0112 seconds. Added 2461 classes and 565 folders.
[2019.11.01-10.00.50:548][360]Display: HotReload took  1.8s.
[2019.11.01-10.00.58:101][813]LogActorComponent: UnregisterComponent: (/Engine/Transient.EditorFloorComp) Not registered. Aborting.
[2019.11.01-10.00.58:726][847]LogActorComponent: UnregisterComponent: (/Engine/Transient.EditorFloorComp) Not registered. Aborting.
[2019.11.01-10.01.24:511][355]LogSlate: Window 'BP_PowerUpHealth' being destroyed
[2019.11.01-10.01.25:512][410]LogTemp: Repeating last play command: Selected Viewport
[2019.11.01-10.01.25:527][410]LogPlayLevel: PlayLevel: No blueprints needed recompiling
[2019.11.01-10.01.25:527][410]PIE: New page: PIE session: MainMap (2 Nov 2019 02:01:25)
[2019.11.01-10.01.25:527][410]LogPlayLevel: Creating play world package: /Game/Maps/UEDPIE_0_MainMap
[2019.11.01-10.01.25:531][410]LogPlayLevel: PIE: StaticDuplicateObject took: (0.003115s)
[2019.11.01-10.01.25:532][410]LogAIModule: Creating AISystem for world MainMap
[2019.11.01-10.01.25:532][410]LogPlayLevel: PIE: World Init took: (0.001415s)
[2019.11.01-10.01.25:532][410]LogPlayLevel: PIE: Created PIE world by copying editor world from /Game/Maps/MainMap.MainMap to /Game/Maps/UEDPIE_0_MainMap.MainMap (0.005054s)
[2019.11.01-10.01.25:619][410]LogInit: XAudio2 using 'Headphones (东淼的Beats Solo³ Stereo)' : 2 channels at 44.1 kHz using 16 bits per sample (channel mask 0x3)
[2019.11.01-10.01.25:635][410]LogInit: FAudioDevice initialized.
[2019.11.01-10.01.25:667][410]LogLoad: Game class is 'BP_TestGameMode_C'
[2019.11.01-10.01.25:669][410]LogWorld: Bringing World /Game/Maps/UEDPIE_0_MainMap.MainMap up for play (max tick rate 60) at 2019.11.01-18.01.25
[2019.11.01-10.01.25:670][410]LogWorld: Bringing up level for play took: 0.001462
[2019.11.01-10.01.25:672][410]PIE: Play in editor start time for /Game/Maps/UEDPIE_0_MainMap 0.435
[2019.11.01-10.01.27:505][518]LogTemp: Warning: Health Changed:80.0
[2019.11.01-10.01.28:989][607]LogSlate: FSceneViewport::OnFocusLost() reason 2
[2019.11.01-10.01.32:457][815]LogTemp: Warning: Health Changed:60.0
[2019.11.01-10.01.35:090][973]LogTemp: Health Changed:60.0(+20.0)
[2019.11.01-10.01.35:591][  3]LogTemp: Health Changed:60.0(+20.0)
[2019.11.01-10.01.36:091][ 33]LogTemp: Health Changed:60.0(+20.0)
[2019.11.01-10.01.36:591][ 63]LogTemp: Health Changed:60.0(+20.0)
[2019.11.01-10.01.37:091][ 93]LogTemp: Health Changed:60.0(+20.0)
[2019.11.01-10.01.44:580][536]LogSlate: FSceneViewport::OnFocusLost() reason 0
[2019.11.01-10.05.11:065][449]LogSlate: Window 'BP_PowerUpHealth' being destroyed
[2019.11.01-10.05.11:796][488]LogTemp: Repeating last play command: Selected Viewport
[2019.11.01-10.05.11:811][488]LogPlayLevel: PlayLevel: No blueprints needed recompiling
[2019.11.01-10.05.11:811][488]PIE: New page: PIE session: MainMap (2 Nov 2019 02:05:11)
[2019.11.01-10.05.11:811][488]LogPlayLevel: Creating play world package: /Game/Maps/UEDPIE_0_MainMap
[2019.11.01-10.05.11:815][488]LogPlayLevel: PIE: StaticDuplicateObject took: (0.002878s)
[2019.11.01-10.05.11:816][488]LogAIModule: Creating AISystem for world MainMap
[2019.11.01-10.05.11:816][488]LogPlayLevel: PIE: World Init took: (0.001155s)
[2019.11.01-10.05.11:816][488]LogPlayLevel: PIE: Created PIE world by copying editor world from /Game/Maps/MainMap.MainMap to /Game/Maps/UEDPIE_0_MainMap.MainMap (0.004645s)
[2019.11.01-10.05.11:866][488]LogInit: XAudio2 using 'Headphones (东淼的Beats Solo³ Stereo)' : 2 channels at 44.1 kHz using 16 bits per sample (channel mask 0x3)
[2019.11.01-10.05.11:885][488]LogInit: FAudioDevice initialized.
[2019.11.01-10.05.11:920][488]LogLoad: Game class is 'BP_TestGameMode_C'
[2019.11.01-10.05.11:922][488]LogWorld: Bringing World /Game/Maps/UEDPIE_0_MainMap.MainMap up for play (max tick rate 60) at 2019.11.01-18.05.11
[2019.11.01-10.05.11:922][488]LogWorld: Bringing up level for play took: 0.001266
[2019.11.01-10.05.11:925][488]PIE: Play in editor start time for /Game/Maps/UEDPIE_0_MainMap 0.687
[2019.11.01-10.05.13:829][601]LogTemp: Health Changed:100.0(+20.0)
[2019.11.01-10.05.14:329][631]LogTemp: Health Changed:100.0(+20.0)
[2019.11.01-10.05.14:378][634]LogSlate: FSceneViewport::OnFocusLost() reason 2
[2019.11.01-10.05.14:829][661]LogTemp: Health Changed:100.0(+20.0)
[2019.11.01-10.05.15:447][698]LogTemp: Health Changed:100.0(+20.0)
[2019.11.01-10.05.15:946][728]LogTemp: Health Changed:100.0(+20.0)
[2019.11.01-10.05.57:940][850]LogVSAccessor: Warning: Couldn't goto line number '1' in 'E:/UE projects/FPS_OL/UE4_FPS_Game/Shooter/Source/Shooter/Public/SPowerUpActor.h'
[2019.11.01-10.06.56:054][192]Candidate modules for hot reload:
[2019.11.01-10.06.56:054][192]  Shooter
[2019.11.01-10.06.56:054][192]Launching UnrealBuildTool... [C:/Program Files/Epic Games/UE_4.19/Engine/Binaries/DotNET/UnrealBuildTool.exe Shooter -ModuleWithSuffix=Shooter,4127 Win64 Development -editorrecompile -canskiplink "E:/UE projects/FPS_OL/UE4_FPS_Game/Shooter/Shooter.uproject" ]
[2019.11.01-10.06.56:063][192]Warning: Starting HotReload took  0.0s.
[2019.11.01-10.06.59:849][420]CompilerResultsLog: New page: Compilation - 2 Nov 2019 02:06:59
[2019.11.01-10.06.59:850][420]CompilerResultsLog: Using 'git status' to determine working set for adaptive non-unity build.
[2019.11.01-10.06.59:850][420]CompilerResultsLog: Compiling game modules for hot reload
[2019.11.01-10.06.59:850][420]CompilerResultsLog: Performing 3 actions (4 in parallel)
[2019.11.01-10.06.59:850][420]CompilerResultsLog: SPowerUpActor.cpp
[2019.11.01-10.06.59:850][420]CompilerResultsLog: [2/3] Link UE4Editor-Shooter-4127.dll
[2019.11.01-10.06.59:851][420]CompilerResultsLog: [3/3] Link UE4Editor-Shooter-4127.lib
[2019.11.01-10.06.59:851][420]CompilerResultsLog:    Creating library E:\UE projects\FPS_OL\UE4_FPS_Game\Shooter\Intermediate\Build\Win64\UE4Editor\Development\UE4Editor-Shooter-4127.lib and object E:\UE projects\FPS_OL\UE4_FPS_Game\Shooter\Intermediate\Build\Win64\UE4Editor\Development\UE4Editor-Shooter-4127.exp
[2019.11.01-10.06.59:851][420]CompilerResultsLog:    Creating library E:\UE projects\FPS_OL\UE4_FPS_Game\Shooter\Intermediate\Build\Win64\UE4Editor\Development\UE4Editor-Shooter-4127.suppressed.lib and object E:\UE projects\FPS_OL\UE4_FPS_Game\Shooter\Intermediate\Build\Win64\UE4Editor\Development\UE4Editor-Shooter-4127.suppressed.exp
[2019.11.01-10.06.59:852][420]CompilerResultsLog: Total build time: 3.52 seconds (Local executor: 2.13 seconds)
[2019.11.01-10.06.59:852][420]LogMainFrame: MainFrame: Module compiling took 3.805 seconds
[2019.11.01-10.06.59:887][420]LogClass: HitScanTrace HotReload.
[2019.11.01-10.06.59:891][420]LogHotReload: Re-instancing SPickUpActor after hot-reload.
[2019.11.01-10.07.00:120][420]LogHotReload: Re-instancing STracker after hot-reload.
[2019.11.01-10.07.00:196][420]LogContentBrowser: Native class hierarchy updated for 'Shooter' in 0.0021 seconds. Added 8 classes and 5 folders.
[2019.11.01-10.07.00:199][420]Display: HotReload successful (11 functions remapped  1 scriptstructs remapped)
[2019.11.01-10.07.00:562][420]LogContentBrowser: Native class hierarchy populated in 0.0106 seconds. Added 2461 classes and 565 folders.
[2019.11.01-10.07.00:563][420]Display: HotReload took  4.5s.
[2019.11.01-10.07.04:347][647]LogTemp: Repeating last play command: Selected Viewport
[2019.11.01-10.07.04:365][647]LogPlayLevel: PlayLevel: No blueprints needed recompiling
[2019.11.01-10.07.04:366][647]PIE: New page: PIE session: MainMap (2 Nov 2019 02:07:04)
[2019.11.01-10.07.04:366][647]LogPlayLevel: Creating play world package: /Game/Maps/UEDPIE_0_MainMap
[2019.11.01-10.07.04:369][647]LogPlayLevel: PIE: StaticDuplicateObject took: (0.002867s)
[2019.11.01-10.07.04:371][647]LogAIModule: Creating AISystem for world MainMap
[2019.11.01-10.07.04:371][647]LogPlayLevel: PIE: World Init took: (0.002124s)
[2019.11.01-10.07.04:372][647]LogPlayLevel: PIE: Created PIE world by copying editor world from /Game/Maps/MainMap.MainMap to /Game/Maps/UEDPIE_0_MainMap.MainMap (0.005767s)
[2019.11.01-10.07.04:461][647]LogInit: XAudio2 using 'Headphones (东淼的Beats Solo³ Stereo)' : 2 channels at 44.1 kHz using 16 bits per sample (channel mask 0x3)
[2019.11.01-10.07.04:481][647]LogInit: FAudioDevice initialized.
[2019.11.01-10.07.04:514][647]LogLoad: Game class is 'BP_TestGameMode_C'
[2019.11.01-10.07.04:516][647]LogWorld: Bringing World /Game/Maps/UEDPIE_0_MainMap.MainMap up for play (max tick rate 60) at 2019.11.01-18.07.04
[2019.11.01-10.07.04:517][647]LogWorld: Bringing up level for play took: 0.001373
[2019.11.01-10.07.04:519][647]PIE: Play in editor start time for /Game/Maps/UEDPIE_0_MainMap -0.719
[2019.11.01-10.07.06:431][760]LogTemp: Warning: Health Changed:80.0
[2019.11.01-10.07.06:947][791]LogSlate: FSceneViewport::OnFocusLost() reason 2
[2019.11.01-10.07.07:433][820]LogTemp: Warning: Health Changed:60.0
[2019.11.01-10.07.09:474][852]LogSlate: Window 'Save Content' being destroyed
[2019.11.01-10.07.09:713][866]LogTemp: Warning: Health Changed:40.0
[2019.11.01-10.07.10:763][929]LogTemp: Warning: Health Changed:20.0
[2019.11.01-10.07.11:768][989]LogTemp: Warning: Health Changed:0.0
[2019.11.01-10.07.13:565][ 94]LogTemp: Repeating last play command: Selected Viewport
[2019.11.01-10.07.13:580][ 94]LogPlayLevel: PlayLevel: No blueprints needed recompiling
[2019.11.01-10.07.13:581][ 94]PIE: New page: PIE session: MainMap (2 Nov 2019 02:07:13)
[2019.11.01-10.07.13:581][ 94]LogPlayLevel: Creating play world package: /Game/Maps/UEDPIE_0_MainMap
[2019.11.01-10.07.13:584][ 94]LogPlayLevel: PIE: StaticDuplicateObject took: (0.002841s)
[2019.11.01-10.07.13:584][ 94]LogAIModule: Creating AISystem for world MainMap
[2019.11.01-10.07.13:585][ 94]LogPlayLevel: PIE: World Init took: (0.001303s)
[2019.11.01-10.07.13:585][ 94]LogPlayLevel: PIE: Created PIE world by copying editor world from /Game/Maps/MainMap.MainMap to /Game/Maps/UEDPIE_0_MainMap.MainMap (0.004700s)
[2019.11.01-10.07.13:646][ 94]LogInit: XAudio2 using 'Headphones (东淼的Beats Solo³ Stereo)' : 2 channels at 44.1 kHz using 16 bits per sample (channel mask 0x3)
[2019.11.01-10.07.13:664][ 94]LogInit: FAudioDevice initialized.
[2019.11.01-10.07.13:699][ 94]LogLoad: Game class is 'BP_TestGameMode_C'
[2019.11.01-10.07.13:701][ 94]LogWorld: Bringing World /Game/Maps/UEDPIE_0_MainMap.MainMap up for play (max tick rate 60) at 2019.11.01-18.07.13
[2019.11.01-10.07.13:701][ 94]LogWorld: Bringing up level for play took: 0.001806
[2019.11.01-10.07.13:706][ 94]PIE: Play in editor start time for /Game/Maps/UEDPIE_0_MainMap 0.468
[2019.11.01-10.07.15:698][212]LogTemp: Warning: Health Changed:80.0
[2019.11.01-10.07.17:882][343]LogSlate: FSceneViewport::OnFocusLost() reason 2
[2019.11.01-10.07.21:982][589]LogTemp: Warning: Health Changed:60.0
[2019.11.01-10.07.22:599][626]LogTemp: Warning: Health Changed:40.0
[2019.11.01-10.07.24:065][714]LogTemp: Warning: Health Changed:20.0
[2019.11.01-10.07.28:150][959]LogTemp: Health Changed:20.0(+20.0)
[2019.11.01-10.07.28:651][989]LogTemp: Health Changed:20.0(+20.0)
[2019.11.01-10.07.29:150][ 19]LogTemp: Health Changed:20.0(+20.0)
[2019.11.01-10.07.29:650][ 49]LogTemp: Health Changed:20.0(+20.0)
[2019.11.01-10.10.11:375][911]Cmd: OBJ SAVEPACKAGE PACKAGE="/Game/Maps/MainMap" FILE="E:/UE projects/FPS_OL/UE4_FPS_Game/Shooter/Saved/Autosaves/Game/Maps/MainMap_Auto1.umap" SILENT=true AUTOSAVING=true KEEPDIRTY=false
[2019.11.01-10.10.11:415][911]LogSavePackage: Save=33.49ms
[2019.11.01-10.10.11:415][911]LogSavePackage: Moving 'E:/UE projects/FPS_OL/UE4_FPS_Game/Shooter/Saved/MainMap_Auto17F7F023B4CC094FD07F77C85F0413972.tmp' to 'E:/UE projects/FPS_OL/UE4_FPS_Game/Shooter/Saved/Autosaves/Game/Maps/MainMap_Auto1.umap'
[2019.11.01-10.10.11:417][911]LogSavePackage: Display: Finished SavePackage E:/UE projects/FPS_OL/UE4_FPS_Game/Shooter/Saved/Autosaves/Game/Maps/MainMap_Auto1.umap
[2019.11.01-10.10.11:419][911]LogFileHelpers: Editor autosave (incl. sublevels) for '/Game/Maps/MainMap' took 0.063
[2019.11.01-10.10.11:419][911]LogFileHelpers: Editor autosave (incl. sublevels) for all levels took 0.063
[2019.11.01-10.10.13:668][918]LogSlate: FSceneViewport::OnFocusLost() reason 2
[2019.11.01-10.23.36:812][  7]LogTemp: Repeating last play command: Selected Viewport
[2019.11.01-10.23.36:829][  7]LogPlayLevel: PlayLevel: No blueprints needed recompiling
[2019.11.01-10.23.36:829][  7]PIE: New page: PIE session: MainMap (2 Nov 2019 02:23:36)
[2019.11.01-10.23.36:829][  7]LogPlayLevel: Creating play world package: /Game/Maps/UEDPIE_0_MainMap
[2019.11.01-10.23.36:834][  7]LogPlayLevel: PIE: StaticDuplicateObject took: (0.004095s)
[2019.11.01-10.23.36:835][  7]LogAIModule: Creating AISystem for world MainMap
[2019.11.01-10.23.36:836][  7]LogPlayLevel: PIE: World Init took: (0.001574s)
[2019.11.01-10.23.36:836][  7]LogPlayLevel: PIE: Created PIE world by copying editor world from /Game/Maps/MainMap.MainMap to /Game/Maps/UEDPIE_0_MainMap.MainMap (0.006663s)
[2019.11.01-10.23.36:890][  7]LogInit: XAudio2 using 'Headphones (东淼的Beats Solo³ Stereo)' : 2 channels at 44.1 kHz using 16 bits per sample (channel mask 0x3)
[2019.11.01-10.23.36:908][  7]LogInit: FAudioDevice initialized.
[2019.11.01-10.23.36:944][  7]LogLoad: Game class is 'BP_TestGameMode_C'
[2019.11.01-10.23.36:946][  7]LogWorld: Bringing World /Game/Maps/UEDPIE_0_MainMap.MainMap up for play (max tick rate 60) at 2019.11.01-18.23.36
[2019.11.01-10.23.36:947][  7]LogWorld: Bringing up level for play took: 0.001460
[2019.11.01-10.23.36:949][  7]PIE: Play in editor start time for /Game/Maps/UEDPIE_0_MainMap -0.288
[2019.11.01-10.23.39:703][170]LogTemp: Warning: Health Changed:80.0
[2019.11.01-10.23.40:320][207]LogTemp: Warning: Health Changed:60.0
[2019.11.01-10.23.40:686][229]LogTemp: Warning: Health Changed:40.0
[2019.11.01-10.23.40:704][230]LogTemp: Warning: Health Changed:20.0
